# JRE version: OpenJDK Runtime Environment (7.0_91-b02) (build 1.7.0_91-b02)
# Java VM: OpenJDK 64-Bit Server VM (24.91-b01 mixed mode linux-amd64 compressed oops)
Heap
 PSYoungGen      total 620032K, used 0K [0x00000007d5500000, 0x0000000800000000, 0x0000000800000000)
  eden space 540672K, 0% used [0x00000007d5500000,0x00000007d5500000,0x00000007f6500000)
  from space 79360K, 0% used [0x00000007f6500000,0x00000007f6500000,0x00000007fb280000)
  to   space 79360K, 87% used [0x00000007fb280000,0x00000007ff617008,0x0000000800000000)
 ParOldGen       total 287232K, used 287165K [0x0000000780000000, 0x0000000791880000, 0x00000007d5500000)
  object space 287232K, 99% used [0x0000000780000000,0x000000079186f5e0,0x0000000791880000)
 PSPermGen       total 107008K, used 58333K [0x0000000775a00000, 0x000000077c280000, 0x0000000780000000)
  object space 107008K, 54% used [0x0000000775a00000,0x00000007792f7590,0x000000077c280000)
GC Heap History (10 events):
Event: 42.936 GC heap after
Heap after GC invocations=25 (full 4):
 PSYoungGen      total 575488K, used 57056K [0x00000007d5500000, 0x0000000800000000, 0x0000000800000000)
  eden space 503296K, 0% used [0x00000007d5500000,0x00000007d5500000,0x00000007f4080000)
  from space 72192K, 79% used [0x00000007f4080000,0x00000007f7838060,0x00000007f8700000)
  to   space 78848K, 0% used [0x00000007fb300000,0x00000007fb300000,0x0000000800000000)
 ParOldGen       total 264192K, used 209994K [0x0000000780000000, 0x0000000790200000, 0x00000007d5500000)
  object space 264192K, 79% used [0x0000000780000000,0x000000078cd129c0,0x0000000790200000)
 PSPermGen       total 110592K, used 58264K [0x0000000775a00000, 0x000000077c600000, 0x0000000780000000)
  object space 110592K, 52% used [0x0000000775a00000,0x00000007792e6250,0x000000077c600000)
}
Event: 44.359 GC heap before
{Heap before GC invocations=26 (full 4):
 PSYoungGen      total 575488K, used 560352K [0x00000007d5500000, 0x0000000800000000, 0x0000000800000000)
  eden space 503296K, 100% used [0x00000007d5500000,0x00000007f4080000,0x00000007f4080000)
  from space 72192K, 79% used [0x00000007f4080000,0x00000007f7838060,0x00000007f8700000)
  to   space 78848K, 0% used [0x00000007fb300000,0x00000007fb300000,0x0000000800000000)
 ParOldGen       total 264192K, used 209994K [0x0000000780000000, 0x0000000790200000, 0x00000007d5500000)
  object space 264192K, 79% used [0x0000000780000000,0x000000078cd129c0,0x0000000790200000)
 PSPermGen       total 110592K, used 58312K [0x0000000775a00000, 0x000000077c600000, 0x0000000780000000)
  object space 110592K, 52% used [0x0000000775a00000,0x00000007792f21f8,0x000000077c600000)
Event: 44.583 GC heap after
Heap after GC invocations=26 (full 4):
 PSYoungGen      total 619520K, used 44484K [0x00000007d5500000, 0x0000000800000000, 0x0000000800000000)
  eden space 540672K, 0% used [0x00000007d5500000,0x00000007d5500000,0x00000007f6500000)
  from space 78848K, 56% used [0x00000007fb300000,0x00000007fde71118,0x0000000800000000)
  to   space 79360K, 0% used [0x00000007f6500000,0x00000007f6500000,0x00000007fb280000)
 ParOldGen       total 264192K, used 228169K [0x0000000780000000, 0x0000000790200000, 0x00000007d5500000)
  object space 264192K, 86% used [0x0000000780000000,0x000000078ded26f8,0x0000000790200000)
 PSPermGen       total 110592K, used 58312K [0x0000000775a00000, 0x000000077c600000, 0x0000000780000000)
  object space 110592K, 52% used [0x0000000775a00000,0x00000007792f21f8,0x000000077c600000)
}
Event: 44.595 GC heap before
{Heap before GC invocations=27 (full 5):
 PSYoungGen      total 619520K, used 44484K [0x00000007d5500000, 0x0000000800000000, 0x0000000800000000)
  eden space 540672K, 0% used [0x00000007d5500000,0x00000007d5500000,0x00000007f6500000)
  from space 78848K, 56% used [0x00000007fb300000,0x00000007fde71118,0x0000000800000000)
  to   space 79360K, 0% used [0x00000007f6500000,0x00000007f6500000,0x00000007fb280000)
 ParOldGen       total 264192K, used 228169K [0x0000000780000000, 0x0000000790200000, 0x00000007d5500000)
  object space 264192K, 86% used [0x0000000780000000,0x000000078ded26f8,0x0000000790200000)
 PSPermGen       total 110592K, used 58312K [0x0000000775a00000, 0x000000077c600000, 0x0000000780000000)
  object space 110592K, 52% used [0x0000000775a00000,0x00000007792f21f8,0x000000077c600000)
Event: 45.121 GC heap after
Heap after GC invocations=27 (full 5):
 PSYoungGen      total 619520K, used 0K [0x00000007d5500000, 0x0000000800000000, 0x0000000800000000)
  eden space 540672K, 0% used [0x00000007d5500000,0x00000007d5500000,0x00000007f6500000)
  from space 78848K, 0% used [0x00000007fb300000,0x00000007fb300000,0x0000000800000000)
  to   space 79360K, 0% used [0x00000007f6500000,0x00000007f6500000,0x00000007fb280000)
 ParOldGen       total 220672K, used 118551K [0x0000000780000000, 0x000000078d780000, 0x00000007d5500000)
  object space 220672K, 53% used [0x0000000780000000,0x00000007873c5d80,0x000000078d780000)
 PSPermGen       total 107008K, used 58310K [0x0000000775a00000, 0x000000077c280000, 0x0000000780000000)
  object space 107008K, 54% used [0x0000000775a00000,0x00000007792f1a38,0x000000077c280000)
}
Event: 47.226 GC heap before
{Heap before GC invocations=28 (full 5):
 PSYoungGen      total 619520K, used 540672K [0x00000007d5500000, 0x0000000800000000, 0x0000000800000000)
  eden space 540672K, 100% used [0x00000007d5500000,0x00000007f6500000,0x00000007f6500000)
  from space 78848K, 0% used [0x00000007fb300000,0x00000007fb300000,0x0000000800000000)
  to   space 79360K, 0% used [0x00000007f6500000,0x00000007f6500000,0x00000007fb280000)
 ParOldGen       total 220672K, used 118551K [0x0000000780000000, 0x000000078d780000, 0x00000007d5500000)
  object space 220672K, 53% used [0x0000000780000000,0x00000007873c5d80,0x000000078d780000)
 PSPermGen       total 107008K, used 58330K [0x0000000775a00000, 0x000000077c280000, 0x0000000780000000)
  object space 107008K, 54% used [0x0000000775a00000,0x00000007792f6bb0,0x000000077c280000)
Event: 47.344 GC heap after
Heap after GC invocations=28 (full 5):
 PSYoungGen      total 620032K, used 79357K [0x00000007d5500000, 0x0000000800000000, 0x0000000800000000)
  eden space 540672K, 0% used [0x00000007d5500000,0x00000007d5500000,0x00000007f6500000)
  from space 79360K, 99% used [0x00000007f6500000,0x00000007fb27f648,0x00000007fb280000)
  to   space 79360K, 0% used [0x00000007fb280000,0x00000007fb280000,0x0000000800000000)
 ParOldGen       total 220672K, used 148745K [0x0000000780000000, 0x000000078d780000, 0x00000007d5500000)
  object space 220672K, 67% used [0x0000000780000000,0x00000007891424c8,0x000000078d780000)
 PSPermGen       total 107008K, used 58330K [0x0000000775a00000, 0x000000077c280000, 0x0000000780000000)
  object space 107008K, 54% used [0x0000000775a00000,0x00000007792f6bb0,0x000000077c280000)
}
Event: 48.455 GC heap before
{Heap before GC invocations=29 (full 5):
 PSYoungGen      total 620032K, used 620029K [0x00000007d5500000, 0x0000000800000000, 0x0000000800000000)
  eden space 540672K, 100% used [0x00000007d5500000,0x00000007f6500000,0x00000007f6500000)
  from space 79360K, 99% used [0x00000007f6500000,0x00000007fb27f648,0x00000007fb280000)
  to   space 79360K, 0% used [0x00000007fb280000,0x00000007fb280000,0x0000000800000000)
 ParOldGen       total 220672K, used 148745K [0x0000000780000000, 0x000000078d780000, 0x00000007d5500000)
  object space 220672K, 67% used [0x0000000780000000,0x00000007891424c8,0x000000078d780000)
 PSPermGen       total 107008K, used 58334K [0x0000000775a00000, 0x000000077c280000, 0x0000000780000000)
  object space 107008K, 54% used [0x0000000775a00000,0x00000007792f7810,0x000000077c280000)
Event: 49.281 GC heap after
Heap after GC invocations=29 (full 5):
 PSYoungGen      total 620032K, used 620029K [0x00000007d5500000, 0x0000000800000000, 0x0000000800000000)
  eden space 540672K, 100% used [0x00000007d5500000,0x00000007f6500000,0x00000007f6500000)
  from space 79360K, 99% used [0x00000007f6500000,0x00000007fb27f648,0x00000007fb280000)
  to   space 79360K, 99% used [0x00000007fb280000,0x00000007ffffe4b8,0x0000000800000000)
 ParOldGen       total 287232K, used 286809K [0x0000000780000000, 0x0000000791880000, 0x00000007d5500000)
  object space 287232K, 99% used [0x0000000780000000,0x0000000791816690,0x0000000791880000)
 PSPermGen       total 107008K, used 58334K [0x0000000775a00000, 0x000000077c280000, 0x0000000780000000)
  object space 107008K, 54% used [0x0000000775a00000,0x00000007792f7810,0x000000077c280000)
}
Event: 49.281 GC heap before
{Heap before GC invocations=30 (full 6):
 PSYoungGen      total 620032K, used 620029K [0x00000007d5500000, 0x0000000800000000, 0x0000000800000000)
  eden space 540672K, 100% used [0x00000007d5500000,0x00000007f6500000,0x00000007f6500000)
  from space 79360K, 99% used [0x00000007f6500000,0x00000007fb27f648,0x00000007fb280000)
  to   space 79360K, 99% used [0x00000007fb280000,0x00000007ffffe4b8,0x0000000800000000)
 ParOldGen       total 287232K, used 286809K [0x0000000780000000, 0x0000000791880000, 0x00000007d5500000)
  object space 287232K, 99% used [0x0000000780000000,0x0000000791816690,0x0000000791880000)
 PSPermGen       total 107008K, used 58334K [0x0000000775a00000, 0x000000077c280000, 0x0000000780000000)
  object space 107008K, 54% used [0x0000000775a00000,0x00000007792f7810,0x000000077c280000)

