# JRE version: OpenJDK Runtime Environment (7.0_91-b02) (build 1.7.0_91-b02)
# Java VM: OpenJDK 64-Bit Server VM (24.91-b01 mixed mode linux-amd64 compressed oops)
Heap
 PSYoungGen      total 524800K, used 0K [0x00000007d5500000, 0x00000007ffe00000, 0x0000000800000000)
  eden space 351232K, 0% used [0x00000007d5500000,0x00000007d5500000,0x00000007eac00000)
  from space 173568K, 0% used [0x00000007eac00000,0x00000007eac00000,0x00000007f5580000)
  to   space 165888K, 0% used [0x00000007f5c00000,0x00000007f5c00000,0x00000007ffe00000)
 ParOldGen       total 620032K, used 439791K [0x0000000780000000, 0x00000007a5d80000, 0x00000007d5500000)
  object space 620032K, 70% used [0x0000000780000000,0x000000079ad7bd00,0x00000007a5d80000)
 PSPermGen       total 69632K, used 61461K [0x0000000775a00000, 0x0000000779e00000, 0x0000000780000000)
  object space 69632K, 88% used [0x0000000775a00000,0x0000000779605508,0x0000000779e00000)
GC Heap History (10 events):
Event: 3937.399 GC heap after
Heap after GC invocations=104 (full 18):
 PSYoungGen      total 509440K, used 0K [0x00000007d5500000, 0x00000007ff380000, 0x0000000800000000)
  eden space 323072K, 0% used [0x00000007d5500000,0x00000007d5500000,0x00000007e9080000)
  from space 186368K, 0% used [0x00000007e9080000,0x00000007e9080000,0x00000007f4680000)
  to   space 176128K, 0% used [0x00000007f4780000,0x00000007f4780000,0x00000007ff380000)
 ParOldGen       total 620032K, used 370406K [0x0000000780000000, 0x00000007a5d80000, 0x00000007d5500000)
  object space 620032K, 59% used [0x0000000780000000,0x00000007969b9b00,0x00000007a5d80000)
 PSPermGen       total 69632K, used 61458K [0x0000000775a00000, 0x0000000779e00000, 0x0000000780000000)
  object space 69632K, 88% used [0x0000000775a00000,0x0000000779604af8,0x0000000779e00000)
}
Event: 3937.707 GC heap before
{Heap before GC invocations=105 (full 18):
 PSYoungGen      total 509440K, used 323072K [0x00000007d5500000, 0x00000007ff380000, 0x0000000800000000)
  eden space 323072K, 100% used [0x00000007d5500000,0x00000007e9080000,0x00000007e9080000)
  from space 186368K, 0% used [0x00000007e9080000,0x00000007e9080000,0x00000007f4680000)
  to   space 176128K, 0% used [0x00000007f4780000,0x00000007f4780000,0x00000007ff380000)
 ParOldGen       total 620032K, used 370406K [0x0000000780000000, 0x00000007a5d80000, 0x00000007d5500000)
  object space 620032K, 59% used [0x0000000780000000,0x00000007969b9b00,0x00000007a5d80000)
 PSPermGen       total 69632K, used 61459K [0x0000000775a00000, 0x0000000779e00000, 0x0000000780000000)
  object space 69632K, 88% used [0x0000000775a00000,0x0000000779604c48,0x0000000779e00000)
Event: 3937.754 GC heap after
Heap after GC invocations=105 (full 18):
 PSYoungGen      total 502272K, used 57648K [0x00000007d5500000, 0x00000007fe900000, 0x0000000800000000)
  eden space 336896K, 0% used [0x00000007d5500000,0x00000007d5500000,0x00000007e9e00000)
  from space 165376K, 34% used [0x00000007f4780000,0x00000007f7fcc040,0x00000007fe900000)
  to   space 169472K, 0% used [0x00000007e9e00000,0x00000007e9e00000,0x00000007f4380000)
 ParOldGen       total 620032K, used 370406K [0x0000000780000000, 0x00000007a5d80000, 0x00000007d5500000)
  object space 620032K, 59% used [0x0000000780000000,0x00000007969b9b00,0x00000007a5d80000)
 PSPermGen       total 69632K, used 61459K [0x0000000775a00000, 0x0000000779e00000, 0x0000000780000000)
  object space 69632K, 88% used [0x0000000775a00000,0x0000000779604c48,0x0000000779e00000)
}
Event: 3938.185 GC heap before
{Heap before GC invocations=106 (full 18):
 PSYoungGen      total 502272K, used 394544K [0x00000007d5500000, 0x00000007fe900000, 0x0000000800000000)
  eden space 336896K, 100% used [0x00000007d5500000,0x00000007e9e00000,0x00000007e9e00000)
  from space 165376K, 34% used [0x00000007f4780000,0x00000007f7fcc040,0x00000007fe900000)
  to   space 169472K, 0% used [0x00000007e9e00000,0x00000007e9e00000,0x00000007f4380000)
 ParOldGen       total 620032K, used 370406K [0x0000000780000000, 0x00000007a5d80000, 0x00000007d5500000)
  object space 620032K, 59% used [0x0000000780000000,0x00000007969b9b00,0x00000007a5d80000)
 PSPermGen       total 69632K, used 61460K [0x0000000775a00000, 0x0000000779e00000, 0x0000000780000000)
  object space 69632K, 88% used [0x0000000775a00000,0x0000000779605358,0x0000000779e00000)
Event: 3938.282 GC heap after
Heap after GC invocations=106 (full 18):
 PSYoungGen      total 506368K, used 70992K [0x00000007d5500000, 0x00000007ff200000, 0x0000000800000000)
  eden space 336896K, 0% used [0x00000007d5500000,0x00000007d5500000,0x00000007e9e00000)
  from space 169472K, 41% used [0x00000007e9e00000,0x00000007ee354120,0x00000007f4380000)
  to   space 160256K, 0% used [0x00000007f5580000,0x00000007f5580000,0x00000007ff200000)
 ParOldGen       total 620032K, used 423855K [0x0000000780000000, 0x00000007a5d80000, 0x00000007d5500000)
  object space 620032K, 68% used [0x0000000780000000,0x0000000799debe60,0x00000007a5d80000)
 PSPermGen       total 69632K, used 61460K [0x0000000775a00000, 0x0000000779e00000, 0x0000000780000000)
  object space 69632K, 88% used [0x0000000775a00000,0x0000000779605358,0x0000000779e00000)
}
Event: 3938.519 GC heap before
{Heap before GC invocations=107 (full 18):
 PSYoungGen      total 506368K, used 407888K [0x00000007d5500000, 0x00000007ff200000, 0x0000000800000000)
  eden space 336896K, 100% used [0x00000007d5500000,0x00000007e9e00000,0x00000007e9e00000)
  from space 169472K, 41% used [0x00000007e9e00000,0x00000007ee354120,0x00000007f4380000)
  to   space 160256K, 0% used [0x00000007f5580000,0x00000007f5580000,0x00000007ff200000)
 ParOldGen       total 620032K, used 423855K [0x0000000780000000, 0x00000007a5d80000, 0x00000007d5500000)
  object space 620032K, 68% used [0x0000000780000000,0x0000000799debe60,0x00000007a5d80000)
 PSPermGen       total 69632K, used 61460K [0x0000000775a00000, 0x0000000779e00000, 0x0000000780000000)
  object space 69632K, 88% used [0x0000000775a00000,0x0000000779605358,0x0000000779e00000)
Event: 3938.604 GC heap after
Heap after GC invocations=107 (full 18):
 PSYoungGen      total 511488K, used 132973K [0x00000007d5500000, 0x0000000800000000, 0x0000000800000000)
  eden space 351232K, 0% used [0x00000007d5500000,0x00000007d5500000,0x00000007eac00000)
  from space 160256K, 82% used [0x00000007f5580000,0x00000007fd75b708,0x00000007ff200000)
  to   space 173568K, 0% used [0x00000007eac00000,0x00000007eac00000,0x00000007f5580000)
 ParOldGen       total 620032K, used 490911K [0x0000000780000000, 0x00000007a5d80000, 0x00000007d5500000)
  object space 620032K, 79% used [0x0000000780000000,0x000000079df67e38,0x00000007a5d80000)
 PSPermGen       total 69632K, used 61460K [0x0000000775a00000, 0x0000000779e00000, 0x0000000780000000)
  object space 69632K, 88% used [0x0000000775a00000,0x0000000779605358,0x0000000779e00000)
}
Event: 3938.933 GC heap before
{Heap before GC invocations=108 (full 18):
 PSYoungGen      total 511488K, used 484205K [0x00000007d5500000, 0x0000000800000000, 0x0000000800000000)
  eden space 351232K, 100% used [0x00000007d5500000,0x00000007eac00000,0x00000007eac00000)
  from space 160256K, 82% used [0x00000007f5580000,0x00000007fd75b708,0x00000007ff200000)
  to   space 173568K, 0% used [0x00000007eac00000,0x00000007eac00000,0x00000007f5580000)
 ParOldGen       total 620032K, used 490911K [0x0000000780000000, 0x00000007a5d80000, 0x00000007d5500000)
  object space 620032K, 79% used [0x0000000780000000,0x000000079df67e38,0x00000007a5d80000)
 PSPermGen       total 69632K, used 61461K [0x0000000775a00000, 0x0000000779e00000, 0x0000000780000000)
  object space 69632K, 88% used [0x0000000775a00000,0x0000000779605508,0x0000000779e00000)
Event: 3939.201 GC heap after
Heap after GC invocations=108 (full 18):
 PSYoungGen      total 524800K, used 70937K [0x00000007d5500000, 0x00000007ffe00000, 0x0000000800000000)
  eden space 351232K, 0% used [0x00000007d5500000,0x00000007d5500000,0x00000007eac00000)
  from space 173568K, 40% used [0x00000007eac00000,0x00000007ef146620,0x00000007f5580000)
  to   space 165888K, 0% used [0x00000007f5c00000,0x00000007f5c00000,0x00000007ffe00000)
 ParOldGen       total 620032K, used 614192K [0x0000000780000000, 0x00000007a5d80000, 0x00000007d5500000)
  object space 620032K, 99% used [0x0000000780000000,0x00000007a57cc050,0x00000007a5d80000)
 PSPermGen       total 69632K, used 61461K [0x0000000775a00000, 0x0000000779e00000, 0x0000000780000000)
  object space 69632K, 88% used [0x0000000775a00000,0x0000000779605508,0x0000000779e00000)
}
Event: 3939.201 GC heap before
{Heap before GC invocations=109 (full 19):
 PSYoungGen      total 524800K, used 70937K [0x00000007d5500000, 0x00000007ffe00000, 0x0000000800000000)
  eden space 351232K, 0% used [0x00000007d5500000,0x00000007d5500000,0x00000007eac00000)
  from space 173568K, 40% used [0x00000007eac00000,0x00000007ef146620,0x00000007f5580000)
  to   space 165888K, 0% used [0x00000007f5c00000,0x00000007f5c00000,0x00000007ffe00000)
 ParOldGen       total 620032K, used 614192K [0x0000000780000000, 0x00000007a5d80000, 0x00000007d5500000)
  object space 620032K, 99% used [0x0000000780000000,0x00000007a57cc050,0x00000007a5d80000)
 PSPermGen       total 69632K, used 61461K [0x0000000775a00000, 0x0000000779e00000, 0x0000000780000000)
  object space 69632K, 88% used [0x0000000775a00000,0x0000000779605508,0x0000000779e00000)

