# JRE version: OpenJDK Runtime Environment (7.0_91-b02) (build 1.7.0_91-b02)
# Java VM: OpenJDK 64-Bit Server VM (24.91-b01 mixed mode linux-amd64 compressed oops)
Heap
 PSYoungGen      total 505856K, used 0K [0x00000007d5500000, 0x0000000800000000, 0x0000000800000000)
  eden space 420864K, 0% used [0x00000007d5500000,0x00000007d5500000,0x00000007ef000000)
  from space 84992K, 0% used [0x00000007fad00000,0x00000007fad00000,0x0000000800000000)
  to   space 139264K, 0% used [0x00000007ef000000,0x00000007ef000000,0x00000007f7800000)
 ParOldGen       total 327168K, used 270706K [0x0000000780000000, 0x0000000793f80000, 0x00000007d5500000)
  object space 327168K, 82% used [0x0000000780000000,0x000000079085ca70,0x0000000793f80000)
 PSPermGen       total 103424K, used 58841K [0x0000000775a00000, 0x000000077bf00000, 0x0000000780000000)
  object space 103424K, 56% used [0x0000000775a00000,0x0000000779376610,0x000000077bf00000)
GC Heap History (10 events):
Event: 52.956 GC heap after
Heap after GC invocations=27 (full 5):
 PSYoungGen      total 494080K, used 41998K [0x00000007d5500000, 0x00000007f8a00000, 0x0000000800000000)
  eden space 434176K, 0% used [0x00000007d5500000,0x00000007d5500000,0x00000007efd00000)
  from space 59904K, 70% used [0x00000007f4f80000,0x00000007f78839b8,0x00000007f8a00000)
  to   space 72192K, 0% used [0x00000007efd00000,0x00000007efd00000,0x00000007f4380000)
 ParOldGen       total 275968K, used 176284K [0x0000000780000000, 0x0000000790d80000, 0x00000007d5500000)
  object space 275968K, 63% used [0x0000000780000000,0x000000078ac270b8,0x0000000790d80000)
 PSPermGen       total 103424K, used 58721K [0x0000000775a00000, 0x000000077bf00000, 0x0000000780000000)
  object space 103424K, 56% used [0x0000000775a00000,0x0000000779358510,0x000000077bf00000)
}
Event: 54.511 GC heap before
{Heap before GC invocations=28 (full 5):
 PSYoungGen      total 494080K, used 476174K [0x00000007d5500000, 0x00000007f8a00000, 0x0000000800000000)
  eden space 434176K, 100% used [0x00000007d5500000,0x00000007efd00000,0x00000007efd00000)
  from space 59904K, 70% used [0x00000007f4f80000,0x00000007f78839b8,0x00000007f8a00000)
  to   space 72192K, 0% used [0x00000007efd00000,0x00000007efd00000,0x00000007f4380000)
 ParOldGen       total 275968K, used 176284K [0x0000000780000000, 0x0000000790d80000, 0x00000007d5500000)
  object space 275968K, 63% used [0x0000000780000000,0x000000078ac270b8,0x0000000790d80000)
 PSPermGen       total 103424K, used 58763K [0x0000000775a00000, 0x000000077bf00000, 0x0000000780000000)
  object space 103424K, 56% used [0x0000000775a00000,0x0000000779362fc0,0x000000077bf00000)
Event: 54.666 GC heap after
Heap after GC invocations=28 (full 5):
 PSYoungGen      total 506368K, used 61384K [0x00000007d5500000, 0x00000007ff900000, 0x0000000800000000)
  eden space 434176K, 0% used [0x00000007d5500000,0x00000007d5500000,0x00000007efd00000)
  from space 72192K, 85% used [0x00000007efd00000,0x00000007f38f2020,0x00000007f4380000)
  to   space 80384K, 0% used [0x00000007faa80000,0x00000007faa80000,0x00000007ff900000)
 ParOldGen       total 275968K, used 199316K [0x0000000780000000, 0x0000000790d80000, 0x00000007d5500000)
  object space 275968K, 72% used [0x0000000780000000,0x000000078c2a53d8,0x0000000790d80000)
 PSPermGen       total 103424K, used 58763K [0x0000000775a00000, 0x000000077bf00000, 0x0000000780000000)
  object space 103424K, 56% used [0x0000000775a00000,0x0000000779362fc0,0x000000077bf00000)
}
Event: 55.991 GC heap before
{Heap before GC invocations=29 (full 5):
 PSYoungGen      total 506368K, used 495560K [0x00000007d5500000, 0x00000007ff900000, 0x0000000800000000)
  eden space 434176K, 100% used [0x00000007d5500000,0x00000007efd00000,0x00000007efd00000)
  from space 72192K, 85% used [0x00000007efd00000,0x00000007f38f2020,0x00000007f4380000)
  to   space 80384K, 0% used [0x00000007faa80000,0x00000007faa80000,0x00000007ff900000)
 ParOldGen       total 275968K, used 199316K [0x0000000780000000, 0x0000000790d80000, 0x00000007d5500000)
  object space 275968K, 72% used [0x0000000780000000,0x000000078c2a53d8,0x0000000790d80000)
 PSPermGen       total 103424K, used 58784K [0x0000000775a00000, 0x000000077bf00000, 0x0000000780000000)
  object space 103424K, 56% used [0x0000000775a00000,0x0000000779368270,0x000000077bf00000)
Event: 56.187 GC heap after
Heap after GC invocations=29 (full 5):
 PSYoungGen      total 615424K, used 24639K [0x00000007d5500000, 0x00000007ff980000, 0x0000000800000000)
  eden space 535040K, 0% used [0x00000007d5500000,0x00000007d5500000,0x00000007f5f80000)
  from space 80384K, 30% used [0x00000007faa80000,0x00000007fc28ff18,0x00000007ff900000)
  to   space 76800K, 0% used [0x00000007f5f80000,0x00000007f5f80000,0x00000007faa80000)
 ParOldGen       total 275968K, used 208266K [0x0000000780000000, 0x0000000790d80000, 0x00000007d5500000)
  object space 275968K, 75% used [0x0000000780000000,0x000000078cb62a08,0x0000000790d80000)
 PSPermGen       total 103424K, used 58784K [0x0000000775a00000, 0x000000077bf00000, 0x0000000780000000)
  object space 103424K, 56% used [0x0000000775a00000,0x0000000779368270,0x000000077bf00000)
}
Event: 58.106 GC heap before
{Heap before GC invocations=30 (full 5):
 PSYoungGen      total 615424K, used 559679K [0x00000007d5500000, 0x00000007ff980000, 0x0000000800000000)
  eden space 535040K, 100% used [0x00000007d5500000,0x00000007f5f80000,0x00000007f5f80000)
  from space 80384K, 30% used [0x00000007faa80000,0x00000007fc28ff18,0x00000007ff900000)
  to   space 76800K, 0% used [0x00000007f5f80000,0x00000007f5f80000,0x00000007faa80000)
 ParOldGen       total 275968K, used 208855K [0x0000000780000000, 0x0000000790d80000, 0x00000007d5500000)
  object space 275968K, 75% used [0x0000000780000000,0x000000078cbf5ca0,0x0000000790d80000)
 PSPermGen       total 103424K, used 58834K [0x0000000775a00000, 0x000000077bf00000, 0x0000000780000000)
  object space 103424K, 56% used [0x0000000775a00000,0x0000000779374b60,0x000000077bf00000)
Event: 58.252 GC heap after
Heap after GC invocations=30 (full 5):
 PSYoungGen      total 611840K, used 65338K [0x00000007d5500000, 0x0000000800000000, 0x0000000800000000)
  eden space 535040K, 0% used [0x00000007d5500000,0x00000007d5500000,0x00000007f5f80000)
  from space 76800K, 85% used [0x00000007f5f80000,0x00000007f9f4ea90,0x00000007faa80000)
  to   space 84992K, 0% used [0x00000007fad00000,0x00000007fad00000,0x0000000800000000)
 ParOldGen       total 275968K, used 217618K [0x0000000780000000, 0x0000000790d80000, 0x00000007d5500000)
  object space 275968K, 78% used [0x0000000780000000,0x000000078d484968,0x0000000790d80000)
 PSPermGen       total 103424K, used 58834K [0x0000000775a00000, 0x000000077bf00000, 0x0000000780000000)
  object space 103424K, 56% used [0x0000000775a00000,0x0000000779374b60,0x000000077bf00000)
}
Event: 60.192 GC heap before
{Heap before GC invocations=31 (full 5):
 PSYoungGen      total 611840K, used 600378K [0x00000007d5500000, 0x0000000800000000, 0x0000000800000000)
  eden space 535040K, 100% used [0x00000007d5500000,0x00000007f5f80000,0x00000007f5f80000)
  from space 76800K, 85% used [0x00000007f5f80000,0x00000007f9f4ea90,0x00000007faa80000)
  to   space 84992K, 0% used [0x00000007fad00000,0x00000007fad00000,0x0000000800000000)
 ParOldGen       total 275968K, used 217633K [0x0000000780000000, 0x0000000790d80000, 0x00000007d5500000)
  object space 275968K, 78% used [0x0000000780000000,0x000000078d4886c0,0x0000000790d80000)
 PSPermGen       total 103424K, used 58844K [0x0000000775a00000, 0x000000077bf00000, 0x0000000780000000)
  object space 103424K, 56% used [0x0000000775a00000,0x0000000779377170,0x000000077bf00000)
Event: 61.284 GC heap after
Heap after GC invocations=31 (full 5):
 PSYoungGen      total 505856K, used 84976K [0x00000007d5500000, 0x0000000800000000, 0x0000000800000000)
  eden space 420864K, 0% used [0x00000007d5500000,0x00000007d5500000,0x00000007ef000000)
  from space 84992K, 99% used [0x00000007fad00000,0x00000007ffffc130,0x0000000800000000)
  to   space 139264K, 0% used [0x00000007ef000000,0x00000007ef000000,0x00000007f7800000)
 ParOldGen       total 327168K, used 326690K [0x0000000780000000, 0x0000000793f80000, 0x00000007d5500000)
  object space 327168K, 99% used [0x0000000780000000,0x0000000793f08858,0x0000000793f80000)
 PSPermGen       total 103424K, used 58844K [0x0000000775a00000, 0x000000077bf00000, 0x0000000780000000)
  object space 103424K, 56% used [0x0000000775a00000,0x0000000779377170,0x000000077bf00000)
}
Event: 61.293 GC heap before
{Heap before GC invocations=32 (full 6):
 PSYoungGen      total 505856K, used 84976K [0x00000007d5500000, 0x0000000800000000, 0x0000000800000000)
  eden space 420864K, 0% used [0x00000007d5500000,0x00000007d5500000,0x00000007ef000000)
  from space 84992K, 99% used [0x00000007fad00000,0x00000007ffffc130,0x0000000800000000)
  to   space 139264K, 0% used [0x00000007ef000000,0x00000007ef000000,0x00000007f7800000)
 ParOldGen       total 327168K, used 326690K [0x0000000780000000, 0x0000000793f80000, 0x00000007d5500000)
  object space 327168K, 99% used [0x0000000780000000,0x0000000793f08858,0x0000000793f80000)
 PSPermGen       total 103424K, used 58844K [0x0000000775a00000, 0x000000077bf00000, 0x0000000780000000)
  object space 103424K, 56% used [0x0000000775a00000,0x0000000779377170,0x000000077bf00000)

