# JRE version: OpenJDK Runtime Environment (7.0_91-b02) (build 1.7.0_91-b02)
# Java VM: OpenJDK 64-Bit Server VM (24.91-b01 mixed mode linux-amd64 compressed oops)
Heap
 PSYoungGen      total 537088K, used 0K [0x00000007d5500000, 0x0000000800000000, 0x0000000800000000)
  eden space 368640K, 0% used [0x00000007d5500000,0x00000007d5500000,0x00000007ebd00000)
  from space 168448K, 0% used [0x00000007f5b80000,0x00000007f5b80000,0x0000000800000000)
  to   space 162304K, 0% used [0x00000007ebd00000,0x00000007ebd00000,0x00000007f5b80000)
 ParOldGen       total 557056K, used 459974K [0x0000000780000000, 0x00000007a2000000, 0x00000007d5500000)
  object space 557056K, 82% used [0x0000000780000000,0x000000079c1319f0,0x00000007a2000000)
 PSPermGen       total 75776K, used 60253K [0x0000000775a00000, 0x000000077a400000, 0x0000000780000000)
  object space 75776K, 79% used [0x0000000775a00000,0x00000007794d7528,0x000000077a400000)
GC Heap History (10 events):
Event: 615.429 GC heap after
Heap after GC invocations=79 (full 13):
 PSYoungGen      total 532992K, used 58281K [0x00000007d5500000, 0x0000000800000000, 0x0000000800000000)
  eden space 366592K, 0% used [0x00000007d5500000,0x00000007d5500000,0x00000007ebb00000)
  from space 166400K, 35% used [0x00000007ebb00000,0x00000007ef3ea7e0,0x00000007f5d80000)
  to   space 161792K, 0% used [0x00000007f6200000,0x00000007f6200000,0x0000000800000000)
 ParOldGen       total 503296K, used 361260K [0x0000000780000000, 0x000000079eb80000, 0x00000007d5500000)
  object space 503296K, 71% used [0x0000000780000000,0x00000007960cb110,0x000000079eb80000)
 PSPermGen       total 77824K, used 60252K [0x0000000775a00000, 0x000000077a600000, 0x0000000780000000)
  object space 77824K, 77% used [0x0000000775a00000,0x00000007794d72e8,0x000000077a600000)
}
Event: 615.872 GC heap before
{Heap before GC invocations=80 (full 13):
 PSYoungGen      total 532992K, used 424873K [0x00000007d5500000, 0x0000000800000000, 0x0000000800000000)
  eden space 366592K, 100% used [0x00000007d5500000,0x00000007ebb00000,0x00000007ebb00000)
  from space 166400K, 35% used [0x00000007ebb00000,0x00000007ef3ea7e0,0x00000007f5d80000)
  to   space 161792K, 0% used [0x00000007f6200000,0x00000007f6200000,0x0000000800000000)
 ParOldGen       total 503296K, used 361260K [0x0000000780000000, 0x000000079eb80000, 0x00000007d5500000)
  object space 503296K, 71% used [0x0000000780000000,0x00000007960cb110,0x000000079eb80000)
 PSPermGen       total 77824K, used 60253K [0x0000000775a00000, 0x000000077a600000, 0x0000000780000000)
  object space 77824K, 77% used [0x0000000775a00000,0x00000007794d7628,0x000000077a600000)
Event: 615.958 GC heap after
Heap after GC invocations=80 (full 13):
 PSYoungGen      total 516096K, used 65023K [0x00000007d5500000, 0x00000007fef80000, 0x0000000800000000)
  eden space 371200K, 0% used [0x00000007d5500000,0x00000007d5500000,0x00000007ebf80000)
  from space 144896K, 44% used [0x00000007f6200000,0x00000007fa17fcc8,0x00000007fef80000)
  to   space 155648K, 0% used [0x00000007ebf80000,0x00000007ebf80000,0x00000007f5780000)
 ParOldGen       total 503296K, used 405477K [0x0000000780000000, 0x000000079eb80000, 0x00000007d5500000)
  object space 503296K, 80% used [0x0000000780000000,0x0000000798bf9670,0x000000079eb80000)
 PSPermGen       total 77824K, used 60253K [0x0000000775a00000, 0x000000077a600000, 0x0000000780000000)
  object space 77824K, 77% used [0x0000000775a00000,0x00000007794d7628,0x000000077a600000)
}
Event: 615.958 GC heap before
{Heap before GC invocations=81 (full 14):
 PSYoungGen      total 516096K, used 65023K [0x00000007d5500000, 0x00000007fef80000, 0x0000000800000000)
  eden space 371200K, 0% used [0x00000007d5500000,0x00000007d5500000,0x00000007ebf80000)
  from space 144896K, 44% used [0x00000007f6200000,0x00000007fa17fcc8,0x00000007fef80000)
  to   space 155648K, 0% used [0x00000007ebf80000,0x00000007ebf80000,0x00000007f5780000)
 ParOldGen       total 503296K, used 405477K [0x0000000780000000, 0x000000079eb80000, 0x00000007d5500000)
  object space 503296K, 80% used [0x0000000780000000,0x0000000798bf9670,0x000000079eb80000)
 PSPermGen       total 77824K, used 60253K [0x0000000775a00000, 0x000000077a600000, 0x0000000780000000)
  object space 77824K, 77% used [0x0000000775a00000,0x00000007794d7628,0x000000077a600000)
Event: 616.530 GC heap after
Heap after GC invocations=81 (full 14):
 PSYoungGen      total 516096K, used 0K [0x00000007d5500000, 0x00000007fef80000, 0x0000000800000000)
  eden space 371200K, 0% used [0x00000007d5500000,0x00000007d5500000,0x00000007ebf80000)
  from space 144896K, 0% used [0x00000007f6200000,0x00000007f6200000,0x00000007fef80000)
  to   space 155648K, 0% used [0x00000007ebf80000,0x00000007ebf80000,0x00000007f5780000)
 ParOldGen       total 557056K, used 299854K [0x0000000780000000, 0x00000007a2000000, 0x00000007d5500000)
  object space 557056K, 53% used [0x0000000780000000,0x00000007924d3a48,0x00000007a2000000)
 PSPermGen       total 75776K, used 60253K [0x0000000775a00000, 0x000000077a400000, 0x0000000780000000)
  object space 75776K, 79% used [0x0000000775a00000,0x00000007794d7528,0x000000077a400000)
}
Event: 616.765 GC heap before
{Heap before GC invocations=82 (full 14):
 PSYoungGen      total 516096K, used 371200K [0x00000007d5500000, 0x00000007fef80000, 0x0000000800000000)
  eden space 371200K, 100% used [0x00000007d5500000,0x00000007ebf80000,0x00000007ebf80000)
  from space 144896K, 0% used [0x00000007f6200000,0x00000007f6200000,0x00000007fef80000)
  to   space 155648K, 0% used [0x00000007ebf80000,0x00000007ebf80000,0x00000007f5780000)
 ParOldGen       total 557056K, used 299854K [0x0000000780000000, 0x00000007a2000000, 0x00000007d5500000)
  object space 557056K, 53% used [0x0000000780000000,0x00000007924d3a48,0x00000007a2000000)
 PSPermGen       total 75776K, used 60253K [0x0000000775a00000, 0x000000077a400000, 0x0000000780000000)
  object space 75776K, 79% used [0x0000000775a00000,0x00000007794d7528,0x000000077a400000)
Event: 617.197 GC heap after
Heap after GC invocations=82 (full 14):
 PSYoungGen      total 526848K, used 133002K [0x00000007d5500000, 0x0000000800000000, 0x0000000800000000)
  eden space 371200K, 0% used [0x00000007d5500000,0x00000007d5500000,0x00000007ebf80000)
  from space 155648K, 85% used [0x00000007ebf80000,0x00000007f4162aa0,0x00000007f5780000)
  to   space 168448K, 0% used [0x00000007f5b80000,0x00000007f5b80000,0x0000000800000000)
 ParOldGen       total 557056K, used 299854K [0x0000000780000000, 0x00000007a2000000, 0x00000007d5500000)
  object space 557056K, 53% used [0x0000000780000000,0x00000007924d3a48,0x00000007a2000000)
 PSPermGen       total 75776K, used 60253K [0x0000000775a00000, 0x000000077a400000, 0x0000000780000000)
  object space 75776K, 79% used [0x0000000775a00000,0x00000007794d7528,0x000000077a400000)
}
Event: 617.526 GC heap before
{Heap before GC invocations=83 (full 14):
 PSYoungGen      total 526848K, used 504202K [0x00000007d5500000, 0x0000000800000000, 0x0000000800000000)
  eden space 371200K, 100% used [0x00000007d5500000,0x00000007ebf80000,0x00000007ebf80000)
  from space 155648K, 85% used [0x00000007ebf80000,0x00000007f4162aa0,0x00000007f5780000)
  to   space 168448K, 0% used [0x00000007f5b80000,0x00000007f5b80000,0x0000000800000000)
 ParOldGen       total 557056K, used 299854K [0x0000000780000000, 0x00000007a2000000, 0x00000007d5500000)
  object space 557056K, 53% used [0x0000000780000000,0x00000007924d3a48,0x00000007a2000000)
 PSPermGen       total 75776K, used 60253K [0x0000000775a00000, 0x000000077a400000, 0x0000000780000000)
  object space 75776K, 79% used [0x0000000775a00000,0x00000007794d7528,0x000000077a400000)
Event: 617.619 GC heap after
Heap after GC invocations=83 (full 14):
 PSYoungGen      total 537088K, used 69108K [0x00000007d5500000, 0x0000000800000000, 0x0000000800000000)
  eden space 368640K, 0% used [0x00000007d5500000,0x00000007d5500000,0x00000007ebd00000)
  from space 168448K, 41% used [0x00000007f5b80000,0x00000007f9efd290,0x0000000800000000)
  to   space 162304K, 0% used [0x00000007ebd00000,0x00000007ebd00000,0x00000007f5b80000)
 ParOldGen       total 557056K, used 431097K [0x0000000780000000, 0x00000007a2000000, 0x00000007d5500000)
  object space 557056K, 77% used [0x0000000780000000,0x000000079a4fe700,0x00000007a2000000)
 PSPermGen       total 75776K, used 60253K [0x0000000775a00000, 0x000000077a400000, 0x0000000780000000)
  object space 75776K, 79% used [0x0000000775a00000,0x00000007794d7528,0x000000077a400000)
}
Event: 617.619 GC heap before
{Heap before GC invocations=84 (full 15):
 PSYoungGen      total 537088K, used 69108K [0x00000007d5500000, 0x0000000800000000, 0x0000000800000000)
  eden space 368640K, 0% used [0x00000007d5500000,0x00000007d5500000,0x00000007ebd00000)
  from space 168448K, 41% used [0x00000007f5b80000,0x00000007f9efd290,0x0000000800000000)
  to   space 162304K, 0% used [0x00000007ebd00000,0x00000007ebd00000,0x00000007f5b80000)
 ParOldGen       total 557056K, used 431097K [0x0000000780000000, 0x00000007a2000000, 0x00000007d5500000)
  object space 557056K, 77% used [0x0000000780000000,0x000000079a4fe700,0x00000007a2000000)
 PSPermGen       total 75776K, used 60253K [0x0000000775a00000, 0x000000077a400000, 0x0000000780000000)
  object space 75776K, 79% used [0x0000000775a00000,0x00000007794d7528,0x000000077a400000)

