# JRE version: OpenJDK Runtime Environment (7.0_91-b02) (build 1.7.0_91-b02)
# Java VM: OpenJDK 64-Bit Server VM (24.91-b01 mixed mode linux-amd64 compressed oops)
Heap
 PSYoungGen      total 522240K, used 0K [0x00000007d5500000, 0x00000007ff500000, 0x0000000800000000)
  eden space 366592K, 0% used [0x00000007d5500000,0x00000007d5500000,0x00000007ebb00000)
  from space 155648K, 0% used [0x00000007f5d00000,0x00000007f5d00000,0x00000007ff500000)
  to   space 160768K, 0% used [0x00000007ebb00000,0x00000007ebb00000,0x00000007f5800000)
 ParOldGen       total 490496K, used 362760K [0x0000000780000000, 0x000000079df00000, 0x00000007d5500000)
  object space 490496K, 73% used [0x0000000780000000,0x0000000796242190,0x000000079df00000)
 PSPermGen       total 64512K, used 62709K [0x0000000775a00000, 0x0000000779900000, 0x0000000780000000)
  object space 64512K, 97% used [0x0000000775a00000,0x000000077973d690,0x0000000779900000)
GC Heap History (10 events):
Event: 6421.872 GC heap after
Heap after GC invocations=174 (full 26):
 PSYoungGen      total 526848K, used 92520K [0x00000007d5500000, 0x0000000800000000, 0x0000000800000000)
  eden space 351232K, 0% used [0x00000007d5500000,0x00000007d5500000,0x00000007eac00000)
  from space 175616K, 52% used [0x00000007f5480000,0x00000007faeda100,0x0000000800000000)
  to   space 172544K, 0% used [0x00000007eac00000,0x00000007eac00000,0x00000007f5480000)
 ParOldGen       total 490496K, used 117990K [0x0000000780000000, 0x000000079df00000, 0x00000007d5500000)
  object space 490496K, 24% used [0x0000000780000000,0x0000000787339bb8,0x000000079df00000)
 PSPermGen       total 64512K, used 62749K [0x0000000775a00000, 0x0000000779900000, 0x0000000780000000)
  object space 64512K, 97% used [0x0000000775a00000,0x00000007797476d8,0x0000000779900000)
}
Event: 6422.368 GC heap before
{Heap before GC invocations=175 (full 26):
 PSYoungGen      total 526848K, used 443752K [0x00000007d5500000, 0x0000000800000000, 0x0000000800000000)
  eden space 351232K, 100% used [0x00000007d5500000,0x00000007eac00000,0x00000007eac00000)
  from space 175616K, 52% used [0x00000007f5480000,0x00000007faeda100,0x0000000800000000)
  to   space 172544K, 0% used [0x00000007eac00000,0x00000007eac00000,0x00000007f5480000)
 ParOldGen       total 490496K, used 117990K [0x0000000780000000, 0x000000079df00000, 0x00000007d5500000)
  object space 490496K, 24% used [0x0000000780000000,0x0000000787339bb8,0x000000079df00000)
 PSPermGen       total 64512K, used 62749K [0x0000000775a00000, 0x0000000779900000, 0x0000000780000000)
  object space 64512K, 97% used [0x0000000775a00000,0x00000007797476d8,0x0000000779900000)
Event: 6422.451 GC heap after
Heap after GC invocations=175 (full 26):
 PSYoungGen      total 419328K, used 67632K [0x00000007d5500000, 0x00000007fed00000, 0x0000000800000000)
  eden space 351232K, 0% used [0x00000007d5500000,0x00000007d5500000,0x00000007eac00000)
  from space 68096K, 99% used [0x00000007eac00000,0x00000007eee0c050,0x00000007eee80000)
  to   space 164352K, 0% used [0x00000007f4c80000,0x00000007f4c80000,0x00000007fed00000)
 ParOldGen       total 490496K, used 135342K [0x0000000780000000, 0x000000079df00000, 0x00000007d5500000)
  object space 490496K, 27% used [0x0000000780000000,0x000000078842bbf0,0x000000079df00000)
 PSPermGen       total 64512K, used 62749K [0x0000000775a00000, 0x0000000779900000, 0x0000000780000000)
  object space 64512K, 97% used [0x0000000775a00000,0x00000007797476d8,0x0000000779900000)
}
Event: 6422.814 GC heap before
{Heap before GC invocations=176 (full 26):
 PSYoungGen      total 419328K, used 418864K [0x00000007d5500000, 0x00000007fed00000, 0x0000000800000000)
  eden space 351232K, 100% used [0x00000007d5500000,0x00000007eac00000,0x00000007eac00000)
  from space 68096K, 99% used [0x00000007eac00000,0x00000007eee0c050,0x00000007eee80000)
  to   space 164352K, 0% used [0x00000007f4c80000,0x00000007f4c80000,0x00000007fed00000)
 ParOldGen       total 490496K, used 135342K [0x0000000780000000, 0x000000079df00000, 0x00000007d5500000)
  object space 490496K, 27% used [0x0000000780000000,0x000000078842bbf0,0x000000079df00000)
 PSPermGen       total 64512K, used 62749K [0x0000000775a00000, 0x0000000779900000, 0x0000000780000000)
  object space 64512K, 97% used [0x0000000775a00000,0x00000007797476d8,0x0000000779900000)
Event: 6422.999 GC heap after
Heap after GC invocations=176 (full 26):
 PSYoungGen      total 514048K, used 103671K [0x00000007d5500000, 0x0000000800000000, 0x0000000800000000)
  eden space 349696K, 0% used [0x00000007d5500000,0x00000007d5500000,0x00000007eaa80000)
  from space 164352K, 63% used [0x00000007f4c80000,0x00000007fb1bdc38,0x00000007fed00000)
  to   space 165888K, 0% used [0x00000007eaa80000,0x00000007eaa80000,0x00000007f4c80000)
 ParOldGen       total 490496K, used 191787K [0x0000000780000000, 0x000000079df00000, 0x00000007d5500000)
  object space 490496K, 39% used [0x0000000780000000,0x000000078bb4af30,0x000000079df00000)
 PSPermGen       total 64512K, used 62749K [0x0000000775a00000, 0x0000000779900000, 0x0000000780000000)
  object space 64512K, 97% used [0x0000000775a00000,0x00000007797476d8,0x0000000779900000)
}
Event: 6423.343 GC heap before
{Heap before GC invocations=177 (full 26):
 PSYoungGen      total 514048K, used 453367K [0x00000007d5500000, 0x0000000800000000, 0x0000000800000000)
  eden space 349696K, 100% used [0x00000007d5500000,0x00000007eaa80000,0x00000007eaa80000)
  from space 164352K, 63% used [0x00000007f4c80000,0x00000007fb1bdc38,0x00000007fed00000)
  to   space 165888K, 0% used [0x00000007eaa80000,0x00000007eaa80000,0x00000007f4c80000)
 ParOldGen       total 490496K, used 191787K [0x0000000780000000, 0x000000079df00000, 0x00000007d5500000)
  object space 490496K, 39% used [0x0000000780000000,0x000000078bb4af30,0x000000079df00000)
 PSPermGen       total 64512K, used 62749K [0x0000000775a00000, 0x0000000779900000, 0x0000000780000000)
  object space 64512K, 97% used [0x0000000775a00000,0x00000007797476d8,0x0000000779900000)
Event: 6423.731 GC heap after
Heap after GC invocations=177 (full 26):
 PSYoungGen      total 515584K, used 103427K [0x00000007d5500000, 0x0000000800000000, 0x0000000800000000)
  eden space 349696K, 0% used [0x00000007d5500000,0x00000007d5500000,0x00000007eaa80000)
  from space 165888K, 62% used [0x00000007eaa80000,0x00000007f0f80c80,0x00000007f4c80000)
  to   space 166912K, 0% used [0x00000007f5d00000,0x00000007f5d00000,0x0000000800000000)
 ParOldGen       total 490496K, used 293094K [0x0000000780000000, 0x000000079df00000, 0x00000007d5500000)
  object space 490496K, 59% used [0x0000000780000000,0x0000000791e39bc0,0x000000079df00000)
 PSPermGen       total 64512K, used 62749K [0x0000000775a00000, 0x0000000779900000, 0x0000000780000000)
  object space 64512K, 97% used [0x0000000775a00000,0x00000007797476d8,0x0000000779900000)
}
Event: 6424.093 GC heap before
{Heap before GC invocations=178 (full 26):
 PSYoungGen      total 515584K, used 453123K [0x00000007d5500000, 0x0000000800000000, 0x0000000800000000)
  eden space 349696K, 100% used [0x00000007d5500000,0x00000007eaa80000,0x00000007eaa80000)
  from space 165888K, 62% used [0x00000007eaa80000,0x00000007f0f80c80,0x00000007f4c80000)
  to   space 166912K, 0% used [0x00000007f5d00000,0x00000007f5d00000,0x0000000800000000)
 ParOldGen       total 490496K, used 293094K [0x0000000780000000, 0x000000079df00000, 0x00000007d5500000)
  object space 490496K, 59% used [0x0000000780000000,0x0000000791e39bc0,0x000000079df00000)
 PSPermGen       total 64512K, used 62749K [0x0000000775a00000, 0x0000000779900000, 0x0000000780000000)
  object space 64512K, 97% used [0x0000000775a00000,0x00000007797476d8,0x0000000779900000)
Event: 6424.904 GC heap after
Heap after GC invocations=178 (full 26):
 PSYoungGen      total 522240K, used 65702K [0x00000007d5500000, 0x00000007ff500000, 0x0000000800000000)
  eden space 366592K, 0% used [0x00000007d5500000,0x00000007d5500000,0x00000007ebb00000)
  from space 155648K, 42% used [0x00000007f5d00000,0x00000007f9d29b60,0x00000007ff500000)
  to   space 160768K, 0% used [0x00000007ebb00000,0x00000007ebb00000,0x00000007f5800000)
 ParOldGen       total 490496K, used 392674K [0x0000000780000000, 0x000000079df00000, 0x00000007d5500000)
  object space 490496K, 80% used [0x0000000780000000,0x0000000797f78918,0x000000079df00000)
 PSPermGen       total 64512K, used 62749K [0x0000000775a00000, 0x0000000779900000, 0x0000000780000000)
  object space 64512K, 97% used [0x0000000775a00000,0x00000007797476d8,0x0000000779900000)
}
Event: 6424.904 GC heap before
{Heap before GC invocations=179 (full 27):
 PSYoungGen      total 522240K, used 65702K [0x00000007d5500000, 0x00000007ff500000, 0x0000000800000000)
  eden space 366592K, 0% used [0x00000007d5500000,0x00000007d5500000,0x00000007ebb00000)
  from space 155648K, 42% used [0x00000007f5d00000,0x00000007f9d29b60,0x00000007ff500000)
  to   space 160768K, 0% used [0x00000007ebb00000,0x00000007ebb00000,0x00000007f5800000)
 ParOldGen       total 490496K, used 392674K [0x0000000780000000, 0x000000079df00000, 0x00000007d5500000)
  object space 490496K, 80% used [0x0000000780000000,0x0000000797f78918,0x000000079df00000)
 PSPermGen       total 64512K, used 62749K [0x0000000775a00000, 0x0000000779900000, 0x0000000780000000)
  object space 64512K, 97% used [0x0000000775a00000,0x00000007797476d8,0x0000000779900000)

