# JRE version: OpenJDK Runtime Environment (7.0_91-b02) (build 1.7.0_91-b02)
# Java VM: OpenJDK 64-Bit Server VM (24.91-b01 mixed mode linux-amd64 compressed oops)
Heap
 PSYoungGen      total 558592K, used 65583K [0x00000007d5500000, 0x00000007fc400000, 0x0000000800000000)
  eden space 483840K, 0% used [0x00000007d5500000,0x00000007d5500000,0x00000007f2d80000)
  from space 74752K, 87% used [0x00000007f2d80000,0x00000007f6d8bf38,0x00000007f7680000)
  to   space 68608K, 0% used [0x00000007f7680000,0x00000007f7680000,0x00000007fb980000)
 ParOldGen       total 251904K, used 197662K [0x0000000780000000, 0x000000078f600000, 0x00000007d5500000)
  object space 251904K, 78% used [0x0000000780000000,0x000000078c1079b8,0x000000078f600000)
 PSPermGen       total 110592K, used 58219K [0x0000000775a00000, 0x000000077c600000, 0x0000000780000000)
  object space 110592K, 52% used [0x0000000775a00000,0x00000007792dad18,0x000000077c600000)
GC Heap History (10 events):
Event: 27.645 GC heap after
Heap after GC invocations=20 (full 3):
 PSYoungGen      total 373760K, used 7601K [0x00000007d5500000, 0x00000007f4c00000, 0x0000000800000000)
  eden space 342016K, 0% used [0x00000007d5500000,0x00000007d5500000,0x00000007ea300000)
  from space 31744K, 23% used [0x00000007ea300000,0x00000007eaa6c7e8,0x00000007ec200000)
  to   space 48128K, 0% used [0x00000007f1d00000,0x00000007f1d00000,0x00000007f4c00000)
 ParOldGen       total 165888K, used 104576K [0x0000000780000000, 0x000000078a200000, 0x00000007d5500000)
  object space 165888K, 63% used [0x0000000780000000,0x0000000786620338,0x000000078a200000)
 PSPermGen       total 113664K, used 57951K [0x0000000775a00000, 0x000000077c900000, 0x0000000780000000)
  object space 113664K, 50% used [0x0000000775a00000,0x0000000779297ef8,0x000000077c900000)
}
Event: 30.537 GC heap before
{Heap before GC invocations=21 (full 3):
 PSYoungGen      total 373760K, used 349617K [0x00000007d5500000, 0x00000007f4c00000, 0x0000000800000000)
  eden space 342016K, 100% used [0x00000007d5500000,0x00000007ea300000,0x00000007ea300000)
  from space 31744K, 23% used [0x00000007ea300000,0x00000007eaa6c7e8,0x00000007ec200000)
  to   space 48128K, 0% used [0x00000007f1d00000,0x00000007f1d00000,0x00000007f4c00000)
 ParOldGen       total 165888K, used 104576K [0x0000000780000000, 0x000000078a200000, 0x00000007d5500000)
  object space 165888K, 63% used [0x0000000780000000,0x0000000786620338,0x000000078a200000)
 PSPermGen       total 113664K, used 58027K [0x0000000775a00000, 0x000000077c900000, 0x0000000780000000)
  object space 113664K, 51% used [0x0000000775a00000,0x00000007792aad00,0x000000077c900000)
Event: 30.690 GC heap after
Heap after GC invocations=21 (full 3):
 PSYoungGen      total 448000K, used 48107K [0x00000007d5500000, 0x00000007f5080000, 0x0000000800000000)
  eden space 399872K, 0% used [0x00000007d5500000,0x00000007d5500000,0x00000007edb80000)
  from space 48128K, 99% used [0x00000007f1d00000,0x00000007f4bfad10,0x00000007f4c00000)
  to   space 59904K, 0% used [0x00000007edb80000,0x00000007edb80000,0x00000007f1600000)
 ParOldGen       total 165888K, used 113674K [0x0000000780000000, 0x000000078a200000, 0x00000007d5500000)
  object space 165888K, 68% used [0x0000000780000000,0x0000000786f02ac0,0x000000078a200000)
 PSPermGen       total 113664K, used 58027K [0x0000000775a00000, 0x000000077c900000, 0x0000000780000000)
  object space 113664K, 51% used [0x0000000775a00000,0x00000007792aad00,0x000000077c900000)
}
Event: 33.227 GC heap before
{Heap before GC invocations=22 (full 3):
 PSYoungGen      total 448000K, used 447979K [0x00000007d5500000, 0x00000007f5080000, 0x0000000800000000)
  eden space 399872K, 100% used [0x00000007d5500000,0x00000007edb80000,0x00000007edb80000)
  from space 48128K, 99% used [0x00000007f1d00000,0x00000007f4bfad10,0x00000007f4c00000)
  to   space 59904K, 0% used [0x00000007edb80000,0x00000007edb80000,0x00000007f1600000)
 ParOldGen       total 165888K, used 113674K [0x0000000780000000, 0x000000078a200000, 0x00000007d5500000)
  object space 165888K, 68% used [0x0000000780000000,0x0000000786f02ac0,0x000000078a200000)
 PSPermGen       total 113664K, used 58117K [0x0000000775a00000, 0x000000077c900000, 0x0000000780000000)
  object space 113664K, 51% used [0x0000000775a00000,0x00000007792c17c8,0x000000077c900000)
Event: 33.607 GC heap after
Heap after GC invocations=22 (full 3):
 PSYoungGen      total 459776K, used 54642K [0x00000007d5500000, 0x00000007fb980000, 0x0000000800000000)
  eden space 399872K, 0% used [0x00000007d5500000,0x00000007d5500000,0x00000007edb80000)
  from space 59904K, 91% used [0x00000007edb80000,0x00000007f10dcba0,0x00000007f1600000)
  to   space 68608K, 0% used [0x00000007f7680000,0x00000007f7680000,0x00000007fb980000)
 ParOldGen       total 165888K, used 158834K [0x0000000780000000, 0x000000078a200000, 0x00000007d5500000)
  object space 165888K, 95% used [0x0000000780000000,0x0000000789b1c8a0,0x000000078a200000)
 PSPermGen       total 113664K, used 58117K [0x0000000775a00000, 0x000000077c900000, 0x0000000780000000)
  object space 113664K, 51% used [0x0000000775a00000,0x00000007792c17c8,0x000000077c900000)
}
Event: 33.610 GC heap before
{Heap before GC invocations=23 (full 4):
 PSYoungGen      total 459776K, used 54642K [0x00000007d5500000, 0x00000007fb980000, 0x0000000800000000)
  eden space 399872K, 0% used [0x00000007d5500000,0x00000007d5500000,0x00000007edb80000)
  from space 59904K, 91% used [0x00000007edb80000,0x00000007f10dcba0,0x00000007f1600000)
  to   space 68608K, 0% used [0x00000007f7680000,0x00000007f7680000,0x00000007fb980000)
 ParOldGen       total 165888K, used 158834K [0x0000000780000000, 0x000000078a200000, 0x00000007d5500000)
  object space 165888K, 95% used [0x0000000780000000,0x0000000789b1c8a0,0x000000078a200000)
 PSPermGen       total 113664K, used 58117K [0x0000000775a00000, 0x000000077c900000, 0x0000000780000000)
  object space 113664K, 51% used [0x0000000775a00000,0x00000007792c17c8,0x000000077c900000)
Event: 34.283 GC heap after
Heap after GC invocations=23 (full 4):
 PSYoungGen      total 459776K, used 4795K [0x00000007d5500000, 0x00000007fb980000, 0x0000000800000000)
  eden space 399872K, 0% used [0x00000007d5500000,0x00000007d5500000,0x00000007edb80000)
  from space 59904K, 8% used [0x00000007edb80000,0x00000007ee02ec50,0x00000007f1600000)
  to   space 68608K, 0% used [0x00000007f7680000,0x00000007f7680000,0x00000007fb980000)
 ParOldGen       total 251904K, used 165449K [0x0000000780000000, 0x000000078f600000, 0x00000007d5500000)
  object space 251904K, 65% used [0x0000000780000000,0x000000078a192520,0x000000078f600000)
 PSPermGen       total 110592K, used 58115K [0x0000000775a00000, 0x000000077c600000, 0x0000000780000000)
  object space 110592K, 52% used [0x0000000775a00000,0x00000007792c0f28,0x000000077c600000)
}
Event: 36.371 GC heap before
{Heap before GC invocations=24 (full 4):
 PSYoungGen      total 459776K, used 404667K [0x00000007d5500000, 0x00000007fb980000, 0x0000000800000000)
  eden space 399872K, 100% used [0x00000007d5500000,0x00000007edb80000,0x00000007edb80000)
  from space 59904K, 8% used [0x00000007edb80000,0x00000007ee02ec50,0x00000007f1600000)
  to   space 68608K, 0% used [0x00000007f7680000,0x00000007f7680000,0x00000007fb980000)
 ParOldGen       total 251904K, used 165449K [0x0000000780000000, 0x000000078f600000, 0x00000007d5500000)
  object space 251904K, 65% used [0x0000000780000000,0x000000078a192520,0x000000078f600000)
 PSPermGen       total 110592K, used 58199K [0x0000000775a00000, 0x000000077c600000, 0x0000000780000000)
  object space 110592K, 52% used [0x0000000775a00000,0x00000007792d5f10,0x000000077c600000)
Event: 36.749 GC heap after
Heap after GC invocations=24 (full 4):
 PSYoungGen      total 552448K, used 54012K [0x00000007d5500000, 0x00000007fc400000, 0x0000000800000000)
  eden space 483840K, 0% used [0x00000007d5500000,0x00000007d5500000,0x00000007f2d80000)
  from space 68608K, 78% used [0x00000007f7680000,0x00000007fab3f1a0,0x00000007fb980000)
  to   space 74752K, 0% used [0x00000007f2d80000,0x00000007f2d80000,0x00000007f7680000)
 ParOldGen       total 251904K, used 168571K [0x0000000780000000, 0x000000078f600000, 0x00000007d5500000)
  object space 251904K, 66% used [0x0000000780000000,0x000000078a49ef98,0x000000078f600000)
 PSPermGen       total 110592K, used 58199K [0x0000000775a00000, 0x000000077c600000, 0x0000000780000000)
  object space 110592K, 52% used [0x0000000775a00000,0x00000007792d5f10,0x000000077c600000)
}
Event: 37.749 GC heap before
{Heap before GC invocations=25 (full 4):
 PSYoungGen      total 552448K, used 537852K [0x00000007d5500000, 0x00000007fc400000, 0x0000000800000000)
  eden space 483840K, 100% used [0x00000007d5500000,0x00000007f2d80000,0x00000007f2d80000)
  from space 68608K, 78% used [0x00000007f7680000,0x00000007fab3f1a0,0x00000007fb980000)
  to   space 74752K, 0% used [0x00000007f2d80000,0x00000007f2d80000,0x00000007f7680000)
 ParOldGen       total 251904K, used 168571K [0x0000000780000000, 0x000000078f600000, 0x00000007d5500000)
  object space 251904K, 66% used [0x0000000780000000,0x000000078a49ef98,0x000000078f600000)
 PSPermGen       total 110592K, used 58219K [0x0000000775a00000, 0x000000077c600000, 0x0000000780000000)
  object space 110592K, 52% used [0x0000000775a00000,0x00000007792dad18,0x000000077c600000)

