# JRE version: Java(TM) SE Runtime Environment (8.0_131-b11) (build 1.8.0_131-b11)
# Java VM: Java HotSpot(TM) 64-Bit Server VM (25.131-b11 mixed mode linux-amd64 compressed oops)
Heap:
 PSYoungGen      total 498176K, used 0K [0x00000000d5580000, 0x0000000100000000, 0x0000000100000000)
  eden space 344576K, 0% used [0x00000000d5580000,0x00000000d5580000,0x00000000ea600000)
  from space 153600K, 0% used [0x00000000f6a00000,0x00000000f6a00000,0x0000000100000000)
  to   space 177152K, 0% used [0x00000000ea600000,0x00000000ea600000,0x00000000f5300000)
 ParOldGen       total 367104K, used 276579K [0x0000000080000000, 0x0000000096680000, 0x00000000d5580000)
  object space 367104K, 75% used [0x0000000080000000,0x0000000090e18d40,0x0000000096680000)
 Metaspace       used 76869K, capacity 83832K, committed 83968K, reserved 1122304K
  class space    used 9606K, capacity 10411K, committed 10496K, reserved 1048576K
GC Heap History (10 events):
Event: 11174.202 GC heap after
Heap after GC invocations=58 (full 7):
 PSYoungGen      total 620032K, used 0K [0x00000000d5580000, 0x0000000100000000, 0x0000000100000000)
  eden space 543232K, 0% used [0x00000000d5580000,0x00000000d5580000,0x00000000f6800000)
  from space 76800K, 0% used [0x00000000f6800000,0x00000000f6800000,0x00000000fb300000)
  to   space 78848K, 0% used [0x00000000fb300000,0x00000000fb300000,0x0000000100000000)
 ParOldGen       total 293376K, used 192595K [0x0000000080000000, 0x0000000091e80000, 0x00000000d5580000)
  object space 293376K, 65% used [0x0000000080000000,0x000000008bc14c30,0x0000000091e80000)
 Metaspace       used 76847K, capacity 83804K, committed 83968K, reserved 1122304K
  class space    used 9609K, capacity 10417K, committed 10496K, reserved 1048576K
}
Event: 11175.442 GC heap before
{Heap before GC invocations=59 (full 7):
 PSYoungGen      total 620032K, used 543232K [0x00000000d5580000, 0x0000000100000000, 0x0000000100000000)
  eden space 543232K, 100% used [0x00000000d5580000,0x00000000f6800000,0x00000000f6800000)
  from space 76800K, 0% used [0x00000000f6800000,0x00000000f6800000,0x00000000fb300000)
  to   space 78848K, 0% used [0x00000000fb300000,0x00000000fb300000,0x0000000100000000)
 ParOldGen       total 293376K, used 197299K [0x0000000080000000, 0x0000000091e80000, 0x00000000d5580000)
  object space 293376K, 67% used [0x0000000080000000,0x000000008c0acc00,0x0000000091e80000)
 Metaspace       used 76861K, capacity 83804K, committed 83968K, reserved 1122304K
  class space    used 9610K, capacity 10417K, committed 10496K, reserved 1048576K
Event: 11176.463 GC heap after
Heap after GC invocations=59 (full 7):
 PSYoungGen      total 485888K, used 78820K [0x00000000d5580000, 0x0000000100000000, 0x0000000100000000)
  eden space 407040K, 0% used [0x00000000d5580000,0x00000000d5580000,0x00000000ee300000)
  from space 78848K, 99% used [0x00000000fb300000,0x00000000ffff9308,0x0000000100000000)
  to   space 145920K, 0% used [0x00000000ee300000,0x00000000ee300000,0x00000000f7180000)
 ParOldGen       total 293376K, used 252522K [0x0000000080000000, 0x0000000091e80000, 0x00000000d5580000)
  object space 293376K, 86% used [0x0000000080000000,0x000000008f69a850,0x0000000091e80000)
 Metaspace       used 76861K, capacity 83804K, committed 83968K, reserved 1122304K
  class space    used 9610K, capacity 10417K, committed 10496K, reserved 1048576K
}
Event: 11176.467 GC heap before
{Heap before GC invocations=60 (full 8):
 PSYoungGen      total 485888K, used 78820K [0x00000000d5580000, 0x0000000100000000, 0x0000000100000000)
  eden space 407040K, 0% used [0x00000000d5580000,0x00000000d5580000,0x00000000ee300000)
  from space 78848K, 99% used [0x00000000fb300000,0x00000000ffff9308,0x0000000100000000)
  to   space 145920K, 0% used [0x00000000ee300000,0x00000000ee300000,0x00000000f7180000)
 ParOldGen       total 293376K, used 252522K [0x0000000080000000, 0x0000000091e80000, 0x00000000d5580000)
  object space 293376K, 86% used [0x0000000080000000,0x000000008f69a850,0x0000000091e80000)
 Metaspace       used 76861K, capacity 83804K, committed 83968K, reserved 1122304K
  class space    used 9610K, capacity 10417K, committed 10496K, reserved 1048576K
Event: 11176.938 GC heap after
Heap after GC invocations=60 (full 8):
 PSYoungGen      total 485888K, used 0K [0x00000000d5580000, 0x0000000100000000, 0x0000000100000000)
  eden space 407040K, 0% used [0x00000000d5580000,0x00000000d5580000,0x00000000ee300000)
  from space 78848K, 0% used [0x00000000fb300000,0x00000000fb300000,0x0000000100000000)
  to   space 145920K, 0% used [0x00000000ee300000,0x00000000ee300000,0x00000000f7180000)
 ParOldGen       total 367104K, used 249968K [0x0000000080000000, 0x0000000096680000, 0x00000000d5580000)
  object space 367104K, 68% used [0x0000000080000000,0x000000008f41c150,0x0000000096680000)
 Metaspace       used 76843K, capacity 83768K, committed 83968K, reserved 1122304K
  class space    used 9606K, capacity 10411K, committed 10496K, reserved 1048576K
}
Event: 11177.597 GC heap before
{Heap before GC invocations=61 (full 8):
 PSYoungGen      total 485888K, used 407040K [0x00000000d5580000, 0x0000000100000000, 0x0000000100000000)
  eden space 407040K, 100% used [0x00000000d5580000,0x00000000ee300000,0x00000000ee300000)
  from space 78848K, 0% used [0x00000000fb300000,0x00000000fb300000,0x0000000100000000)
  to   space 145920K, 0% used [0x00000000ee300000,0x00000000ee300000,0x00000000f7180000)
 ParOldGen       total 367104K, used 249970K [0x0000000080000000, 0x0000000096680000, 0x00000000d5580000)
  object space 367104K, 68% used [0x0000000080000000,0x000000008f41c830,0x0000000096680000)
 Metaspace       used 76868K, capacity 83832K, committed 83968K, reserved 1122304K
  class space    used 9606K, capacity 10411K, committed 10496K, reserved 1048576K
Event: 11177.675 GC heap after
Heap after GC invocations=61 (full 8):
 PSYoungGen      total 506368K, used 99323K [0x00000000d5580000, 0x0000000100000000, 0x0000000100000000)
  eden space 407040K, 0% used [0x00000000d5580000,0x00000000d5580000,0x00000000ee300000)
  from space 99328K, 99% used [0x00000000ee300000,0x00000000f43fed00,0x00000000f4400000)
  to   space 153600K, 0% used [0x00000000f6a00000,0x00000000f6a00000,0x0000000100000000)
 ParOldGen       total 367104K, used 249978K [0x0000000080000000, 0x0000000096680000, 0x00000000d5580000)
  object space 367104K, 68% used [0x0000000080000000,0x000000008f41e830,0x0000000096680000)
 Metaspace       used 76868K, capacity 83832K, committed 83968K, reserved 1122304K
  class space    used 9606K, capacity 10411K, committed 10496K, reserved 1048576K
}
Event: 11178.333 GC heap before
{Heap before GC invocations=62 (full 8):
 PSYoungGen      total 506368K, used 506363K [0x00000000d5580000, 0x0000000100000000, 0x0000000100000000)
  eden space 407040K, 100% used [0x00000000d5580000,0x00000000ee300000,0x00000000ee300000)
  from space 99328K, 99% used [0x00000000ee300000,0x00000000f43fed00,0x00000000f4400000)
  to   space 153600K, 0% used [0x00000000f6a00000,0x00000000f6a00000,0x0000000100000000)
 ParOldGen       total 367104K, used 249978K [0x0000000080000000, 0x0000000096680000, 0x00000000d5580000)
  object space 367104K, 68% used [0x0000000080000000,0x000000008f41e830,0x0000000096680000)
 Metaspace       used 76869K, capacity 83832K, committed 83968K, reserved 1122304K
  class space    used 9606K, capacity 10411K, committed 10496K, reserved 1048576K
Event: 11178.722 GC heap after
Heap after GC invocations=62 (full 8):
 PSYoungGen      total 498176K, used 146672K [0x00000000d5580000, 0x0000000100000000, 0x0000000100000000)
  eden space 344576K, 0% used [0x00000000d5580000,0x00000000d5580000,0x00000000ea600000)
  from space 153600K, 95% used [0x00000000f6a00000,0x00000000ff93c018,0x0000000100000000)
  to   space 177152K, 0% used [0x00000000ea600000,0x00000000ea600000,0x00000000f5300000)
 ParOldGen       total 367104K, used 305669K [0x0000000080000000, 0x0000000096680000, 0x00000000d5580000)
  object space 367104K, 83% used [0x0000000080000000,0x0000000092a81468,0x0000000096680000)
 Metaspace       used 76869K, capacity 83832K, committed 83968K, reserved 1122304K
  class space    used 9606K, capacity 10411K, committed 10496K, reserved 1048576K
}
Event: 11178.742 GC heap before
{Heap before GC invocations=63 (full 9):
 PSYoungGen      total 498176K, used 146672K [0x00000000d5580000, 0x0000000100000000, 0x0000000100000000)
  eden space 344576K, 0% used [0x00000000d5580000,0x00000000d5580000,0x00000000ea600000)
  from space 153600K, 95% used [0x00000000f6a00000,0x00000000ff93c018,0x0000000100000000)
  to   space 177152K, 0% used [0x00000000ea600000,0x00000000ea600000,0x00000000f5300000)
 ParOldGen       total 367104K, used 305669K [0x0000000080000000, 0x0000000096680000, 0x00000000d5580000)
  object space 367104K, 83% used [0x0000000080000000,0x0000000092a81468,0x0000000096680000)
 Metaspace       used 76869K, capacity 83832K, committed 83968K, reserved 1122304K
  class space    used 9606K, capacity 10411K, committed 10496K, reserved 1048576K

