# JRE version: OpenJDK Runtime Environment (7.0_91-b02) (build 1.7.0_91-b02)
# Java VM: OpenJDK 64-Bit Server VM (24.91-b01 mixed mode linux-amd64 compressed oops)
Heap
 def new generation   total 11520K, used 0K [0x00000000b0000000, 0x00000000b0c80000, 0x00000000c5550000)
  eden space 10240K,   0% used [0x00000000b0000000, 0x00000000b0000000, 0x00000000b0a00000)
  from space 1280K,   0% used [0x00000000b0a00000, 0x00000000b0a00000, 0x00000000b0b40000)
  to   space 1280K,   0% used [0x00000000b0b40000, 0x00000000b0b40000, 0x00000000b0c80000)
 tenured generation   total 25396K, used 23911K [0x00000000c5550000, 0x00000000c6e1d000, 0x00000000f0000000)
   the space 25396K,  94% used [0x00000000c5550000, 0x00000000c6ca9e50, 0x00000000c6caa000, 0x00000000c6e1d000)
 compacting perm gen  total 39296K, used 39295K [0x00000000f0000000, 0x00000000f2660000, 0x0000000100000000)
   the space 39296K,  99% used [0x00000000f0000000, 0x00000000f265ffc8, 0x00000000f2660000, 0x00000000f2660000)
GC Heap History (10 events):
Event: 32.374 GC heap after
Heap after GC invocations=103 (full 4):
 def new generation   total 11520K, used 1279K [0x00000000b0000000, 0x00000000b0c80000, 0x00000000c5550000)
  eden space 10240K,   0% used [0x00000000b0000000, 0x00000000b0000000, 0x00000000b0a00000)
  from space 1280K,  99% used [0x00000000b0a00000, 0x00000000b0b3fff8, 0x00000000b0b40000)
  to   space 1280K,   0% used [0x00000000b0b40000, 0x00000000b0b40000, 0x00000000b0c80000)
 tenured generation   total 25396K, used 16813K [0x00000000c5550000, 0x00000000c6e1d000, 0x00000000f0000000)
   the space 25396K,  66% used [0x00000000c5550000, 0x00000000c65bb790, 0x00000000c65bb800, 0x00000000c6e1d000)
 compacting perm gen  total 35136K, used 34922K [0x00000000f0000000, 0x00000000f2250000, 0x0000000100000000)
   the space 35136K,  99% used [0x00000000f0000000, 0x00000000f221aa28, 0x00000000f221ac00, 0x00000000f2250000)
No shared spaces configured.
}
Event: 34.709 GC heap before
{Heap before GC invocations=103 (full 4):
 def new generation   total 11520K, used 11519K [0x00000000b0000000, 0x00000000b0c80000, 0x00000000c5550000)
  eden space 10240K, 100% used [0x00000000b0000000, 0x00000000b0a00000, 0x00000000b0a00000)
  from space 1280K,  99% used [0x00000000b0a00000, 0x00000000b0b3fff8, 0x00000000b0b40000)
  to   space 1280K,   0% used [0x00000000b0b40000, 0x00000000b0b40000, 0x00000000b0c80000)
 tenured generation   total 25396K, used 16813K [0x00000000c5550000, 0x00000000c6e1d000, 0x00000000f0000000)
   the space 25396K,  66% used [0x00000000c5550000, 0x00000000c65bb790, 0x00000000c65bb800, 0x00000000c6e1d000)
 compacting perm gen  total 35136K, used 34980K [0x00000000f0000000, 0x00000000f2250000, 0x0000000100000000)
   the space 35136K,  99% used [0x00000000f0000000, 0x00000000f2229240, 0x00000000f2229400, 0x00000000f2250000)
No shared spaces configured.
Event: 34.954 GC heap after
Heap after GC invocations=104 (full 4):
 def new generation   total 11520K, used 1280K [0x00000000b0000000, 0x00000000b0c80000, 0x00000000c5550000)
  eden space 10240K,   0% used [0x00000000b0000000, 0x00000000b0000000, 0x00000000b0a00000)
  from space 1280K, 100% used [0x00000000b0b40000, 0x00000000b0c80000, 0x00000000b0c80000)
  to   space 1280K,   0% used [0x00000000b0a00000, 0x00000000b0a00000, 0x00000000b0b40000)
 tenured generation   total 25396K, used 18075K [0x00000000c5550000, 0x00000000c6e1d000, 0x00000000f0000000)
   the space 25396K,  71% used [0x00000000c5550000, 0x00000000c66f6d98, 0x00000000c66f6e00, 0x00000000c6e1d000)
 compacting perm gen  total 35136K, used 34980K [0x00000000f0000000, 0x00000000f2250000, 0x0000000100000000)
   the space 35136K,  99% used [0x00000000f0000000, 0x00000000f2229240, 0x00000000f2229400, 0x00000000f2250000)
No shared spaces configured.
}
Event: 38.623 GC heap before
{Heap before GC invocations=104 (full 4):
 def new generation   total 11520K, used 11520K [0x00000000b0000000, 0x00000000b0c80000, 0x00000000c5550000)
  eden space 10240K, 100% used [0x00000000b0000000, 0x00000000b0a00000, 0x00000000b0a00000)
  from space 1280K, 100% used [0x00000000b0b40000, 0x00000000b0c80000, 0x00000000b0c80000)
  to   space 1280K,   0% used [0x00000000b0a00000, 0x00000000b0a00000, 0x00000000b0b40000)
 tenured generation   total 25396K, used 18075K [0x00000000c5550000, 0x00000000c6e1d000, 0x00000000f0000000)
   the space 25396K,  71% used [0x00000000c5550000, 0x00000000c66f6d98, 0x00000000c66f6e00, 0x00000000c6e1d000)
 compacting perm gen  total 35776K, used 35500K [0x00000000f0000000, 0x00000000f22f0000, 0x0000000100000000)
   the space 35776K,  99% used [0x00000000f0000000, 0x00000000f22ab320, 0x00000000f22ab400, 0x00000000f22f0000)
No shared spaces configured.
Event: 38.796 GC heap after
Heap after GC invocations=105 (full 4):
 def new generation   total 11520K, used 1103K [0x00000000b0000000, 0x00000000b0c80000, 0x00000000c5550000)
  eden space 10240K,   0% used [0x00000000b0000000, 0x00000000b0000000, 0x00000000b0a00000)
  from space 1280K,  86% used [0x00000000b0a00000, 0x00000000b0b13c00, 0x00000000b0b40000)
  to   space 1280K,   0% used [0x00000000b0b40000, 0x00000000b0b40000, 0x00000000b0c80000)
 tenured generation   total 25396K, used 19350K [0x00000000c5550000, 0x00000000c6e1d000, 0x00000000f0000000)
   the space 25396K,  76% used [0x00000000c5550000, 0x00000000c68359b8, 0x00000000c6835a00, 0x00000000c6e1d000)
 compacting perm gen  total 35776K, used 35500K [0x00000000f0000000, 0x00000000f22f0000, 0x0000000100000000)
   the space 35776K,  99% used [0x00000000f0000000, 0x00000000f22ab320, 0x00000000f22ab400, 0x00000000f22f0000)
No shared spaces configured.
}
Event: 42.885 GC heap before
{Heap before GC invocations=105 (full 4):
 def new generation   total 11520K, used 11343K [0x00000000b0000000, 0x00000000b0c80000, 0x00000000c5550000)
  eden space 10240K, 100% used [0x00000000b0000000, 0x00000000b0a00000, 0x00000000b0a00000)
  from space 1280K,  86% used [0x00000000b0a00000, 0x00000000b0b13c00, 0x00000000b0b40000)
  to   space 1280K,   0% used [0x00000000b0b40000, 0x00000000b0b40000, 0x00000000b0c80000)
 tenured generation   total 25396K, used 19350K [0x00000000c5550000, 0x00000000c6e1d000, 0x00000000f0000000)
   the space 25396K,  76% used [0x00000000c5550000, 0x00000000c68359b8, 0x00000000c6835a00, 0x00000000c6e1d000)
 compacting perm gen  total 36416K, used 36364K [0x00000000f0000000, 0x00000000f2390000, 0x0000000100000000)
   the space 36416K,  99% used [0x00000000f0000000, 0x00000000f23831e8, 0x00000000f2383200, 0x00000000f2390000)
No shared spaces configured.
Event: 42.956 GC heap after
Heap after GC invocations=106 (full 4):
 def new generation   total 11520K, used 1280K [0x00000000b0000000, 0x00000000b0c80000, 0x00000000c5550000)
  eden space 10240K,   0% used [0x00000000b0000000, 0x00000000b0000000, 0x00000000b0a00000)
  from space 1280K, 100% used [0x00000000b0b40000, 0x00000000b0c80000, 0x00000000b0c80000)
  to   space 1280K,   0% used [0x00000000b0a00000, 0x00000000b0a00000, 0x00000000b0b40000)
 tenured generation   total 25396K, used 20416K [0x00000000c5550000, 0x00000000c6e1d000, 0x00000000f0000000)
   the space 25396K,  80% used [0x00000000c5550000, 0x00000000c69401c0, 0x00000000c6940200, 0x00000000c6e1d000)
 compacting perm gen  total 36416K, used 36364K [0x00000000f0000000, 0x00000000f2390000, 0x0000000100000000)
   the space 36416K,  99% used [0x00000000f0000000, 0x00000000f23831e8, 0x00000000f2383200, 0x00000000f2390000)
No shared spaces configured.
}
Event: 72.163 GC heap before
{Heap before GC invocations=106 (full 4):
 def new generation   total 11520K, used 11520K [0x00000000b0000000, 0x00000000b0c80000, 0x00000000c5550000)
  eden space 10240K, 100% used [0x00000000b0000000, 0x00000000b0a00000, 0x00000000b0a00000)
  from space 1280K, 100% used [0x00000000b0b40000, 0x00000000b0c80000, 0x00000000b0c80000)
  to   space 1280K,   0% used [0x00000000b0a00000, 0x00000000b0a00000, 0x00000000b0b40000)
 tenured generation   total 25396K, used 20416K [0x00000000c5550000, 0x00000000c6e1d000, 0x00000000f0000000)
   the space 25396K,  80% used [0x00000000c5550000, 0x00000000c69401c0, 0x00000000c6940200, 0x00000000c6e1d000)
 compacting perm gen  total 38016K, used 37965K [0x00000000f0000000, 0x00000000f2520000, 0x0000000100000000)
   the space 38016K,  99% used [0x00000000f0000000, 0x00000000f25137e8, 0x00000000f2513800, 0x00000000f2520000)
No shared spaces configured.
Event: 72.772 GC heap after
Heap after GC invocations=107 (full 4):
 def new generation   total 11520K, used 1279K [0x00000000b0000000, 0x00000000b0c80000, 0x00000000c5550000)
  eden space 10240K,   0% used [0x00000000b0000000, 0x00000000b0000000, 0x00000000b0a00000)
  from space 1280K,  99% used [0x00000000b0a00000, 0x00000000b0b3fff8, 0x00000000b0b40000)
  to   space 1280K,   0% used [0x00000000b0b40000, 0x00000000b0b40000, 0x00000000b0c80000)
 tenured generation   total 25396K, used 22041K [0x00000000c5550000, 0x00000000c6e1d000, 0x00000000f0000000)
   the space 25396K,  86% used [0x00000000c5550000, 0x00000000c6ad64b8, 0x00000000c6ad6600, 0x00000000c6e1d000)
 compacting perm gen  total 38016K, used 37965K [0x00000000f0000000, 0x00000000f2520000, 0x0000000100000000)
   the space 38016K,  99% used [0x00000000f0000000, 0x00000000f25137e8, 0x00000000f2513800, 0x00000000f2520000)
No shared spaces configured.
}
Event: 110.581 GC heap before
{Heap before GC invocations=107 (full 4):
 def new generation   total 11520K, used 10704K [0x00000000b0000000, 0x00000000b0c80000, 0x00000000c5550000)
  eden space 10240K,  92% used [0x00000000b0000000, 0x00000000b0934040, 0x00000000b0a00000)
  from space 1280K,  99% used [0x00000000b0a00000, 0x00000000b0b3fff8, 0x00000000b0b40000)
  to   space 1280K,   0% used [0x00000000b0b40000, 0x00000000b0b40000, 0x00000000b0c80000)
 tenured generation   total 25396K, used 22041K [0x00000000c5550000, 0x00000000c6e1d000, 0x00000000f0000000)
   the space 25396K,  86% used [0x00000000c5550000, 0x00000000c6ad64b8, 0x00000000c6ad6600, 0x00000000c6e1d000)
 compacting perm gen  total 39296K, used 39295K [0x00000000f0000000, 0x00000000f2660000, 0x0000000100000000)
   the space 39296K,  99% used [0x00000000f0000000, 0x00000000f265ffc8, 0x00000000f2660000, 0x00000000f2660000)
No shared spaces configured.

