# JRE version: OpenJDK Runtime Environment (7.0_91-b02) (build 1.7.0_91-b02)
# Java VM: OpenJDK 64-Bit Server VM (24.91-b01 mixed mode linux-amd64 compressed oops)
Heap
 PSYoungGen      total 204288K, used 0K [0x00000000eaa80000, 0x0000000100000000, 0x0000000100000000)
  eden space 130560K, 0% used [0x00000000eaa80000,0x00000000eaa80000,0x00000000f2a00000)
  from space 73728K, 0% used [0x00000000fa800000,0x00000000fa800000,0x00000000ff000000)
  to   space 109568K, 0% used [0x00000000f2a00000,0x00000000f2a00000,0x00000000f9500000)
 ParOldGen       total 223232K, used 162916K [0x00000000c0000000, 0x00000000cda00000, 0x00000000eaa80000)
  object space 223232K, 72% used [0x00000000c0000000,0x00000000c9f191a8,0x00000000cda00000)
 PSPermGen       total 21504K, used 6282K [0x00000000b5a00000, 0x00000000b6f00000, 0x00000000c0000000)
  object space 21504K, 29% used [0x00000000b5a00000,0x00000000b6022bd8,0x00000000b6f00000)
GC Heap History (10 events):
Event: 24.109 GC heap after
Heap after GC invocations=13 (full 2):
 PSYoungGen      total 180224K, used 44388K [0x00000000eaa80000, 0x00000000fc100000, 0x0000000100000000)
  eden space 127488K, 0% used [0x00000000eaa80000,0x00000000eaa80000,0x00000000f2700000)
  from space 52736K, 84% used [0x00000000f2700000,0x00000000f52592b0,0x00000000f5a80000)
  to   space 59392K, 0% used [0x00000000f8700000,0x00000000f8700000,0x00000000fc100000)
 ParOldGen       total 144896K, used 119649K [0x00000000c0000000, 0x00000000c8d80000, 0x00000000eaa80000)
  object space 144896K, 82% used [0x00000000c0000000,0x00000000c74d87b0,0x00000000c8d80000)
 PSPermGen       total 21504K, used 6272K [0x00000000b5a00000, 0x00000000b6f00000, 0x00000000c0000000)
  object space 21504K, 29% used [0x00000000b5a00000,0x00000000b6020340,0x00000000b6f00000)
}
Event: 24.109 GC heap before
{Heap before GC invocations=14 (full 3):
 PSYoungGen      total 180224K, used 44388K [0x00000000eaa80000, 0x00000000fc100000, 0x0000000100000000)
  eden space 127488K, 0% used [0x00000000eaa80000,0x00000000eaa80000,0x00000000f2700000)
  from space 52736K, 84% used [0x00000000f2700000,0x00000000f52592b0,0x00000000f5a80000)
  to   space 59392K, 0% used [0x00000000f8700000,0x00000000f8700000,0x00000000fc100000)
 ParOldGen       total 144896K, used 119649K [0x00000000c0000000, 0x00000000c8d80000, 0x00000000eaa80000)
  object space 144896K, 82% used [0x00000000c0000000,0x00000000c74d87b0,0x00000000c8d80000)
 PSPermGen       total 21504K, used 6272K [0x00000000b5a00000, 0x00000000b6f00000, 0x00000000c0000000)
  object space 21504K, 29% used [0x00000000b5a00000,0x00000000b6020340,0x00000000b6f00000)
Event: 30.619 GC heap after
Heap after GC invocations=14 (full 3):
 PSYoungGen      total 180224K, used 14087K [0x00000000eaa80000, 0x00000000fc100000, 0x0000000100000000)
  eden space 127488K, 0% used [0x00000000eaa80000,0x00000000eaa80000,0x00000000f2700000)
  from space 52736K, 26% used [0x00000000f2700000,0x00000000f34c1c48,0x00000000f5a80000)
  to   space 59392K, 0% used [0x00000000f8700000,0x00000000f8700000,0x00000000fc100000)
 ParOldGen       total 218624K, used 144622K [0x00000000c0000000, 0x00000000cd580000, 0x00000000eaa80000)
  object space 218624K, 66% used [0x00000000c0000000,0x00000000c8d3b948,0x00000000cd580000)
 PSPermGen       total 21504K, used 6272K [0x00000000b5a00000, 0x00000000b6f00000, 0x00000000c0000000)
  object space 21504K, 29% used [0x00000000b5a00000,0x00000000b6020140,0x00000000b6f00000)
}
Event: 31.729 GC heap before
{Heap before GC invocations=15 (full 3):
 PSYoungGen      total 180224K, used 141575K [0x00000000eaa80000, 0x00000000fc100000, 0x0000000100000000)
  eden space 127488K, 100% used [0x00000000eaa80000,0x00000000f2700000,0x00000000f2700000)
  from space 52736K, 26% used [0x00000000f2700000,0x00000000f34c1c48,0x00000000f5a80000)
  to   space 59392K, 0% used [0x00000000f8700000,0x00000000f8700000,0x00000000fc100000)
 ParOldGen       total 218624K, used 144622K [0x00000000c0000000, 0x00000000cd580000, 0x00000000eaa80000)
  object space 218624K, 66% used [0x00000000c0000000,0x00000000c8d3b948,0x00000000cd580000)
 PSPermGen       total 21504K, used 6272K [0x00000000b5a00000, 0x00000000b6f00000, 0x00000000c0000000)
  object space 21504K, 29% used [0x00000000b5a00000,0x00000000b6020200,0x00000000b6f00000)
Event: 33.184 GC heap after
Heap after GC invocations=15 (full 3):
 PSYoungGen      total 214528K, used 45604K [0x00000000eaa80000, 0x00000000fc100000, 0x0000000100000000)
  eden space 155136K, 0% used [0x00000000eaa80000,0x00000000eaa80000,0x00000000f4200000)
  from space 59392K, 76% used [0x00000000f8700000,0x00000000fb389210,0x00000000fc100000)
  to   space 65024K, 0% used [0x00000000f4200000,0x00000000f4200000,0x00000000f8180000)
 ParOldGen       total 218624K, used 159430K [0x00000000c0000000, 0x00000000cd580000, 0x00000000eaa80000)
  object space 218624K, 72% used [0x00000000c0000000,0x00000000c9bb1948,0x00000000cd580000)
 PSPermGen       total 21504K, used 6272K [0x00000000b5a00000, 0x00000000b6f00000, 0x00000000c0000000)
  object space 21504K, 29% used [0x00000000b5a00000,0x00000000b6020200,0x00000000b6f00000)
}
Event: 38.724 GC heap before
{Heap before GC invocations=16 (full 3):
 PSYoungGen      total 214528K, used 200740K [0x00000000eaa80000, 0x00000000fc100000, 0x0000000100000000)
  eden space 155136K, 100% used [0x00000000eaa80000,0x00000000f4200000,0x00000000f4200000)
  from space 59392K, 76% used [0x00000000f8700000,0x00000000fb389210,0x00000000fc100000)
  to   space 65024K, 0% used [0x00000000f4200000,0x00000000f4200000,0x00000000f8180000)
 ParOldGen       total 218624K, used 159430K [0x00000000c0000000, 0x00000000cd580000, 0x00000000eaa80000)
  object space 218624K, 72% used [0x00000000c0000000,0x00000000c9bb1948,0x00000000cd580000)
 PSPermGen       total 21504K, used 6281K [0x00000000b5a00000, 0x00000000b6f00000, 0x00000000c0000000)
  object space 21504K, 29% used [0x00000000b5a00000,0x00000000b6022508,0x00000000b6f00000)
Event: 39.313 GC heap after
Heap after GC invocations=16 (full 3):
 PSYoungGen      total 220160K, used 57526K [0x00000000eaa80000, 0x00000000ff000000, 0x0000000100000000)
  eden space 155136K, 0% used [0x00000000eaa80000,0x00000000eaa80000,0x00000000f4200000)
  from space 65024K, 88% used [0x00000000f4200000,0x00000000f7a2d868,0x00000000f8180000)
  to   space 73728K, 0% used [0x00000000fa800000,0x00000000fa800000,0x00000000ff000000)
 ParOldGen       total 218624K, used 159430K [0x00000000c0000000, 0x00000000cd580000, 0x00000000eaa80000)
  object space 218624K, 72% used [0x00000000c0000000,0x00000000c9bb1948,0x00000000cd580000)
 PSPermGen       total 21504K, used 6281K [0x00000000b5a00000, 0x00000000b6f00000, 0x00000000c0000000)
  object space 21504K, 29% used [0x00000000b5a00000,0x00000000b6022508,0x00000000b6f00000)
}
Event: 40.224 GC heap before
{Heap before GC invocations=17 (full 3):
 PSYoungGen      total 220160K, used 212662K [0x00000000eaa80000, 0x00000000ff000000, 0x0000000100000000)
  eden space 155136K, 100% used [0x00000000eaa80000,0x00000000f4200000,0x00000000f4200000)
  from space 65024K, 88% used [0x00000000f4200000,0x00000000f7a2d868,0x00000000f8180000)
  to   space 73728K, 0% used [0x00000000fa800000,0x00000000fa800000,0x00000000ff000000)
 ParOldGen       total 218624K, used 159430K [0x00000000c0000000, 0x00000000cd580000, 0x00000000eaa80000)
  object space 218624K, 72% used [0x00000000c0000000,0x00000000c9bb1948,0x00000000cd580000)
 PSPermGen       total 21504K, used 6283K [0x00000000b5a00000, 0x00000000b6f00000, 0x00000000c0000000)
  object space 21504K, 29% used [0x00000000b5a00000,0x00000000b6022db8,0x00000000b6f00000)
Event: 47.904 GC heap after
Heap after GC invocations=17 (full 3):
 PSYoungGen      total 204288K, used 73717K [0x00000000eaa80000, 0x0000000100000000, 0x0000000100000000)
  eden space 130560K, 0% used [0x00000000eaa80000,0x00000000eaa80000,0x00000000f2a00000)
  from space 73728K, 99% used [0x00000000fa800000,0x00000000feffd5e0,0x00000000ff000000)
  to   space 109568K, 0% used [0x00000000f2a00000,0x00000000f2a00000,0x00000000f9500000)
 ParOldGen       total 223232K, used 222107K [0x00000000c0000000, 0x00000000cda00000, 0x00000000eaa80000)
  object space 223232K, 99% used [0x00000000c0000000,0x00000000cd8e6cb8,0x00000000cda00000)
 PSPermGen       total 21504K, used 6283K [0x00000000b5a00000, 0x00000000b6f00000, 0x00000000c0000000)
  object space 21504K, 29% used [0x00000000b5a00000,0x00000000b6022db8,0x00000000b6f00000)
}
Event: 47.904 GC heap before
{Heap before GC invocations=18 (full 4):
 PSYoungGen      total 204288K, used 73717K [0x00000000eaa80000, 0x0000000100000000, 0x0000000100000000)
  eden space 130560K, 0% used [0x00000000eaa80000,0x00000000eaa80000,0x00000000f2a00000)
  from space 73728K, 99% used [0x00000000fa800000,0x00000000feffd5e0,0x00000000ff000000)
  to   space 109568K, 0% used [0x00000000f2a00000,0x00000000f2a00000,0x00000000f9500000)
 ParOldGen       total 223232K, used 222107K [0x00000000c0000000, 0x00000000cda00000, 0x00000000eaa80000)
  object space 223232K, 99% used [0x00000000c0000000,0x00000000cd8e6cb8,0x00000000cda00000)
 PSPermGen       total 21504K, used 6283K [0x00000000b5a00000, 0x00000000b6f00000, 0x00000000c0000000)
  object space 21504K, 29% used [0x00000000b5a00000,0x00000000b6022db8,0x00000000b6f00000)

