# JRE version: OpenJDK Runtime Environment (7.0_91-b02) (build 1.7.0_91-b02)
# Java VM: OpenJDK 64-Bit Server VM (24.91-b01 mixed mode linux-amd64 compressed oops)
Heap
 PSYoungGen      total 162304K, used 20326K [0x00000000eaa80000, 0x00000000f9000000, 0x0000000100000000)
  eden space 125440K, 0% used [0x00000000eaa80000,0x00000000eaa80000,0x00000000f2500000)
  from space 36864K, 55% used [0x00000000f5f80000,0x00000000f7359920,0x00000000f8380000)
  to   space 54784K, 0% used [0x00000000f2500000,0x00000000f2500000,0x00000000f5a80000)
 ParOldGen       total 104448K, used 104187K [0x00000000c0000000, 0x00000000c6600000, 0x00000000eaa80000)
  object space 104448K, 99% used [0x00000000c0000000,0x00000000c65becf8,0x00000000c6600000)
 PSPermGen       total 21504K, used 6264K [0x00000000b5a00000, 0x00000000b6f00000, 0x00000000c0000000)
  object space 21504K, 29% used [0x00000000b5a00000,0x00000000b601e1a8,0x00000000b6f00000)
GC Heap History (10 events):
Event: 6.776 GC heap after
Heap after GC invocations=7 (full 0):
 PSYoungGen      total 56320K, used 8160K [0x00000000eaa80000, 0x00000000f2080000, 0x0000000100000000)
  eden space 48128K, 0% used [0x00000000eaa80000,0x00000000eaa80000,0x00000000ed980000)
  from space 8192K, 99% used [0x00000000ed980000,0x00000000ee178028,0x00000000ee180000)
  to   space 12288K, 0% used [0x00000000f1480000,0x00000000f1480000,0x00000000f2080000)
 ParOldGen       total 31744K, used 12203K [0x00000000c0000000, 0x00000000c1f00000, 0x00000000eaa80000)
  object space 31744K, 38% used [0x00000000c0000000,0x00000000c0beacc0,0x00000000c1f00000)
 PSPermGen       total 21504K, used 6212K [0x00000000b5a00000, 0x00000000b6f00000, 0x00000000c0000000)
  object space 21504K, 28% used [0x00000000b5a00000,0x00000000b60111f0,0x00000000b6f00000)
}
Event: 8.211 GC heap before
{Heap before GC invocations=8 (full 0):
 PSYoungGen      total 56320K, used 56288K [0x00000000eaa80000, 0x00000000f2080000, 0x0000000100000000)
  eden space 48128K, 100% used [0x00000000eaa80000,0x00000000ed980000,0x00000000ed980000)
  from space 8192K, 99% used [0x00000000ed980000,0x00000000ee178028,0x00000000ee180000)
  to   space 12288K, 0% used [0x00000000f1480000,0x00000000f1480000,0x00000000f2080000)
 ParOldGen       total 31744K, used 12203K [0x00000000c0000000, 0x00000000c1f00000, 0x00000000eaa80000)
  object space 31744K, 38% used [0x00000000c0000000,0x00000000c0beacc0,0x00000000c1f00000)
 PSPermGen       total 21504K, used 6247K [0x00000000b5a00000, 0x00000000b6f00000, 0x00000000c0000000)
  object space 21504K, 29% used [0x00000000b5a00000,0x00000000b6019eb8,0x00000000b6f00000)
Event: 8.244 GC heap after
Heap after GC invocations=8 (full 0):
 PSYoungGen      total 104960K, used 12272K [0x00000000eaa80000, 0x00000000f2780000, 0x0000000100000000)
  eden space 92672K, 0% used [0x00000000eaa80000,0x00000000eaa80000,0x00000000f0500000)
  from space 12288K, 99% used [0x00000000f1480000,0x00000000f207c3c8,0x00000000f2080000)
  to   space 15872K, 0% used [0x00000000f0500000,0x00000000f0500000,0x00000000f1480000)
 ParOldGen       total 31744K, used 15179K [0x00000000c0000000, 0x00000000c1f00000, 0x00000000eaa80000)
  object space 31744K, 47% used [0x00000000c0000000,0x00000000c0ed2df0,0x00000000c1f00000)
 PSPermGen       total 21504K, used 6247K [0x00000000b5a00000, 0x00000000b6f00000, 0x00000000c0000000)
  object space 21504K, 29% used [0x00000000b5a00000,0x00000000b6019eb8,0x00000000b6f00000)
}
Event: 10.580 GC heap before
{Heap before GC invocations=9 (full 0):
 PSYoungGen      total 104960K, used 104911K [0x00000000eaa80000, 0x00000000f2780000, 0x0000000100000000)
  eden space 92672K, 99% used [0x00000000eaa80000,0x00000000f04f7af8,0x00000000f0500000)
  from space 12288K, 99% used [0x00000000f1480000,0x00000000f207c3c8,0x00000000f2080000)
  to   space 15872K, 0% used [0x00000000f0500000,0x00000000f0500000,0x00000000f1480000)
 ParOldGen       total 31744K, used 15179K [0x00000000c0000000, 0x00000000c1f00000, 0x00000000eaa80000)
  object space 31744K, 47% used [0x00000000c0000000,0x00000000c0ed2df0,0x00000000c1f00000)
 PSPermGen       total 21504K, used 6266K [0x00000000b5a00000, 0x00000000b6f00000, 0x00000000c0000000)
  object space 21504K, 29% used [0x00000000b5a00000,0x00000000b601ea58,0x00000000b6f00000)
Event: 10.721 GC heap after
Heap after GC invocations=9 (full 0):
 PSYoungGen      total 108544K, used 15867K [0x00000000eaa80000, 0x00000000f8380000, 0x0000000100000000)
  eden space 92672K, 0% used [0x00000000eaa80000,0x00000000eaa80000,0x00000000f0500000)
  from space 15872K, 99% used [0x00000000f0500000,0x00000000f147ed18,0x00000000f1480000)
  to   space 36864K, 0% used [0x00000000f5f80000,0x00000000f5f80000,0x00000000f8380000)
 ParOldGen       total 61440K, used 60490K [0x00000000c0000000, 0x00000000c3c00000, 0x00000000eaa80000)
  object space 61440K, 98% used [0x00000000c0000000,0x00000000c3b12ab8,0x00000000c3c00000)
 PSPermGen       total 21504K, used 6266K [0x00000000b5a00000, 0x00000000b6f00000, 0x00000000c0000000)
  object space 21504K, 29% used [0x00000000b5a00000,0x00000000b601ea58,0x00000000b6f00000)
}
Event: 10.721 GC heap before
{Heap before GC invocations=10 (full 1):
 PSYoungGen      total 108544K, used 15867K [0x00000000eaa80000, 0x00000000f8380000, 0x0000000100000000)
  eden space 92672K, 0% used [0x00000000eaa80000,0x00000000eaa80000,0x00000000f0500000)
  from space 15872K, 99% used [0x00000000f0500000,0x00000000f147ed18,0x00000000f1480000)
  to   space 36864K, 0% used [0x00000000f5f80000,0x00000000f5f80000,0x00000000f8380000)
 ParOldGen       total 61440K, used 60490K [0x00000000c0000000, 0x00000000c3c00000, 0x00000000eaa80000)
  object space 61440K, 98% used [0x00000000c0000000,0x00000000c3b12ab8,0x00000000c3c00000)
 PSPermGen       total 21504K, used 6266K [0x00000000b5a00000, 0x00000000b6f00000, 0x00000000c0000000)
  object space 21504K, 29% used [0x00000000b5a00000,0x00000000b601ea58,0x00000000b6f00000)
Event: 11.493 GC heap after
Heap after GC invocations=10 (full 1):
 PSYoungGen      total 108544K, used 11242K [0x00000000eaa80000, 0x00000000f8380000, 0x0000000100000000)
  eden space 92672K, 0% used [0x00000000eaa80000,0x00000000eaa80000,0x00000000f0500000)
  from space 15872K, 70% used [0x00000000f0500000,0x00000000f0ffab30,0x00000000f1480000)
  to   space 36864K, 0% used [0x00000000f5f80000,0x00000000f5f80000,0x00000000f8380000)
 ParOldGen       total 104448K, used 61270K [0x00000000c0000000, 0x00000000c6600000, 0x00000000eaa80000)
  object space 104448K, 58% used [0x00000000c0000000,0x00000000c3bd5b88,0x00000000c6600000)
 PSPermGen       total 21504K, used 6264K [0x00000000b5a00000, 0x00000000b6f00000, 0x00000000c0000000)
  object space 21504K, 29% used [0x00000000b5a00000,0x00000000b601e1a8,0x00000000b6f00000)
}
Event: 11.623 GC heap before
{Heap before GC invocations=11 (full 1):
 PSYoungGen      total 108544K, used 103914K [0x00000000eaa80000, 0x00000000f8380000, 0x0000000100000000)
  eden space 92672K, 100% used [0x00000000eaa80000,0x00000000f0500000,0x00000000f0500000)
  from space 15872K, 70% used [0x00000000f0500000,0x00000000f0ffab30,0x00000000f1480000)
  to   space 36864K, 0% used [0x00000000f5f80000,0x00000000f5f80000,0x00000000f8380000)
 ParOldGen       total 104448K, used 61270K [0x00000000c0000000, 0x00000000c6600000, 0x00000000eaa80000)
  object space 104448K, 58% used [0x00000000c0000000,0x00000000c3bd5b88,0x00000000c6600000)
 PSPermGen       total 21504K, used 6264K [0x00000000b5a00000, 0x00000000b6f00000, 0x00000000c0000000)
  object space 21504K, 29% used [0x00000000b5a00000,0x00000000b601e1a8,0x00000000b6f00000)
Event: 11.942 GC heap after
Heap after GC invocations=11 (full 1):
 PSYoungGen      total 162304K, used 36860K [0x00000000eaa80000, 0x00000000f9000000, 0x0000000100000000)
  eden space 125440K, 0% used [0x00000000eaa80000,0x00000000eaa80000,0x00000000f2500000)
  from space 36864K, 99% used [0x00000000f5f80000,0x00000000f837f238,0x00000000f8380000)
  to   space 54784K, 0% used [0x00000000f2500000,0x00000000f2500000,0x00000000f5a80000)
 ParOldGen       total 104448K, used 91450K [0x00000000c0000000, 0x00000000c6600000, 0x00000000eaa80000)
  object space 104448K, 87% used [0x00000000c0000000,0x00000000c594ea50,0x00000000c6600000)
 PSPermGen       total 21504K, used 6264K [0x00000000b5a00000, 0x00000000b6f00000, 0x00000000c0000000)
  object space 21504K, 29% used [0x00000000b5a00000,0x00000000b601e1a8,0x00000000b6f00000)
}
Event: 11.942 GC heap before
{Heap before GC invocations=12 (full 2):
 PSYoungGen      total 162304K, used 36860K [0x00000000eaa80000, 0x00000000f9000000, 0x0000000100000000)
  eden space 125440K, 0% used [0x00000000eaa80000,0x00000000eaa80000,0x00000000f2500000)
  from space 36864K, 99% used [0x00000000f5f80000,0x00000000f837f238,0x00000000f8380000)
  to   space 54784K, 0% used [0x00000000f2500000,0x00000000f2500000,0x00000000f5a80000)
 ParOldGen       total 104448K, used 91450K [0x00000000c0000000, 0x00000000c6600000, 0x00000000eaa80000)
  object space 104448K, 87% used [0x00000000c0000000,0x00000000c594ea50,0x00000000c6600000)
 PSPermGen       total 21504K, used 6264K [0x00000000b5a00000, 0x00000000b6f00000, 0x00000000c0000000)
  object space 21504K, 29% used [0x00000000b5a00000,0x00000000b601e1a8,0x00000000b6f00000)

