# JRE version: OpenJDK Runtime Environment (7.0_91-b02) (build 1.7.0_91-b02)
# Java VM: OpenJDK 64-Bit Server VM (24.91-b01 mixed mode linux-amd64 compressed oops)
Heap
 PSYoungGen      total 216576K, used 42196K [0x00000000eaa80000, 0x0000000100000000, 0x0000000100000000)
  eden space 133632K, 0% used [0x00000000eaa80000,0x00000000eaa80000,0x00000000f2d00000)
  from space 82944K, 50% used [0x00000000faf00000,0x00000000fd8353c8,0x0000000100000000)
  to   space 108032K, 0% used [0x00000000f2d00000,0x00000000f2d00000,0x00000000f9680000)
 ParOldGen       total 207360K, used 206996K [0x00000000c0000000, 0x00000000cca80000, 0x00000000eaa80000)
  object space 207360K, 99% used [0x00000000c0000000,0x00000000cca252f8,0x00000000cca80000)
 PSPermGen       total 21504K, used 6293K [0x00000000b5a00000, 0x00000000b6f00000, 0x00000000c0000000)
  object space 21504K, 29% used [0x00000000b5a00000,0x00000000b6025598,0x00000000b6f00000)
GC Heap History (10 events):
Event: 16.691 GC heap after
Heap after GC invocations=16 (full 3):
 PSYoungGen      total 219136K, used 37360K [0x00000000eaa80000, 0x0000000100000000, 0x0000000100000000)
  eden space 143360K, 0% used [0x00000000eaa80000,0x00000000eaa80000,0x00000000f3680000)
  from space 75776K, 49% used [0x00000000f3680000,0x00000000f5afc180,0x00000000f8080000)
  to   space 81408K, 0% used [0x00000000fb080000,0x00000000fb080000,0x0000000100000000)
 ParOldGen       total 266752K, used 176394K [0x00000000c0000000, 0x00000000d0480000, 0x00000000eaa80000)
  object space 266752K, 66% used [0x00000000c0000000,0x00000000cac429d8,0x00000000d0480000)
 PSPermGen       total 21504K, used 6278K [0x00000000b5a00000, 0x00000000b6f00000, 0x00000000c0000000)
  object space 21504K, 29% used [0x00000000b5a00000,0x00000000b6021a80,0x00000000b6f00000)
}
Event: 18.161 GC heap before
{Heap before GC invocations=17 (full 3):
 PSYoungGen      total 219136K, used 180720K [0x00000000eaa80000, 0x0000000100000000, 0x0000000100000000)
  eden space 143360K, 100% used [0x00000000eaa80000,0x00000000f3680000,0x00000000f3680000)
  from space 75776K, 49% used [0x00000000f3680000,0x00000000f5afc180,0x00000000f8080000)
  to   space 81408K, 0% used [0x00000000fb080000,0x00000000fb080000,0x0000000100000000)
 ParOldGen       total 266752K, used 176394K [0x00000000c0000000, 0x00000000d0480000, 0x00000000eaa80000)
  object space 266752K, 66% used [0x00000000c0000000,0x00000000cac429d8,0x00000000d0480000)
 PSPermGen       total 21504K, used 6288K [0x00000000b5a00000, 0x00000000b6f00000, 0x00000000c0000000)
  object space 21504K, 29% used [0x00000000b5a00000,0x00000000b6024098,0x00000000b6f00000)
Event: 18.419 GC heap after
Heap after GC invocations=17 (full 3):
 PSYoungGen      total 265216K, used 46370K [0x00000000eaa80000, 0x0000000100000000, 0x0000000100000000)
  eden space 183808K, 0% used [0x00000000eaa80000,0x00000000eaa80000,0x00000000f5e00000)
  from space 81408K, 56% used [0x00000000fb080000,0x00000000fddc8b68,0x0000000100000000)
  to   space 82944K, 0% used [0x00000000f5e00000,0x00000000f5e00000,0x00000000faf00000)
 ParOldGen       total 266752K, used 213129K [0x00000000c0000000, 0x00000000d0480000, 0x00000000eaa80000)
  object space 266752K, 79% used [0x00000000c0000000,0x00000000cd0224d8,0x00000000d0480000)
 PSPermGen       total 21504K, used 6288K [0x00000000b5a00000, 0x00000000b6f00000, 0x00000000c0000000)
  object space 21504K, 29% used [0x00000000b5a00000,0x00000000b6024098,0x00000000b6f00000)
}
Event: 18.419 GC heap before
{Heap before GC invocations=18 (full 4):
 PSYoungGen      total 265216K, used 46370K [0x00000000eaa80000, 0x0000000100000000, 0x0000000100000000)
  eden space 183808K, 0% used [0x00000000eaa80000,0x00000000eaa80000,0x00000000f5e00000)
  from space 81408K, 56% used [0x00000000fb080000,0x00000000fddc8b68,0x0000000100000000)
  to   space 82944K, 0% used [0x00000000f5e00000,0x00000000f5e00000,0x00000000faf00000)
 ParOldGen       total 266752K, used 213129K [0x00000000c0000000, 0x00000000d0480000, 0x00000000eaa80000)
  object space 266752K, 79% used [0x00000000c0000000,0x00000000cd0224d8,0x00000000d0480000)
 PSPermGen       total 21504K, used 6288K [0x00000000b5a00000, 0x00000000b6f00000, 0x00000000c0000000)
  object space 21504K, 29% used [0x00000000b5a00000,0x00000000b6024098,0x00000000b6f00000)
Event: 19.074 GC heap after
Heap after GC invocations=18 (full 4):
 PSYoungGen      total 265216K, used 0K [0x00000000eaa80000, 0x0000000100000000, 0x0000000100000000)
  eden space 183808K, 0% used [0x00000000eaa80000,0x00000000eaa80000,0x00000000f5e00000)
  from space 81408K, 0% used [0x00000000fb080000,0x00000000fb080000,0x0000000100000000)
  to   space 82944K, 0% used [0x00000000f5e00000,0x00000000f5e00000,0x00000000faf00000)
 ParOldGen       total 202752K, used 92677K [0x00000000c0000000, 0x00000000cc600000, 0x00000000eaa80000)
  object space 202752K, 45% used [0x00000000c0000000,0x00000000c5a81550,0x00000000cc600000)
 PSPermGen       total 21504K, used 6287K [0x00000000b5a00000, 0x00000000b6f00000, 0x00000000c0000000)
  object space 21504K, 29% used [0x00000000b5a00000,0x00000000b6023fd8,0x00000000b6f00000)
}
Event: 20.148 GC heap before
{Heap before GC invocations=19 (full 4):
 PSYoungGen      total 265216K, used 183808K [0x00000000eaa80000, 0x0000000100000000, 0x0000000100000000)
  eden space 183808K, 100% used [0x00000000eaa80000,0x00000000f5e00000,0x00000000f5e00000)
  from space 81408K, 0% used [0x00000000fb080000,0x00000000fb080000,0x0000000100000000)
  to   space 82944K, 0% used [0x00000000f5e00000,0x00000000f5e00000,0x00000000faf00000)
 ParOldGen       total 202752K, used 92677K [0x00000000c0000000, 0x00000000cc600000, 0x00000000eaa80000)
  object space 202752K, 45% used [0x00000000c0000000,0x00000000c5a81550,0x00000000cc600000)
 PSPermGen       total 21504K, used 6288K [0x00000000b5a00000, 0x00000000b6f00000, 0x00000000c0000000)
  object space 21504K, 29% used [0x00000000b5a00000,0x00000000b60242a0,0x00000000b6f00000)
Event: 20.248 GC heap after
Heap after GC invocations=19 (full 4):
 PSYoungGen      total 266752K, used 82940K [0x00000000eaa80000, 0x0000000100000000, 0x0000000100000000)
  eden space 183808K, 0% used [0x00000000eaa80000,0x00000000eaa80000,0x00000000f5e00000)
  from space 82944K, 99% used [0x00000000f5e00000,0x00000000faeff148,0x00000000faf00000)
  to   space 82944K, 0% used [0x00000000faf00000,0x00000000faf00000,0x0000000100000000)
 ParOldGen       total 202752K, used 122680K [0x00000000c0000000, 0x00000000cc600000, 0x00000000eaa80000)
  object space 202752K, 60% used [0x00000000c0000000,0x00000000c77ce348,0x00000000cc600000)
 PSPermGen       total 21504K, used 6288K [0x00000000b5a00000, 0x00000000b6f00000, 0x00000000c0000000)
  object space 21504K, 29% used [0x00000000b5a00000,0x00000000b60242a0,0x00000000b6f00000)
}
Event: 21.334 GC heap before
{Heap before GC invocations=20 (full 4):
 PSYoungGen      total 266752K, used 266748K [0x00000000eaa80000, 0x0000000100000000, 0x0000000100000000)
  eden space 183808K, 100% used [0x00000000eaa80000,0x00000000f5e00000,0x00000000f5e00000)
  from space 82944K, 99% used [0x00000000f5e00000,0x00000000faeff148,0x00000000faf00000)
  to   space 82944K, 0% used [0x00000000faf00000,0x00000000faf00000,0x0000000100000000)
 ParOldGen       total 202752K, used 122680K [0x00000000c0000000, 0x00000000cc600000, 0x00000000eaa80000)
  object space 202752K, 60% used [0x00000000c0000000,0x00000000c77ce348,0x00000000cc600000)
 PSPermGen       total 21504K, used 6293K [0x00000000b5a00000, 0x00000000b6f00000, 0x00000000c0000000)
  object space 21504K, 29% used [0x00000000b5a00000,0x00000000b60256b8,0x00000000b6f00000)
Event: 21.533 GC heap after
Heap after GC invocations=20 (full 4):
 PSYoungGen      total 216576K, used 57103K [0x00000000eaa80000, 0x0000000100000000, 0x0000000100000000)
  eden space 133632K, 0% used [0x00000000eaa80000,0x00000000eaa80000,0x00000000f2d00000)
  from space 82944K, 68% used [0x00000000faf00000,0x00000000fe6c3cc8,0x0000000100000000)
  to   space 108032K, 0% used [0x00000000f2d00000,0x00000000f2d00000,0x00000000f9680000)
 ParOldGen       total 207360K, used 206883K [0x00000000c0000000, 0x00000000cca80000, 0x00000000eaa80000)
  object space 207360K, 99% used [0x00000000c0000000,0x00000000cca08d50,0x00000000cca80000)
 PSPermGen       total 21504K, used 6293K [0x00000000b5a00000, 0x00000000b6f00000, 0x00000000c0000000)
  object space 21504K, 29% used [0x00000000b5a00000,0x00000000b60256b8,0x00000000b6f00000)
}
Event: 21.534 GC heap before
{Heap before GC invocations=21 (full 5):
 PSYoungGen      total 216576K, used 57103K [0x00000000eaa80000, 0x0000000100000000, 0x0000000100000000)
  eden space 133632K, 0% used [0x00000000eaa80000,0x00000000eaa80000,0x00000000f2d00000)
  from space 82944K, 68% used [0x00000000faf00000,0x00000000fe6c3cc8,0x0000000100000000)
  to   space 108032K, 0% used [0x00000000f2d00000,0x00000000f2d00000,0x00000000f9680000)
 ParOldGen       total 207360K, used 206883K [0x00000000c0000000, 0x00000000cca80000, 0x00000000eaa80000)
  object space 207360K, 99% used [0x00000000c0000000,0x00000000cca08d50,0x00000000cca80000)
 PSPermGen       total 21504K, used 6293K [0x00000000b5a00000, 0x00000000b6f00000, 0x00000000c0000000)
  object space 21504K, 29% used [0x00000000b5a00000,0x00000000b60256b8,0x00000000b6f00000)

