# JRE version: OpenJDK Runtime Environment (7.0_91-b02) (build 1.7.0_91-b02)
# Java VM: OpenJDK 64-Bit Server VM (24.91-b01 mixed mode linux-amd64 compressed oops)
Heap
 PSYoungGen      total 184832K, used 80873K [0x00000000eaa80000, 0x00000000fb800000, 0x0000000100000000)
  eden space 103936K, 0% used [0x00000000eaa80000,0x00000000eaa80000,0x00000000f1000000)
  from space 80896K, 99% used [0x00000000f6900000,0x00000000fb7fa418,0x00000000fb800000)
  to   space 65024K, 0% used [0x00000000f1000000,0x00000000f1000000,0x00000000f4f80000)
 ParOldGen       total 315904K, used 246948K [0x00000000c0000000, 0x00000000d3480000, 0x00000000eaa80000)
  object space 315904K, 78% used [0x00000000c0000000,0x00000000cf129378,0x00000000d3480000)
 PSPermGen       total 21504K, used 6283K [0x00000000b5a00000, 0x00000000b6f00000, 0x00000000c0000000)
  object space 21504K, 29% used [0x00000000b5a00000,0x00000000b6022e30,0x00000000b6f00000)
GC Heap History (10 events):
Event: 13.826 GC heap after
Heap after GC invocations=17 (full 3):
 PSYoungGen      total 143360K, used 40300K [0x00000000eaa80000, 0x00000000faa80000, 0x0000000100000000)
  eden space 90112K, 0% used [0x00000000eaa80000,0x00000000eaa80000,0x00000000f0280000)
  from space 53248K, 75% used [0x00000000f4a80000,0x00000000f71db3c0,0x00000000f7e80000)
  to   space 73728K, 0% used [0x00000000f0280000,0x00000000f0280000,0x00000000f4a80000)
 ParOldGen       total 220672K, used 137548K [0x00000000c0000000, 0x00000000cd780000, 0x00000000eaa80000)
  object space 220672K, 62% used [0x00000000c0000000,0x00000000c8653320,0x00000000cd780000)
 PSPermGen       total 21504K, used 6274K [0x00000000b5a00000, 0x00000000b6f00000, 0x00000000c0000000)
  object space 21504K, 29% used [0x00000000b5a00000,0x00000000b60208c0,0x00000000b6f00000)
}
Event: 14.299 GC heap before
{Heap before GC invocations=18 (full 3):
 PSYoungGen      total 143360K, used 130412K [0x00000000eaa80000, 0x00000000faa80000, 0x0000000100000000)
  eden space 90112K, 100% used [0x00000000eaa80000,0x00000000f0280000,0x00000000f0280000)
  from space 53248K, 75% used [0x00000000f4a80000,0x00000000f71db3c0,0x00000000f7e80000)
  to   space 73728K, 0% used [0x00000000f0280000,0x00000000f0280000,0x00000000f4a80000)
 ParOldGen       total 220672K, used 137548K [0x00000000c0000000, 0x00000000cd780000, 0x00000000eaa80000)
  object space 220672K, 62% used [0x00000000c0000000,0x00000000c8653320,0x00000000cd780000)
 PSPermGen       total 21504K, used 6275K [0x00000000b5a00000, 0x00000000b6f00000, 0x00000000c0000000)
  object space 21504K, 29% used [0x00000000b5a00000,0x00000000b6020e58,0x00000000b6f00000)
Event: 14.500 GC heap after
Heap after GC invocations=18 (full 3):
 PSYoungGen      total 163840K, used 25006K [0x00000000eaa80000, 0x00000000f9900000, 0x0000000100000000)
  eden space 90112K, 0% used [0x00000000eaa80000,0x00000000eaa80000,0x00000000f0280000)
  from space 73728K, 33% used [0x00000000f0280000,0x00000000f1aeb988,0x00000000f4a80000)
  to   space 68608K, 0% used [0x00000000f5600000,0x00000000f5600000,0x00000000f9900000)
 ParOldGen       total 220672K, used 179099K [0x00000000c0000000, 0x00000000cd780000, 0x00000000eaa80000)
  object space 220672K, 81% used [0x00000000c0000000,0x00000000caee6da8,0x00000000cd780000)
 PSPermGen       total 21504K, used 6275K [0x00000000b5a00000, 0x00000000b6f00000, 0x00000000c0000000)
  object space 21504K, 29% used [0x00000000b5a00000,0x00000000b6020e58,0x00000000b6f00000)
}
Event: 14.501 GC heap before
{Heap before GC invocations=19 (full 4):
 PSYoungGen      total 163840K, used 25006K [0x00000000eaa80000, 0x00000000f9900000, 0x0000000100000000)
  eden space 90112K, 0% used [0x00000000eaa80000,0x00000000eaa80000,0x00000000f0280000)
  from space 73728K, 33% used [0x00000000f0280000,0x00000000f1aeb988,0x00000000f4a80000)
  to   space 68608K, 0% used [0x00000000f5600000,0x00000000f5600000,0x00000000f9900000)
 ParOldGen       total 220672K, used 179099K [0x00000000c0000000, 0x00000000cd780000, 0x00000000eaa80000)
  object space 220672K, 81% used [0x00000000c0000000,0x00000000caee6da8,0x00000000cd780000)
 PSPermGen       total 21504K, used 6275K [0x00000000b5a00000, 0x00000000b6f00000, 0x00000000c0000000)
  object space 21504K, 29% used [0x00000000b5a00000,0x00000000b6020e58,0x00000000b6f00000)
Event: 15.110 GC heap after
Heap after GC invocations=19 (full 4):
 PSYoungGen      total 163840K, used 0K [0x00000000eaa80000, 0x00000000f9900000, 0x0000000100000000)
  eden space 90112K, 0% used [0x00000000eaa80000,0x00000000eaa80000,0x00000000f0280000)
  from space 73728K, 0% used [0x00000000f0280000,0x00000000f0280000,0x00000000f4a80000)
  to   space 68608K, 0% used [0x00000000f5600000,0x00000000f5600000,0x00000000f9900000)
 ParOldGen       total 315904K, used 202142K [0x00000000c0000000, 0x00000000d3480000, 0x00000000eaa80000)
  object space 315904K, 63% used [0x00000000c0000000,0x00000000cc567b80,0x00000000d3480000)
 PSPermGen       total 21504K, used 6275K [0x00000000b5a00000, 0x00000000b6f00000, 0x00000000c0000000)
  object space 21504K, 29% used [0x00000000b5a00000,0x00000000b6020d98,0x00000000b6f00000)
}
Event: 16.232 GC heap before
{Heap before GC invocations=20 (full 4):
 PSYoungGen      total 163840K, used 90112K [0x00000000eaa80000, 0x00000000f9900000, 0x0000000100000000)
  eden space 90112K, 100% used [0x00000000eaa80000,0x00000000f0280000,0x00000000f0280000)
  from space 73728K, 0% used [0x00000000f0280000,0x00000000f0280000,0x00000000f4a80000)
  to   space 68608K, 0% used [0x00000000f5600000,0x00000000f5600000,0x00000000f9900000)
 ParOldGen       total 315904K, used 202142K [0x00000000c0000000, 0x00000000d3480000, 0x00000000eaa80000)
  object space 315904K, 63% used [0x00000000c0000000,0x00000000cc567b80,0x00000000d3480000)
 PSPermGen       total 21504K, used 6276K [0x00000000b5a00000, 0x00000000b6f00000, 0x00000000c0000000)
  object space 21504K, 29% used [0x00000000b5a00000,0x00000000b60211b0,0x00000000b6f00000)
Event: 16.324 GC heap after
Heap after GC invocations=20 (full 4):
 PSYoungGen      total 162304K, used 20225K [0x00000000eaa80000, 0x00000000f8f00000, 0x0000000100000000)
  eden space 103936K, 0% used [0x00000000eaa80000,0x00000000eaa80000,0x00000000f1000000)
  from space 58368K, 34% used [0x00000000f5600000,0x00000000f69c05a8,0x00000000f8f00000)
  to   space 65024K, 0% used [0x00000000f1000000,0x00000000f1000000,0x00000000f4f80000)
 ParOldGen       total 315904K, used 202142K [0x00000000c0000000, 0x00000000d3480000, 0x00000000eaa80000)
  object space 315904K, 63% used [0x00000000c0000000,0x00000000cc567b80,0x00000000d3480000)
 PSPermGen       total 21504K, used 6276K [0x00000000b5a00000, 0x00000000b6f00000, 0x00000000c0000000)
  object space 21504K, 29% used [0x00000000b5a00000,0x00000000b60211b0,0x00000000b6f00000)
}
Event: 17.776 GC heap before
{Heap before GC invocations=21 (full 4):
 PSYoungGen      total 162304K, used 124161K [0x00000000eaa80000, 0x00000000f8f00000, 0x0000000100000000)
  eden space 103936K, 100% used [0x00000000eaa80000,0x00000000f1000000,0x00000000f1000000)
  from space 58368K, 34% used [0x00000000f5600000,0x00000000f69c05a8,0x00000000f8f00000)
  to   space 65024K, 0% used [0x00000000f1000000,0x00000000f1000000,0x00000000f4f80000)
 ParOldGen       total 315904K, used 202142K [0x00000000c0000000, 0x00000000d3480000, 0x00000000eaa80000)
  object space 315904K, 63% used [0x00000000c0000000,0x00000000cc567b80,0x00000000d3480000)
 PSPermGen       total 21504K, used 6282K [0x00000000b5a00000, 0x00000000b6f00000, 0x00000000c0000000)
  object space 21504K, 29% used [0x00000000b5a00000,0x00000000b6022928,0x00000000b6f00000)
Event: 17.916 GC heap after
Heap after GC invocations=21 (full 4):
 PSYoungGen      total 168960K, used 65003K [0x00000000eaa80000, 0x00000000fb800000, 0x0000000100000000)
  eden space 103936K, 0% used [0x00000000eaa80000,0x00000000eaa80000,0x00000000f1000000)
  from space 65024K, 99% used [0x00000000f1000000,0x00000000f4f7ae80,0x00000000f4f80000)
  to   space 80896K, 0% used [0x00000000f6900000,0x00000000f6900000,0x00000000fb800000)
 ParOldGen       total 315904K, used 214764K [0x00000000c0000000, 0x00000000d3480000, 0x00000000eaa80000)
  object space 315904K, 67% used [0x00000000c0000000,0x00000000cd1bb1b0,0x00000000d3480000)
 PSPermGen       total 21504K, used 6282K [0x00000000b5a00000, 0x00000000b6f00000, 0x00000000c0000000)
  object space 21504K, 29% used [0x00000000b5a00000,0x00000000b6022928,0x00000000b6f00000)
}
Event: 18.138 GC heap before
{Heap before GC invocations=22 (full 4):
 PSYoungGen      total 168960K, used 168939K [0x00000000eaa80000, 0x00000000fb800000, 0x0000000100000000)
  eden space 103936K, 100% used [0x00000000eaa80000,0x00000000f1000000,0x00000000f1000000)
  from space 65024K, 99% used [0x00000000f1000000,0x00000000f4f7ae80,0x00000000f4f80000)
  to   space 80896K, 0% used [0x00000000f6900000,0x00000000f6900000,0x00000000fb800000)
 ParOldGen       total 315904K, used 214764K [0x00000000c0000000, 0x00000000d3480000, 0x00000000eaa80000)
  object space 315904K, 67% used [0x00000000c0000000,0x00000000cd1bb1b0,0x00000000d3480000)
 PSPermGen       total 21504K, used 6283K [0x00000000b5a00000, 0x00000000b6f00000, 0x00000000c0000000)
  object space 21504K, 29% used [0x00000000b5a00000,0x00000000b6022e30,0x00000000b6f00000)

