# JRE version: OpenJDK Runtime Environment (7.0_91-b02) (build 1.7.0_91-b02)
# Java VM: OpenJDK 64-Bit Server VM (24.91-b01 mixed mode linux-amd64 compressed oops)
Heap
 PSYoungGen      total 226304K, used 0K [0x00000000eaa80000, 0x00000000ff900000, 0x0000000100000000)
  eden space 117248K, 0% used [0x00000000eaa80000,0x00000000eaa80000,0x00000000f1d00000)
  from space 109056K, 0% used [0x00000000f8e80000,0x00000000f8e80000,0x00000000ff900000)
  to   space 112640K, 0% used [0x00000000f1d00000,0x00000000f1d00000,0x00000000f8b00000)
 ParOldGen       total 242688K, used 231827K [0x00000000c0000000, 0x00000000ced00000, 0x00000000eaa80000)
  object space 242688K, 95% used [0x00000000c0000000,0x00000000ce264e60,0x00000000ced00000)
 PSPermGen       total 21504K, used 6282K [0x00000000b5a00000, 0x00000000b6f00000, 0x00000000c0000000)
  object space 21504K, 29% used [0x00000000b5a00000,0x00000000b6022920,0x00000000b6f00000)
GC Heap History (10 events):
Event: 26.901 GC heap after
Heap after GC invocations=16 (full 3):
 PSYoungGen      total 202240K, used 68927K [0x00000000eaa80000, 0x00000000ff180000, 0x0000000100000000)
  eden space 132096K, 0% used [0x00000000eaa80000,0x00000000eaa80000,0x00000000f2b80000)
  from space 70144K, 98% used [0x00000000f2b80000,0x00000000f6ecfc98,0x00000000f7000000)
  to   space 81920K, 0% used [0x00000000fa180000,0x00000000fa180000,0x00000000ff180000)
 ParOldGen       total 250880K, used 161405K [0x00000000c0000000, 0x00000000cf500000, 0x00000000eaa80000)
  object space 250880K, 64% used [0x00000000c0000000,0x00000000c9d9f4c0,0x00000000cf500000)
 PSPermGen       total 21504K, used 6278K [0x00000000b5a00000, 0x00000000b6f00000, 0x00000000c0000000)
  object space 21504K, 29% used [0x00000000b5a00000,0x00000000b6021968,0x00000000b6f00000)
}
Event: 28.786 GC heap before
{Heap before GC invocations=17 (full 3):
 PSYoungGen      total 202240K, used 201023K [0x00000000eaa80000, 0x00000000ff180000, 0x0000000100000000)
  eden space 132096K, 100% used [0x00000000eaa80000,0x00000000f2b80000,0x00000000f2b80000)
  from space 70144K, 98% used [0x00000000f2b80000,0x00000000f6ecfc98,0x00000000f7000000)
  to   space 81920K, 0% used [0x00000000fa180000,0x00000000fa180000,0x00000000ff180000)
 ParOldGen       total 250880K, used 161405K [0x00000000c0000000, 0x00000000cf500000, 0x00000000eaa80000)
  object space 250880K, 64% used [0x00000000c0000000,0x00000000c9d9f4c0,0x00000000cf500000)
 PSPermGen       total 21504K, used 6280K [0x00000000b5a00000, 0x00000000b6f00000, 0x00000000c0000000)
  object space 21504K, 29% used [0x00000000b5a00000,0x00000000b60220c8,0x00000000b6f00000)
Event: 30.898 GC heap after
Heap after GC invocations=17 (full 3):
 PSYoungGen      total 199168K, used 81889K [0x00000000eaa80000, 0x0000000100000000, 0x0000000100000000)
  eden space 117248K, 0% used [0x00000000eaa80000,0x00000000eaa80000,0x00000000f1d00000)
  from space 81920K, 99% used [0x00000000fa180000,0x00000000ff1786f0,0x00000000ff180000)
  to   space 116224K, 0% used [0x00000000f1d00000,0x00000000f1d00000,0x00000000f8e80000)
 ParOldGen       total 250880K, used 215297K [0x00000000c0000000, 0x00000000cf500000, 0x00000000eaa80000)
  object space 250880K, 85% used [0x00000000c0000000,0x00000000cd240448,0x00000000cf500000)
 PSPermGen       total 21504K, used 6280K [0x00000000b5a00000, 0x00000000b6f00000, 0x00000000c0000000)
  object space 21504K, 29% used [0x00000000b5a00000,0x00000000b60220c8,0x00000000b6f00000)
}
Event: 30.898 GC heap before
{Heap before GC invocations=18 (full 4):
 PSYoungGen      total 199168K, used 81889K [0x00000000eaa80000, 0x0000000100000000, 0x0000000100000000)
  eden space 117248K, 0% used [0x00000000eaa80000,0x00000000eaa80000,0x00000000f1d00000)
  from space 81920K, 99% used [0x00000000fa180000,0x00000000ff1786f0,0x00000000ff180000)
  to   space 116224K, 0% used [0x00000000f1d00000,0x00000000f1d00000,0x00000000f8e80000)
 ParOldGen       total 250880K, used 215297K [0x00000000c0000000, 0x00000000cf500000, 0x00000000eaa80000)
  object space 250880K, 85% used [0x00000000c0000000,0x00000000cd240448,0x00000000cf500000)
 PSPermGen       total 21504K, used 6280K [0x00000000b5a00000, 0x00000000b6f00000, 0x00000000c0000000)
  object space 21504K, 29% used [0x00000000b5a00000,0x00000000b60220c8,0x00000000b6f00000)
Event: 32.005 GC heap after
Heap after GC invocations=18 (full 4):
 PSYoungGen      total 199168K, used 0K [0x00000000eaa80000, 0x0000000100000000, 0x0000000100000000)
  eden space 117248K, 0% used [0x00000000eaa80000,0x00000000eaa80000,0x00000000f1d00000)
  from space 81920K, 0% used [0x00000000fa180000,0x00000000fa180000,0x00000000ff180000)
  to   space 116224K, 0% used [0x00000000f1d00000,0x00000000f1d00000,0x00000000f8e80000)
 ParOldGen       total 242688K, used 129091K [0x00000000c0000000, 0x00000000ced00000, 0x00000000eaa80000)
  object space 242688K, 53% used [0x00000000c0000000,0x00000000c7e10d20,0x00000000ced00000)
 PSPermGen       total 21504K, used 6279K [0x00000000b5a00000, 0x00000000b6f00000, 0x00000000c0000000)
  object space 21504K, 29% used [0x00000000b5a00000,0x00000000b6021f08,0x00000000b6f00000)
}
Event: 32.567 GC heap before
{Heap before GC invocations=19 (full 4):
 PSYoungGen      total 199168K, used 117248K [0x00000000eaa80000, 0x0000000100000000, 0x0000000100000000)
  eden space 117248K, 100% used [0x00000000eaa80000,0x00000000f1d00000,0x00000000f1d00000)
  from space 81920K, 0% used [0x00000000fa180000,0x00000000fa180000,0x00000000ff180000)
  to   space 116224K, 0% used [0x00000000f1d00000,0x00000000f1d00000,0x00000000f8e80000)
 ParOldGen       total 242688K, used 129091K [0x00000000c0000000, 0x00000000ced00000, 0x00000000eaa80000)
  object space 242688K, 53% used [0x00000000c0000000,0x00000000c7e10d20,0x00000000ced00000)
 PSPermGen       total 21504K, used 6279K [0x00000000b5a00000, 0x00000000b6f00000, 0x00000000c0000000)
  object space 21504K, 29% used [0x00000000b5a00000,0x00000000b6021f08,0x00000000b6f00000)
Event: 32.841 GC heap after
Heap after GC invocations=19 (full 4):
 PSYoungGen      total 233472K, used 60328K [0x00000000eaa80000, 0x0000000100000000, 0x0000000100000000)
  eden space 117248K, 0% used [0x00000000eaa80000,0x00000000eaa80000,0x00000000f1d00000)
  from space 116224K, 51% used [0x00000000f1d00000,0x00000000f57ea300,0x00000000f8e80000)
  to   space 116224K, 0% used [0x00000000f8e80000,0x00000000f8e80000,0x0000000100000000)
 ParOldGen       total 242688K, used 129091K [0x00000000c0000000, 0x00000000ced00000, 0x00000000eaa80000)
  object space 242688K, 53% used [0x00000000c0000000,0x00000000c7e10d20,0x00000000ced00000)
 PSPermGen       total 21504K, used 6279K [0x00000000b5a00000, 0x00000000b6f00000, 0x00000000c0000000)
  object space 21504K, 29% used [0x00000000b5a00000,0x00000000b6021f08,0x00000000b6f00000)
}
Event: 34.182 GC heap before
{Heap before GC invocations=20 (full 4):
 PSYoungGen      total 233472K, used 177576K [0x00000000eaa80000, 0x0000000100000000, 0x0000000100000000)
  eden space 117248K, 100% used [0x00000000eaa80000,0x00000000f1d00000,0x00000000f1d00000)
  from space 116224K, 51% used [0x00000000f1d00000,0x00000000f57ea300,0x00000000f8e80000)
  to   space 116224K, 0% used [0x00000000f8e80000,0x00000000f8e80000,0x0000000100000000)
 ParOldGen       total 242688K, used 129091K [0x00000000c0000000, 0x00000000ced00000, 0x00000000eaa80000)
  object space 242688K, 53% used [0x00000000c0000000,0x00000000c7e10d20,0x00000000ced00000)
 PSPermGen       total 21504K, used 6282K [0x00000000b5a00000, 0x00000000b6f00000, 0x00000000c0000000)
  object space 21504K, 29% used [0x00000000b5a00000,0x00000000b60229e0,0x00000000b6f00000)
Event: 34.289 GC heap after
Heap after GC invocations=20 (full 4):
 PSYoungGen      total 226304K, used 50582K [0x00000000eaa80000, 0x00000000ff900000, 0x0000000100000000)
  eden space 117248K, 0% used [0x00000000eaa80000,0x00000000eaa80000,0x00000000f1d00000)
  from space 109056K, 46% used [0x00000000f8e80000,0x00000000fbfe5bf8,0x00000000ff900000)
  to   space 112640K, 0% used [0x00000000f1d00000,0x00000000f1d00000,0x00000000f8b00000)
 ParOldGen       total 242688K, used 190214K [0x00000000c0000000, 0x00000000ced00000, 0x00000000eaa80000)
  object space 242688K, 78% used [0x00000000c0000000,0x00000000cb9c1820,0x00000000ced00000)
 PSPermGen       total 21504K, used 6282K [0x00000000b5a00000, 0x00000000b6f00000, 0x00000000c0000000)
  object space 21504K, 29% used [0x00000000b5a00000,0x00000000b60229e0,0x00000000b6f00000)
}
Event: 34.289 GC heap before
{Heap before GC invocations=21 (full 5):
 PSYoungGen      total 226304K, used 50582K [0x00000000eaa80000, 0x00000000ff900000, 0x0000000100000000)
  eden space 117248K, 0% used [0x00000000eaa80000,0x00000000eaa80000,0x00000000f1d00000)
  from space 109056K, 46% used [0x00000000f8e80000,0x00000000fbfe5bf8,0x00000000ff900000)
  to   space 112640K, 0% used [0x00000000f1d00000,0x00000000f1d00000,0x00000000f8b00000)
 ParOldGen       total 242688K, used 190214K [0x00000000c0000000, 0x00000000ced00000, 0x00000000eaa80000)
  object space 242688K, 78% used [0x00000000c0000000,0x00000000cb9c1820,0x00000000ced00000)
 PSPermGen       total 21504K, used 6282K [0x00000000b5a00000, 0x00000000b6f00000, 0x00000000c0000000)
  object space 21504K, 29% used [0x00000000b5a00000,0x00000000b60229e0,0x00000000b6f00000)

