# JRE version: OpenJDK Runtime Environment (7.0_91-b02) (build 1.7.0_91-b02)
# Java VM: OpenJDK 64-Bit Server VM (24.91-b01 mixed mode linux-amd64 compressed oops)
Heap
 PSYoungGen      total 233472K, used 0K [0x00000000eaa80000, 0x0000000100000000, 0x0000000100000000)
  eden space 117248K, 0% used [0x00000000eaa80000,0x00000000eaa80000,0x00000000f1d00000)
  from space 116224K, 0% used [0x00000000f1d00000,0x00000000f1d00000,0x00000000f8e80000)
  to   space 116224K, 0% used [0x00000000f8e80000,0x00000000f8e80000,0x0000000100000000)
 ParOldGen       total 281088K, used 210435K [0x00000000c0000000, 0x00000000d1280000, 0x00000000eaa80000)
  object space 281088K, 74% used [0x00000000c0000000,0x00000000ccd80d20,0x00000000d1280000)
 PSPermGen       total 21504K, used 6291K [0x00000000b5a00000, 0x00000000b6f00000, 0x00000000c0000000)
  object space 21504K, 29% used [0x00000000b5a00000,0x00000000b6024f10,0x00000000b6f00000)
GC Heap History (10 events):
Event: 19.806 GC heap after
Heap after GC invocations=19 (full 4):
 PSYoungGen      total 224768K, used 48668K [0x00000000eaa80000, 0x0000000100000000, 0x0000000100000000)
  eden space 115712K, 0% used [0x00000000eaa80000,0x00000000eaa80000,0x00000000f1b80000)
  from space 109056K, 44% used [0x00000000f1b80000,0x00000000f4b07178,0x00000000f8600000)
  to   space 105984K, 0% used [0x00000000f9880000,0x00000000f9880000,0x0000000100000000)
 ParOldGen       total 281088K, used 145679K [0x00000000c0000000, 0x00000000d1280000, 0x00000000eaa80000)
  object space 281088K, 51% used [0x00000000c0000000,0x00000000c8e43dd8,0x00000000d1280000)
 PSPermGen       total 21504K, used 6276K [0x00000000b5a00000, 0x00000000b6f00000, 0x00000000c0000000)
  object space 21504K, 29% used [0x00000000b5a00000,0x00000000b60211f0,0x00000000b6f00000)
}
Event: 21.254 GC heap before
{Heap before GC invocations=20 (full 4):
 PSYoungGen      total 224768K, used 164380K [0x00000000eaa80000, 0x0000000100000000, 0x0000000100000000)
  eden space 115712K, 100% used [0x00000000eaa80000,0x00000000f1b80000,0x00000000f1b80000)
  from space 109056K, 44% used [0x00000000f1b80000,0x00000000f4b07178,0x00000000f8600000)
  to   space 105984K, 0% used [0x00000000f9880000,0x00000000f9880000,0x0000000100000000)
 ParOldGen       total 281088K, used 145679K [0x00000000c0000000, 0x00000000d1280000, 0x00000000eaa80000)
  object space 281088K, 51% used [0x00000000c0000000,0x00000000c8e43dd8,0x00000000d1280000)
 PSPermGen       total 21504K, used 6281K [0x00000000b5a00000, 0x00000000b6f00000, 0x00000000c0000000)
  object space 21504K, 29% used [0x00000000b5a00000,0x00000000b60224c0,0x00000000b6f00000)
Event: 21.560 GC heap after
Heap after GC invocations=20 (full 4):
 PSYoungGen      total 223232K, used 93926K [0x00000000eaa80000, 0x0000000100000000, 0x0000000100000000)
  eden space 117248K, 0% used [0x00000000eaa80000,0x00000000eaa80000,0x00000000f1d00000)
  from space 105984K, 88% used [0x00000000f9880000,0x00000000ff439b18,0x0000000100000000)
  to   space 116224K, 0% used [0x00000000f1d00000,0x00000000f1d00000,0x00000000f8e80000)
 ParOldGen       total 281088K, used 145679K [0x00000000c0000000, 0x00000000d1280000, 0x00000000eaa80000)
  object space 281088K, 51% used [0x00000000c0000000,0x00000000c8e43dd8,0x00000000d1280000)
 PSPermGen       total 21504K, used 6281K [0x00000000b5a00000, 0x00000000b6f00000, 0x00000000c0000000)
  object space 21504K, 29% used [0x00000000b5a00000,0x00000000b60224c0,0x00000000b6f00000)
}
Event: 22.888 GC heap before
{Heap before GC invocations=21 (full 4):
 PSYoungGen      total 223232K, used 211174K [0x00000000eaa80000, 0x0000000100000000, 0x0000000100000000)
  eden space 117248K, 100% used [0x00000000eaa80000,0x00000000f1d00000,0x00000000f1d00000)
  from space 105984K, 88% used [0x00000000f9880000,0x00000000ff439b18,0x0000000100000000)
  to   space 116224K, 0% used [0x00000000f1d00000,0x00000000f1d00000,0x00000000f8e80000)
 ParOldGen       total 281088K, used 145679K [0x00000000c0000000, 0x00000000d1280000, 0x00000000eaa80000)
  object space 281088K, 51% used [0x00000000c0000000,0x00000000c8e43dd8,0x00000000d1280000)
 PSPermGen       total 21504K, used 6284K [0x00000000b5a00000, 0x00000000b6f00000, 0x00000000c0000000)
  object space 21504K, 29% used [0x00000000b5a00000,0x00000000b60230c8,0x00000000b6f00000)
Event: 23.035 GC heap after
Heap after GC invocations=21 (full 4):
 PSYoungGen      total 233472K, used 71821K [0x00000000eaa80000, 0x0000000100000000, 0x0000000100000000)
  eden space 117248K, 0% used [0x00000000eaa80000,0x00000000eaa80000,0x00000000f1d00000)
  from space 116224K, 61% used [0x00000000f1d00000,0x00000000f63237c0,0x00000000f8e80000)
  to   space 116224K, 0% used [0x00000000f8e80000,0x00000000f8e80000,0x0000000100000000)
 ParOldGen       total 281088K, used 154601K [0x00000000c0000000, 0x00000000d1280000, 0x00000000eaa80000)
  object space 281088K, 55% used [0x00000000c0000000,0x00000000c96fa4a0,0x00000000d1280000)
 PSPermGen       total 21504K, used 6284K [0x00000000b5a00000, 0x00000000b6f00000, 0x00000000c0000000)
  object space 21504K, 29% used [0x00000000b5a00000,0x00000000b60230c8,0x00000000b6f00000)
}
Event: 24.382 GC heap before
{Heap before GC invocations=22 (full 4):
 PSYoungGen      total 233472K, used 189069K [0x00000000eaa80000, 0x0000000100000000, 0x0000000100000000)
  eden space 117248K, 100% used [0x00000000eaa80000,0x00000000f1d00000,0x00000000f1d00000)
  from space 116224K, 61% used [0x00000000f1d00000,0x00000000f63237c0,0x00000000f8e80000)
  to   space 116224K, 0% used [0x00000000f8e80000,0x00000000f8e80000,0x0000000100000000)
 ParOldGen       total 281088K, used 154601K [0x00000000c0000000, 0x00000000d1280000, 0x00000000eaa80000)
  object space 281088K, 55% used [0x00000000c0000000,0x00000000c96fa4a0,0x00000000d1280000)
 PSPermGen       total 21504K, used 6286K [0x00000000b5a00000, 0x00000000b6f00000, 0x00000000c0000000)
  object space 21504K, 29% used [0x00000000b5a00000,0x00000000b6023b48,0x00000000b6f00000)
Event: 24.513 GC heap after
Heap after GC invocations=22 (full 4):
 PSYoungGen      total 233472K, used 60398K [0x00000000eaa80000, 0x0000000100000000, 0x0000000100000000)
  eden space 117248K, 0% used [0x00000000eaa80000,0x00000000eaa80000,0x00000000f1d00000)
  from space 116224K, 51% used [0x00000000f8e80000,0x00000000fc97bbc8,0x0000000100000000)
  to   space 116224K, 0% used [0x00000000f1d00000,0x00000000f1d00000,0x00000000f8e80000)
 ParOldGen       total 281088K, used 185400K [0x00000000c0000000, 0x00000000d1280000, 0x00000000eaa80000)
  object space 281088K, 65% used [0x00000000c0000000,0x00000000cb50e2e0,0x00000000d1280000)
 PSPermGen       total 21504K, used 6286K [0x00000000b5a00000, 0x00000000b6f00000, 0x00000000c0000000)
  object space 21504K, 29% used [0x00000000b5a00000,0x00000000b6023b48,0x00000000b6f00000)
}
Event: 24.812 GC heap before
{Heap before GC invocations=23 (full 4):
 PSYoungGen      total 233472K, used 177646K [0x00000000eaa80000, 0x0000000100000000, 0x0000000100000000)
  eden space 117248K, 100% used [0x00000000eaa80000,0x00000000f1d00000,0x00000000f1d00000)
  from space 116224K, 51% used [0x00000000f8e80000,0x00000000fc97bbc8,0x0000000100000000)
  to   space 116224K, 0% used [0x00000000f1d00000,0x00000000f1d00000,0x00000000f8e80000)
 ParOldGen       total 281088K, used 185400K [0x00000000c0000000, 0x00000000d1280000, 0x00000000eaa80000)
  object space 281088K, 65% used [0x00000000c0000000,0x00000000cb50e2e0,0x00000000d1280000)
 PSPermGen       total 21504K, used 6292K [0x00000000b5a00000, 0x00000000b6f00000, 0x00000000c0000000)
  object space 21504K, 29% used [0x00000000b5a00000,0x00000000b6025130,0x00000000b6f00000)
Event: 24.931 GC heap after
Heap after GC invocations=23 (full 4):
 PSYoungGen      total 233472K, used 64037K [0x00000000eaa80000, 0x0000000100000000, 0x0000000100000000)
  eden space 117248K, 0% used [0x00000000eaa80000,0x00000000eaa80000,0x00000000f1d00000)
  from space 116224K, 55% used [0x00000000f1d00000,0x00000000f5b894c0,0x00000000f8e80000)
  to   space 116224K, 0% used [0x00000000f8e80000,0x00000000f8e80000,0x0000000100000000)
 ParOldGen       total 281088K, used 243450K [0x00000000c0000000, 0x00000000d1280000, 0x00000000eaa80000)
  object space 281088K, 86% used [0x00000000c0000000,0x00000000cedbeb08,0x00000000d1280000)
 PSPermGen       total 21504K, used 6292K [0x00000000b5a00000, 0x00000000b6f00000, 0x00000000c0000000)
  object space 21504K, 29% used [0x00000000b5a00000,0x00000000b6025130,0x00000000b6f00000)
}
Event: 24.931 GC heap before
{Heap before GC invocations=24 (full 5):
 PSYoungGen      total 233472K, used 64037K [0x00000000eaa80000, 0x0000000100000000, 0x0000000100000000)
  eden space 117248K, 0% used [0x00000000eaa80000,0x00000000eaa80000,0x00000000f1d00000)
  from space 116224K, 55% used [0x00000000f1d00000,0x00000000f5b894c0,0x00000000f8e80000)
  to   space 116224K, 0% used [0x00000000f8e80000,0x00000000f8e80000,0x0000000100000000)
 ParOldGen       total 281088K, used 243450K [0x00000000c0000000, 0x00000000d1280000, 0x00000000eaa80000)
  object space 281088K, 86% used [0x00000000c0000000,0x00000000cedbeb08,0x00000000d1280000)
 PSPermGen       total 21504K, used 6292K [0x00000000b5a00000, 0x00000000b6f00000, 0x00000000c0000000)
  object space 21504K, 29% used [0x00000000b5a00000,0x00000000b6025130,0x00000000b6f00000)

