# JRE version: OpenJDK Runtime Environment (7.0_91-b02) (build 1.7.0_91-b02)
# Java VM: OpenJDK 64-Bit Server VM (24.91-b01 mixed mode linux-amd64 compressed oops)
Heap
 PSYoungGen      total 193536K, used 64480K [0x00000000eaa80000, 0x00000000fa680000, 0x0000000100000000)
  eden space 129024K, 0% used [0x00000000eaa80000,0x00000000eaa80000,0x00000000f2880000)
  from space 64512K, 99% used [0x00000000f2880000,0x00000000f67783c0,0x00000000f6780000)
  to   space 47616K, 0% used [0x00000000f7800000,0x00000000f7800000,0x00000000fa680000)
 ParOldGen       total 238592K, used 183635K [0x00000000c0000000, 0x00000000ce900000, 0x00000000eaa80000)
  object space 238592K, 76% used [0x00000000c0000000,0x00000000cb354ec0,0x00000000ce900000)
 PSPermGen       total 21504K, used 6283K [0x00000000b5a00000, 0x00000000b6f00000, 0x00000000c0000000)
  object space 21504K, 29% used [0x00000000b5a00000,0x00000000b6022e28,0x00000000b6f00000)
GC Heap History (10 events):
Event: 13.658 GC heap after
Heap after GC invocations=15 (full 2):
 PSYoungGen      total 138240K, used 0K [0x00000000eaa80000, 0x00000000f8000000, 0x0000000100000000)
  eden space 104448K, 0% used [0x00000000eaa80000,0x00000000eaa80000,0x00000000f1080000)
  from space 33792K, 0% used [0x00000000f1080000,0x00000000f1080000,0x00000000f3180000)
  to   space 50688K, 0% used [0x00000000f4e80000,0x00000000f4e80000,0x00000000f8000000)
 ParOldGen       total 146944K, used 88704K [0x00000000c0000000, 0x00000000c8f80000, 0x00000000eaa80000)
  object space 146944K, 60% used [0x00000000c0000000,0x00000000c56a0368,0x00000000c8f80000)
 PSPermGen       total 21504K, used 6276K [0x00000000b5a00000, 0x00000000b6f00000, 0x00000000c0000000)
  object space 21504K, 29% used [0x00000000b5a00000,0x00000000b6021090,0x00000000b6f00000)
}
Event: 13.733 GC heap before
{Heap before GC invocations=16 (full 2):
 PSYoungGen      total 138240K, used 104448K [0x00000000eaa80000, 0x00000000f8000000, 0x0000000100000000)
  eden space 104448K, 100% used [0x00000000eaa80000,0x00000000f1080000,0x00000000f1080000)
  from space 33792K, 0% used [0x00000000f1080000,0x00000000f1080000,0x00000000f3180000)
  to   space 50688K, 0% used [0x00000000f4e80000,0x00000000f4e80000,0x00000000f8000000)
 ParOldGen       total 146944K, used 88704K [0x00000000c0000000, 0x00000000c8f80000, 0x00000000eaa80000)
  object space 146944K, 60% used [0x00000000c0000000,0x00000000c56a0368,0x00000000c8f80000)
 PSPermGen       total 21504K, used 6276K [0x00000000b5a00000, 0x00000000b6f00000, 0x00000000c0000000)
  object space 21504K, 29% used [0x00000000b5a00000,0x00000000b60210d0,0x00000000b6f00000)
Event: 13.802 GC heap after
Heap after GC invocations=16 (full 2):
 PSYoungGen      total 154624K, used 50664K [0x00000000eaa80000, 0x00000000fad00000, 0x0000000100000000)
  eden space 103936K, 0% used [0x00000000eaa80000,0x00000000eaa80000,0x00000000f1000000)
  from space 50688K, 99% used [0x00000000f4e80000,0x00000000f7ffa118,0x00000000f8000000)
  to   space 64000K, 0% used [0x00000000f1000000,0x00000000f1000000,0x00000000f4e80000)
 ParOldGen       total 146944K, used 100224K [0x00000000c0000000, 0x00000000c8f80000, 0x00000000eaa80000)
  object space 146944K, 68% used [0x00000000c0000000,0x00000000c61e0368,0x00000000c8f80000)
 PSPermGen       total 21504K, used 6276K [0x00000000b5a00000, 0x00000000b6f00000, 0x00000000c0000000)
  object space 21504K, 29% used [0x00000000b5a00000,0x00000000b60210d0,0x00000000b6f00000)
}
Event: 14.172 GC heap before
{Heap before GC invocations=17 (full 2):
 PSYoungGen      total 154624K, used 154600K [0x00000000eaa80000, 0x00000000fad00000, 0x0000000100000000)
  eden space 103936K, 100% used [0x00000000eaa80000,0x00000000f1000000,0x00000000f1000000)
  from space 50688K, 99% used [0x00000000f4e80000,0x00000000f7ffa118,0x00000000f8000000)
  to   space 64000K, 0% used [0x00000000f1000000,0x00000000f1000000,0x00000000f4e80000)
 ParOldGen       total 146944K, used 100224K [0x00000000c0000000, 0x00000000c8f80000, 0x00000000eaa80000)
  object space 146944K, 68% used [0x00000000c0000000,0x00000000c61e0368,0x00000000c8f80000)
 PSPermGen       total 21504K, used 6277K [0x00000000b5a00000, 0x00000000b6f00000, 0x00000000c0000000)
  object space 21504K, 29% used [0x00000000b5a00000,0x00000000b6021470,0x00000000b6f00000)
Event: 14.371 GC heap after
Heap after GC invocations=17 (full 2):
 PSYoungGen      total 167936K, used 34415K [0x00000000eaa80000, 0x00000000fb700000, 0x0000000100000000)
  eden space 103936K, 0% used [0x00000000eaa80000,0x00000000eaa80000,0x00000000f1000000)
  from space 64000K, 53% used [0x00000000f1000000,0x00000000f319bf78,0x00000000f4e80000)
  to   space 64512K, 0% used [0x00000000f7800000,0x00000000f7800000,0x00000000fb700000)
 ParOldGen       total 154112K, used 153273K [0x00000000c0000000, 0x00000000c9680000, 0x00000000eaa80000)
  object space 154112K, 99% used [0x00000000c0000000,0x00000000c95ae480,0x00000000c9680000)
 PSPermGen       total 21504K, used 6277K [0x00000000b5a00000, 0x00000000b6f00000, 0x00000000c0000000)
  object space 21504K, 29% used [0x00000000b5a00000,0x00000000b6021470,0x00000000b6f00000)
}
Event: 14.371 GC heap before
{Heap before GC invocations=18 (full 3):
 PSYoungGen      total 167936K, used 34415K [0x00000000eaa80000, 0x00000000fb700000, 0x0000000100000000)
  eden space 103936K, 0% used [0x00000000eaa80000,0x00000000eaa80000,0x00000000f1000000)
  from space 64000K, 53% used [0x00000000f1000000,0x00000000f319bf78,0x00000000f4e80000)
  to   space 64512K, 0% used [0x00000000f7800000,0x00000000f7800000,0x00000000fb700000)
 ParOldGen       total 154112K, used 153273K [0x00000000c0000000, 0x00000000c9680000, 0x00000000eaa80000)
  object space 154112K, 99% used [0x00000000c0000000,0x00000000c95ae480,0x00000000c9680000)
 PSPermGen       total 21504K, used 6277K [0x00000000b5a00000, 0x00000000b6f00000, 0x00000000c0000000)
  object space 21504K, 29% used [0x00000000b5a00000,0x00000000b6021470,0x00000000b6f00000)
Event: 15.161 GC heap after
Heap after GC invocations=18 (full 3):
 PSYoungGen      total 167936K, used 25165K [0x00000000eaa80000, 0x00000000fb700000, 0x0000000100000000)
  eden space 103936K, 0% used [0x00000000eaa80000,0x00000000eaa80000,0x00000000f1000000)
  from space 64000K, 39% used [0x00000000f1000000,0x00000000f2893548,0x00000000f4e80000)
  to   space 64512K, 0% used [0x00000000f7800000,0x00000000f7800000,0x00000000fb700000)
 ParOldGen       total 238592K, used 154044K [0x00000000c0000000, 0x00000000ce900000, 0x00000000eaa80000)
  object space 238592K, 64% used [0x00000000c0000000,0x00000000c966f068,0x00000000ce900000)
 PSPermGen       total 21504K, used 6276K [0x00000000b5a00000, 0x00000000b6f00000, 0x00000000c0000000)
  object space 21504K, 29% used [0x00000000b5a00000,0x00000000b60213f0,0x00000000b6f00000)
}
Event: 16.074 GC heap before
{Heap before GC invocations=19 (full 3):
 PSYoungGen      total 167936K, used 129101K [0x00000000eaa80000, 0x00000000fb700000, 0x0000000100000000)
  eden space 103936K, 100% used [0x00000000eaa80000,0x00000000f1000000,0x00000000f1000000)
  from space 64000K, 39% used [0x00000000f1000000,0x00000000f2893548,0x00000000f4e80000)
  to   space 64512K, 0% used [0x00000000f7800000,0x00000000f7800000,0x00000000fb700000)
 ParOldGen       total 238592K, used 154044K [0x00000000c0000000, 0x00000000ce900000, 0x00000000eaa80000)
  object space 238592K, 64% used [0x00000000c0000000,0x00000000c966f068,0x00000000ce900000)
 PSPermGen       total 21504K, used 6278K [0x00000000b5a00000, 0x00000000b6f00000, 0x00000000c0000000)
  object space 21504K, 29% used [0x00000000b5a00000,0x00000000b6021a60,0x00000000b6f00000)
Event: 16.387 GC heap after
Heap after GC invocations=19 (full 3):
 PSYoungGen      total 176640K, used 34744K [0x00000000eaa80000, 0x00000000fa680000, 0x0000000100000000)
  eden space 129024K, 0% used [0x00000000eaa80000,0x00000000eaa80000,0x00000000f2880000)
  from space 47616K, 72% used [0x00000000f7800000,0x00000000f99ee070,0x00000000fa680000)
  to   space 64512K, 0% used [0x00000000f2880000,0x00000000f2880000,0x00000000f6780000)
 ParOldGen       total 238592K, used 179837K [0x00000000c0000000, 0x00000000ce900000, 0x00000000eaa80000)
  object space 238592K, 75% used [0x00000000c0000000,0x00000000caf9f560,0x00000000ce900000)
 PSPermGen       total 21504K, used 6278K [0x00000000b5a00000, 0x00000000b6f00000, 0x00000000c0000000)
  object space 21504K, 29% used [0x00000000b5a00000,0x00000000b6021a60,0x00000000b6f00000)
}
Event: 17.531 GC heap before
{Heap before GC invocations=20 (full 3):
 PSYoungGen      total 176640K, used 163768K [0x00000000eaa80000, 0x00000000fa680000, 0x0000000100000000)
  eden space 129024K, 100% used [0x00000000eaa80000,0x00000000f2880000,0x00000000f2880000)
  from space 47616K, 72% used [0x00000000f7800000,0x00000000f99ee070,0x00000000fa680000)
  to   space 64512K, 0% used [0x00000000f2880000,0x00000000f2880000,0x00000000f6780000)
 ParOldGen       total 238592K, used 179837K [0x00000000c0000000, 0x00000000ce900000, 0x00000000eaa80000)
  object space 238592K, 75% used [0x00000000c0000000,0x00000000caf9f560,0x00000000ce900000)
 PSPermGen       total 21504K, used 6283K [0x00000000b5a00000, 0x00000000b6f00000, 0x00000000c0000000)
  object space 21504K, 29% used [0x00000000b5a00000,0x00000000b6022e28,0x00000000b6f00000)

