# JRE version: OpenJDK Runtime Environment (7.0_91-b02) (build 1.7.0_91-b02)
# Java VM: OpenJDK 64-Bit Server VM (24.91-b01 mixed mode linux-amd64 compressed oops)
Heap
 PSYoungGen      total 233472K, used 0K [0x00000000eaa80000, 0x0000000100000000, 0x0000000100000000)
  eden space 117248K, 0% used [0x00000000eaa80000,0x00000000eaa80000,0x00000000f1d00000)
  from space 116224K, 0% used [0x00000000f8e80000,0x00000000f8e80000,0x0000000100000000)
  to   space 116224K, 0% used [0x00000000f1d00000,0x00000000f1d00000,0x00000000f8e80000)
 ParOldGen       total 280576K, used 237946K [0x00000000c0000000, 0x00000000d1200000, 0x00000000eaa80000)
  object space 280576K, 84% used [0x00000000c0000000,0x00000000ce85e930,0x00000000d1200000)
 PSPermGen       total 21504K, used 6283K [0x00000000b5a00000, 0x00000000b6f00000, 0x00000000c0000000)
  object space 21504K, 29% used [0x00000000b5a00000,0x00000000b6022c48,0x00000000b6f00000)
GC Heap History (10 events):
Event: 32.012 GC heap after
Heap after GC invocations=16 (full 3):
 PSYoungGen      total 211968K, used 66043K [0x00000000eaa80000, 0x0000000100000000, 0x0000000100000000)
  eden space 145920K, 0% used [0x00000000eaa80000,0x00000000eaa80000,0x00000000f3900000)
  from space 66048K, 99% used [0x00000000f3900000,0x00000000f797ef40,0x00000000f7980000)
  to   space 91136K, 0% used [0x00000000fa700000,0x00000000fa700000,0x0000000100000000)
 ParOldGen       total 246272K, used 197374K [0x00000000c0000000, 0x00000000cf080000, 0x00000000eaa80000)
  object space 246272K, 80% used [0x00000000c0000000,0x00000000cc0bf938,0x00000000cf080000)
 PSPermGen       total 21504K, used 6275K [0x00000000b5a00000, 0x00000000b6f00000, 0x00000000c0000000)
  object space 21504K, 29% used [0x00000000b5a00000,0x00000000b6020f90,0x00000000b6f00000)
}
Event: 32.413 GC heap before
{Heap before GC invocations=17 (full 3):
 PSYoungGen      total 211968K, used 211963K [0x00000000eaa80000, 0x0000000100000000, 0x0000000100000000)
  eden space 145920K, 100% used [0x00000000eaa80000,0x00000000f3900000,0x00000000f3900000)
  from space 66048K, 99% used [0x00000000f3900000,0x00000000f797ef40,0x00000000f7980000)
  to   space 91136K, 0% used [0x00000000fa700000,0x00000000fa700000,0x0000000100000000)
 ParOldGen       total 246272K, used 197374K [0x00000000c0000000, 0x00000000cf080000, 0x00000000eaa80000)
  object space 246272K, 80% used [0x00000000c0000000,0x00000000cc0bf938,0x00000000cf080000)
 PSPermGen       total 21504K, used 6276K [0x00000000b5a00000, 0x00000000b6f00000, 0x00000000c0000000)
  object space 21504K, 29% used [0x00000000b5a00000,0x00000000b6021038,0x00000000b6f00000)
Event: 34.256 GC heap after
Heap after GC invocations=17 (full 3):
 PSYoungGen      total 208384K, used 91118K [0x00000000eaa80000, 0x0000000100000000, 0x0000000100000000)
  eden space 117248K, 0% used [0x00000000eaa80000,0x00000000eaa80000,0x00000000f1d00000)
  from space 91136K, 99% used [0x00000000fa700000,0x00000000ffffb878,0x0000000100000000)
  to   space 116224K, 0% used [0x00000000f1d00000,0x00000000f1d00000,0x00000000f8e80000)
 ParOldGen       total 248832K, used 247516K [0x00000000c0000000, 0x00000000cf300000, 0x00000000eaa80000)
  object space 248832K, 99% used [0x00000000c0000000,0x00000000cf1b7168,0x00000000cf300000)
 PSPermGen       total 21504K, used 6276K [0x00000000b5a00000, 0x00000000b6f00000, 0x00000000c0000000)
  object space 21504K, 29% used [0x00000000b5a00000,0x00000000b6021038,0x00000000b6f00000)
}
Event: 34.256 GC heap before
{Heap before GC invocations=18 (full 4):
 PSYoungGen      total 208384K, used 91118K [0x00000000eaa80000, 0x0000000100000000, 0x0000000100000000)
  eden space 117248K, 0% used [0x00000000eaa80000,0x00000000eaa80000,0x00000000f1d00000)
  from space 91136K, 99% used [0x00000000fa700000,0x00000000ffffb878,0x0000000100000000)
  to   space 116224K, 0% used [0x00000000f1d00000,0x00000000f1d00000,0x00000000f8e80000)
 ParOldGen       total 248832K, used 247516K [0x00000000c0000000, 0x00000000cf300000, 0x00000000eaa80000)
  object space 248832K, 99% used [0x00000000c0000000,0x00000000cf1b7168,0x00000000cf300000)
 PSPermGen       total 21504K, used 6276K [0x00000000b5a00000, 0x00000000b6f00000, 0x00000000c0000000)
  object space 21504K, 29% used [0x00000000b5a00000,0x00000000b6021038,0x00000000b6f00000)
Event: 35.861 GC heap after
Heap after GC invocations=18 (full 4):
 PSYoungGen      total 208384K, used 0K [0x00000000eaa80000, 0x0000000100000000, 0x0000000100000000)
  eden space 117248K, 0% used [0x00000000eaa80000,0x00000000eaa80000,0x00000000f1d00000)
  from space 91136K, 0% used [0x00000000fa700000,0x00000000fa700000,0x0000000100000000)
  to   space 116224K, 0% used [0x00000000f1d00000,0x00000000f1d00000,0x00000000f8e80000)
 ParOldGen       total 280576K, used 167107K [0x00000000c0000000, 0x00000000d1200000, 0x00000000eaa80000)
  object space 280576K, 59% used [0x00000000c0000000,0x00000000ca330c70,0x00000000d1200000)
 PSPermGen       total 21504K, used 6274K [0x00000000b5a00000, 0x00000000b6f00000, 0x00000000c0000000)
  object space 21504K, 29% used [0x00000000b5a00000,0x00000000b6020bd8,0x00000000b6f00000)
}
Event: 36.647 GC heap before
{Heap before GC invocations=19 (full 4):
 PSYoungGen      total 208384K, used 117248K [0x00000000eaa80000, 0x0000000100000000, 0x0000000100000000)
  eden space 117248K, 100% used [0x00000000eaa80000,0x00000000f1d00000,0x00000000f1d00000)
  from space 91136K, 0% used [0x00000000fa700000,0x00000000fa700000,0x0000000100000000)
  to   space 116224K, 0% used [0x00000000f1d00000,0x00000000f1d00000,0x00000000f8e80000)
 ParOldGen       total 280576K, used 167107K [0x00000000c0000000, 0x00000000d1200000, 0x00000000eaa80000)
  object space 280576K, 59% used [0x00000000c0000000,0x00000000ca330c70,0x00000000d1200000)
 PSPermGen       total 21504K, used 6275K [0x00000000b5a00000, 0x00000000b6f00000, 0x00000000c0000000)
  object space 21504K, 29% used [0x00000000b5a00000,0x00000000b6020e18,0x00000000b6f00000)
Event: 36.730 GC heap after
Heap after GC invocations=19 (full 4):
 PSYoungGen      total 233472K, used 59817K [0x00000000eaa80000, 0x0000000100000000, 0x0000000100000000)
  eden space 117248K, 0% used [0x00000000eaa80000,0x00000000eaa80000,0x00000000f1d00000)
  from space 116224K, 51% used [0x00000000f1d00000,0x00000000f576a558,0x00000000f8e80000)
  to   space 116224K, 0% used [0x00000000f8e80000,0x00000000f8e80000,0x0000000100000000)
 ParOldGen       total 280576K, used 167107K [0x00000000c0000000, 0x00000000d1200000, 0x00000000eaa80000)
  object space 280576K, 59% used [0x00000000c0000000,0x00000000ca330c70,0x00000000d1200000)
 PSPermGen       total 21504K, used 6275K [0x00000000b5a00000, 0x00000000b6f00000, 0x00000000c0000000)
  object space 21504K, 29% used [0x00000000b5a00000,0x00000000b6020e18,0x00000000b6f00000)
}
Event: 38.508 GC heap before
{Heap before GC invocations=20 (full 4):
 PSYoungGen      total 233472K, used 177065K [0x00000000eaa80000, 0x0000000100000000, 0x0000000100000000)
  eden space 117248K, 100% used [0x00000000eaa80000,0x00000000f1d00000,0x00000000f1d00000)
  from space 116224K, 51% used [0x00000000f1d00000,0x00000000f576a558,0x00000000f8e80000)
  to   space 116224K, 0% used [0x00000000f8e80000,0x00000000f8e80000,0x0000000100000000)
 ParOldGen       total 280576K, used 167107K [0x00000000c0000000, 0x00000000d1200000, 0x00000000eaa80000)
  object space 280576K, 59% used [0x00000000c0000000,0x00000000ca330c70,0x00000000d1200000)
 PSPermGen       total 21504K, used 6283K [0x00000000b5a00000, 0x00000000b6f00000, 0x00000000c0000000)
  object space 21504K, 29% used [0x00000000b5a00000,0x00000000b6022d08,0x00000000b6f00000)
Event: 39.555 GC heap after
Heap after GC invocations=20 (full 4):
 PSYoungGen      total 233472K, used 20300K [0x00000000eaa80000, 0x0000000100000000, 0x0000000100000000)
  eden space 117248K, 0% used [0x00000000eaa80000,0x00000000eaa80000,0x00000000f1d00000)
  from space 116224K, 17% used [0x00000000f8e80000,0x00000000fa2531d0,0x0000000100000000)
  to   space 116224K, 0% used [0x00000000f1d00000,0x00000000f1d00000,0x00000000f8e80000)
 ParOldGen       total 280576K, used 227198K [0x00000000c0000000, 0x00000000d1200000, 0x00000000eaa80000)
  object space 280576K, 80% used [0x00000000c0000000,0x00000000cdddfa18,0x00000000d1200000)
 PSPermGen       total 21504K, used 6283K [0x00000000b5a00000, 0x00000000b6f00000, 0x00000000c0000000)
  object space 21504K, 29% used [0x00000000b5a00000,0x00000000b6022d08,0x00000000b6f00000)
}
Event: 39.621 GC heap before
{Heap before GC invocations=21 (full 5):
 PSYoungGen      total 233472K, used 20300K [0x00000000eaa80000, 0x0000000100000000, 0x0000000100000000)
  eden space 117248K, 0% used [0x00000000eaa80000,0x00000000eaa80000,0x00000000f1d00000)
  from space 116224K, 17% used [0x00000000f8e80000,0x00000000fa2531d0,0x0000000100000000)
  to   space 116224K, 0% used [0x00000000f1d00000,0x00000000f1d00000,0x00000000f8e80000)
 ParOldGen       total 280576K, used 227198K [0x00000000c0000000, 0x00000000d1200000, 0x00000000eaa80000)
  object space 280576K, 80% used [0x00000000c0000000,0x00000000cdddfa18,0x00000000d1200000)
 PSPermGen       total 21504K, used 6283K [0x00000000b5a00000, 0x00000000b6f00000, 0x00000000c0000000)
  object space 21504K, 29% used [0x00000000b5a00000,0x00000000b6022d08,0x00000000b6f00000)

