# JRE version: OpenJDK Runtime Environment (7.0_91-b02) (build 1.7.0_91-b02)
# Java VM: OpenJDK 64-Bit Server VM (24.91-b01 mixed mode linux-amd64 compressed oops)
Heap
 PSYoungGen      total 173568K, used 20760K [0x00000000eaa80000, 0x00000000fc800000, 0x0000000100000000)
  eden space 118784K, 0% used [0x00000000eaa80000,0x00000000eaa80000,0x00000000f1e80000)
  from space 54784K, 37% used [0x00000000f1e80000,0x00000000f32c6270,0x00000000f5400000)
  to   space 78336K, 0% used [0x00000000f7b80000,0x00000000f7b80000,0x00000000fc800000)
 ParOldGen       total 162816K, used 162659K [0x00000000c0000000, 0x00000000c9f00000, 0x00000000eaa80000)
  object space 162816K, 99% used [0x00000000c0000000,0x00000000c9ed8f08,0x00000000c9f00000)
 PSPermGen       total 21504K, used 6264K [0x00000000b5a00000, 0x00000000b6f00000, 0x00000000c0000000)
  object space 21504K, 29% used [0x00000000b5a00000,0x00000000b601e248,0x00000000b6f00000)
GC Heap History (10 events):
Event: 10.445 GC heap after
Heap after GC invocations=9 (full 0):
 PSYoungGen      total 107520K, used 16356K [0x00000000eaa80000, 0x00000000f7d00000, 0x0000000100000000)
  eden space 91136K, 0% used [0x00000000eaa80000,0x00000000eaa80000,0x00000000f0380000)
  from space 16384K, 99% used [0x00000000f0380000,0x00000000f13792e0,0x00000000f1380000)
  to   space 34816K, 0% used [0x00000000f5b00000,0x00000000f5b00000,0x00000000f7d00000)
 ParOldGen       total 53760K, used 53746K [0x00000000c0000000, 0x00000000c3480000, 0x00000000eaa80000)
  object space 53760K, 99% used [0x00000000c0000000,0x00000000c347c820,0x00000000c3480000)
 PSPermGen       total 21504K, used 6266K [0x00000000b5a00000, 0x00000000b6f00000, 0x00000000c0000000)
  object space 21504K, 29% used [0x00000000b5a00000,0x00000000b601eb38,0x00000000b6f00000)
}
Event: 10.446 GC heap before
{Heap before GC invocations=10 (full 1):
 PSYoungGen      total 107520K, used 16356K [0x00000000eaa80000, 0x00000000f7d00000, 0x0000000100000000)
  eden space 91136K, 0% used [0x00000000eaa80000,0x00000000eaa80000,0x00000000f0380000)
  from space 16384K, 99% used [0x00000000f0380000,0x00000000f13792e0,0x00000000f1380000)
  to   space 34816K, 0% used [0x00000000f5b00000,0x00000000f5b00000,0x00000000f7d00000)
 ParOldGen       total 53760K, used 53746K [0x00000000c0000000, 0x00000000c3480000, 0x00000000eaa80000)
  object space 53760K, 99% used [0x00000000c0000000,0x00000000c347c820,0x00000000c3480000)
 PSPermGen       total 21504K, used 6266K [0x00000000b5a00000, 0x00000000b6f00000, 0x00000000c0000000)
  object space 21504K, 29% used [0x00000000b5a00000,0x00000000b601eb38,0x00000000b6f00000)
Event: 11.355 GC heap after
Heap after GC invocations=10 (full 1):
 PSYoungGen      total 107520K, used 13753K [0x00000000eaa80000, 0x00000000f7d00000, 0x0000000100000000)
  eden space 91136K, 0% used [0x00000000eaa80000,0x00000000eaa80000,0x00000000f0380000)
  from space 16384K, 83% used [0x00000000f0380000,0x00000000f10ee5c0,0x00000000f1380000)
  to   space 34816K, 0% used [0x00000000f5b00000,0x00000000f5b00000,0x00000000f7d00000)
 ParOldGen       total 94720K, used 53556K [0x00000000c0000000, 0x00000000c5c80000, 0x00000000eaa80000)
  object space 94720K, 56% used [0x00000000c0000000,0x00000000c344d3b8,0x00000000c5c80000)
 PSPermGen       total 21504K, used 6264K [0x00000000b5a00000, 0x00000000b6f00000, 0x00000000c0000000)
  object space 21504K, 29% used [0x00000000b5a00000,0x00000000b601e228,0x00000000b6f00000)
}
Event: 11.440 GC heap before
{Heap before GC invocations=11 (full 1):
 PSYoungGen      total 107520K, used 104889K [0x00000000eaa80000, 0x00000000f7d00000, 0x0000000100000000)
  eden space 91136K, 100% used [0x00000000eaa80000,0x00000000f0380000,0x00000000f0380000)
  from space 16384K, 83% used [0x00000000f0380000,0x00000000f10ee5c0,0x00000000f1380000)
  to   space 34816K, 0% used [0x00000000f5b00000,0x00000000f5b00000,0x00000000f7d00000)
 ParOldGen       total 94720K, used 53556K [0x00000000c0000000, 0x00000000c5c80000, 0x00000000eaa80000)
  object space 94720K, 56% used [0x00000000c0000000,0x00000000c344d3b8,0x00000000c5c80000)
 PSPermGen       total 21504K, used 6264K [0x00000000b5a00000, 0x00000000b6f00000, 0x00000000c0000000)
  object space 21504K, 29% used [0x00000000b5a00000,0x00000000b601e248,0x00000000b6f00000)
Event: 11.723 GC heap after
Heap after GC invocations=11 (full 1):
 PSYoungGen      total 153600K, used 34786K [0x00000000eaa80000, 0x00000000f8980000, 0x0000000100000000)
  eden space 118784K, 0% used [0x00000000eaa80000,0x00000000eaa80000,0x00000000f1e80000)
  from space 34816K, 99% used [0x00000000f5b00000,0x00000000f7cf8ba0,0x00000000f7d00000)
  to   space 54784K, 0% used [0x00000000f1e80000,0x00000000f1e80000,0x00000000f5400000)
 ParOldGen       total 94720K, used 90838K [0x00000000c0000000, 0x00000000c5c80000, 0x00000000eaa80000)
  object space 94720K, 95% used [0x00000000c0000000,0x00000000c58b5a50,0x00000000c5c80000)
 PSPermGen       total 21504K, used 6264K [0x00000000b5a00000, 0x00000000b6f00000, 0x00000000c0000000)
  object space 21504K, 29% used [0x00000000b5a00000,0x00000000b601e248,0x00000000b6f00000)
}
Event: 11.723 GC heap before
{Heap before GC invocations=12 (full 2):
 PSYoungGen      total 153600K, used 34786K [0x00000000eaa80000, 0x00000000f8980000, 0x0000000100000000)
  eden space 118784K, 0% used [0x00000000eaa80000,0x00000000eaa80000,0x00000000f1e80000)
  from space 34816K, 99% used [0x00000000f5b00000,0x00000000f7cf8ba0,0x00000000f7d00000)
  to   space 54784K, 0% used [0x00000000f1e80000,0x00000000f1e80000,0x00000000f5400000)
 ParOldGen       total 94720K, used 90838K [0x00000000c0000000, 0x00000000c5c80000, 0x00000000eaa80000)
  object space 94720K, 95% used [0x00000000c0000000,0x00000000c58b5a50,0x00000000c5c80000)
 PSPermGen       total 21504K, used 6264K [0x00000000b5a00000, 0x00000000b6f00000, 0x00000000c0000000)
  object space 21504K, 29% used [0x00000000b5a00000,0x00000000b601e248,0x00000000b6f00000)
Event: 12.277 GC heap after
Heap after GC invocations=12 (full 2):
 PSYoungGen      total 153600K, used 25145K [0x00000000eaa80000, 0x00000000f8980000, 0x0000000100000000)
  eden space 118784K, 0% used [0x00000000eaa80000,0x00000000eaa80000,0x00000000f1e80000)
  from space 34816K, 72% used [0x00000000f5b00000,0x00000000f738e598,0x00000000f7d00000)
  to   space 54784K, 0% used [0x00000000f1e80000,0x00000000f1e80000,0x00000000f5400000)
 ParOldGen       total 162816K, used 94259K [0x00000000c0000000, 0x00000000c9f00000, 0x00000000eaa80000)
  object space 162816K, 57% used [0x00000000c0000000,0x00000000c5c0cf48,0x00000000c9f00000)
 PSPermGen       total 21504K, used 6264K [0x00000000b5a00000, 0x00000000b6f00000, 0x00000000c0000000)
  object space 21504K, 29% used [0x00000000b5a00000,0x00000000b601e248,0x00000000b6f00000)
}
Event: 12.385 GC heap before
{Heap before GC invocations=13 (full 2):
 PSYoungGen      total 153600K, used 143929K [0x00000000eaa80000, 0x00000000f8980000, 0x0000000100000000)
  eden space 118784K, 100% used [0x00000000eaa80000,0x00000000f1e80000,0x00000000f1e80000)
  from space 34816K, 72% used [0x00000000f5b00000,0x00000000f738e598,0x00000000f7d00000)
  to   space 54784K, 0% used [0x00000000f1e80000,0x00000000f1e80000,0x00000000f5400000)
 ParOldGen       total 162816K, used 94259K [0x00000000c0000000, 0x00000000c9f00000, 0x00000000eaa80000)
  object space 162816K, 57% used [0x00000000c0000000,0x00000000c5c0cf48,0x00000000c9f00000)
 PSPermGen       total 21504K, used 6264K [0x00000000b5a00000, 0x00000000b6f00000, 0x00000000c0000000)
  object space 21504K, 29% used [0x00000000b5a00000,0x00000000b601e248,0x00000000b6f00000)
Event: 12.525 GC heap after
Heap after GC invocations=13 (full 2):
 PSYoungGen      total 173568K, used 54774K [0x00000000eaa80000, 0x00000000fc800000, 0x0000000100000000)
  eden space 118784K, 0% used [0x00000000eaa80000,0x00000000eaa80000,0x00000000f1e80000)
  from space 54784K, 99% used [0x00000000f1e80000,0x00000000f53fd9a0,0x00000000f5400000)
  to   space 78336K, 0% used [0x00000000f7b80000,0x00000000f7b80000,0x00000000fc800000)
 ParOldGen       total 162816K, used 130897K [0x00000000c0000000, 0x00000000c9f00000, 0x00000000eaa80000)
  object space 162816K, 80% used [0x00000000c0000000,0x00000000c7fd4468,0x00000000c9f00000)
 PSPermGen       total 21504K, used 6264K [0x00000000b5a00000, 0x00000000b6f00000, 0x00000000c0000000)
  object space 21504K, 29% used [0x00000000b5a00000,0x00000000b601e248,0x00000000b6f00000)
}
Event: 12.525 GC heap before
{Heap before GC invocations=14 (full 3):
 PSYoungGen      total 173568K, used 54774K [0x00000000eaa80000, 0x00000000fc800000, 0x0000000100000000)
  eden space 118784K, 0% used [0x00000000eaa80000,0x00000000eaa80000,0x00000000f1e80000)
  from space 54784K, 99% used [0x00000000f1e80000,0x00000000f53fd9a0,0x00000000f5400000)
  to   space 78336K, 0% used [0x00000000f7b80000,0x00000000f7b80000,0x00000000fc800000)
 ParOldGen       total 162816K, used 130897K [0x00000000c0000000, 0x00000000c9f00000, 0x00000000eaa80000)
  object space 162816K, 80% used [0x00000000c0000000,0x00000000c7fd4468,0x00000000c9f00000)
 PSPermGen       total 21504K, used 6264K [0x00000000b5a00000, 0x00000000b6f00000, 0x00000000c0000000)
  object space 21504K, 29% used [0x00000000b5a00000,0x00000000b601e248,0x00000000b6f00000)

