# JRE version: OpenJDK Runtime Environment (7.0_91-b02) (build 1.7.0_91-b02)
# Java VM: OpenJDK 64-Bit Server VM (24.91-b01 mixed mode linux-amd64 compressed oops)
Heap
 PSYoungGen      total 212992K, used 0K [0x00000000eaa80000, 0x0000000100000000, 0x0000000100000000)
  eden space 134656K, 0% used [0x00000000eaa80000,0x00000000eaa80000,0x00000000f2e00000)
  from space 78336K, 0% used [0x00000000f2e00000,0x00000000f2e00000,0x00000000f7a80000)
  to   space 114688K, 0% used [0x00000000f9000000,0x00000000f9000000,0x0000000100000000)
 ParOldGen       total 281088K, used 235884K [0x00000000c0000000, 0x00000000d1280000, 0x00000000eaa80000)
  object space 281088K, 83% used [0x00000000c0000000,0x00000000ce65b258,0x00000000d1280000)
 PSPermGen       total 21504K, used 6293K [0x00000000b5a00000, 0x00000000b6f00000, 0x00000000c0000000)
  object space 21504K, 29% used [0x00000000b5a00000,0x00000000b6025668,0x00000000b6f00000)
GC Heap History (10 events):
Event: 29.532 GC heap after
Heap after GC invocations=17 (full 3):
 PSYoungGen      total 232448K, used 84903K [0x00000000eaa80000, 0x0000000100000000, 0x0000000100000000)
  eden space 143872K, 0% used [0x00000000eaa80000,0x00000000eaa80000,0x00000000f3700000)
  from space 88576K, 95% used [0x00000000fa980000,0x00000000ffc69d80,0x0000000100000000)
  to   space 102912K, 0% used [0x00000000f3700000,0x00000000f3700000,0x00000000f9b80000)
 ParOldGen       total 222720K, used 146951K [0x00000000c0000000, 0x00000000cd980000, 0x00000000eaa80000)
  object space 222720K, 65% used [0x00000000c0000000,0x00000000c8f81e98,0x00000000cd980000)
 PSPermGen       total 21504K, used 6279K [0x00000000b5a00000, 0x00000000b6f00000, 0x00000000c0000000)
  object space 21504K, 29% used [0x00000000b5a00000,0x00000000b6021fd8,0x00000000b6f00000)
}
Event: 30.628 GC heap before
{Heap before GC invocations=18 (full 3):
 PSYoungGen      total 232448K, used 228775K [0x00000000eaa80000, 0x0000000100000000, 0x0000000100000000)
  eden space 143872K, 100% used [0x00000000eaa80000,0x00000000f3700000,0x00000000f3700000)
  from space 88576K, 95% used [0x00000000fa980000,0x00000000ffc69d80,0x0000000100000000)
  to   space 102912K, 0% used [0x00000000f3700000,0x00000000f3700000,0x00000000f9b80000)
 ParOldGen       total 222720K, used 146951K [0x00000000c0000000, 0x00000000cd980000, 0x00000000eaa80000)
  object space 222720K, 65% used [0x00000000c0000000,0x00000000c8f81e98,0x00000000cd980000)
 PSPermGen       total 21504K, used 6281K [0x00000000b5a00000, 0x00000000b6f00000, 0x00000000c0000000)
  object space 21504K, 29% used [0x00000000b5a00000,0x00000000b6022480,0x00000000b6f00000)
Event: 31.155 GC heap after
Heap after GC invocations=18 (full 3):
 PSYoungGen      total 246784K, used 32828K [0x00000000eaa80000, 0x0000000100000000, 0x0000000100000000)
  eden space 143872K, 0% used [0x00000000eaa80000,0x00000000eaa80000,0x00000000f3700000)
  from space 102912K, 31% used [0x00000000f3700000,0x00000000f570f098,0x00000000f9b80000)
  to   space 96768K, 0% used [0x00000000fa180000,0x00000000fa180000,0x0000000100000000)
 ParOldGen       total 232448K, used 231294K [0x00000000c0000000, 0x00000000ce300000, 0x00000000eaa80000)
  object space 232448K, 99% used [0x00000000c0000000,0x00000000ce1dfa60,0x00000000ce300000)
 PSPermGen       total 21504K, used 6281K [0x00000000b5a00000, 0x00000000b6f00000, 0x00000000c0000000)
  object space 21504K, 29% used [0x00000000b5a00000,0x00000000b6022480,0x00000000b6f00000)
}
Event: 31.155 GC heap before
{Heap before GC invocations=19 (full 4):
 PSYoungGen      total 246784K, used 32828K [0x00000000eaa80000, 0x0000000100000000, 0x0000000100000000)
  eden space 143872K, 0% used [0x00000000eaa80000,0x00000000eaa80000,0x00000000f3700000)
  from space 102912K, 31% used [0x00000000f3700000,0x00000000f570f098,0x00000000f9b80000)
  to   space 96768K, 0% used [0x00000000fa180000,0x00000000fa180000,0x0000000100000000)
 ParOldGen       total 232448K, used 231294K [0x00000000c0000000, 0x00000000ce300000, 0x00000000eaa80000)
  object space 232448K, 99% used [0x00000000c0000000,0x00000000ce1dfa60,0x00000000ce300000)
 PSPermGen       total 21504K, used 6281K [0x00000000b5a00000, 0x00000000b6f00000, 0x00000000c0000000)
  object space 21504K, 29% used [0x00000000b5a00000,0x00000000b6022480,0x00000000b6f00000)
Event: 32.115 GC heap after
Heap after GC invocations=19 (full 4):
 PSYoungGen      total 246784K, used 0K [0x00000000eaa80000, 0x0000000100000000, 0x0000000100000000)
  eden space 143872K, 0% used [0x00000000eaa80000,0x00000000eaa80000,0x00000000f3700000)
  from space 102912K, 0% used [0x00000000f3700000,0x00000000f3700000,0x00000000f9b80000)
  to   space 96768K, 0% used [0x00000000fa180000,0x00000000fa180000,0x0000000100000000)
 ParOldGen       total 281088K, used 174342K [0x00000000c0000000, 0x00000000d1280000, 0x00000000eaa80000)
  object space 281088K, 62% used [0x00000000c0000000,0x00000000caa41b88,0x00000000d1280000)
 PSPermGen       total 21504K, used 6280K [0x00000000b5a00000, 0x00000000b6f00000, 0x00000000c0000000)
  object space 21504K, 29% used [0x00000000b5a00000,0x00000000b60223e0,0x00000000b6f00000)
}
Event: 33.131 GC heap before
{Heap before GC invocations=20 (full 4):
 PSYoungGen      total 246784K, used 143872K [0x00000000eaa80000, 0x0000000100000000, 0x0000000100000000)
  eden space 143872K, 100% used [0x00000000eaa80000,0x00000000f3700000,0x00000000f3700000)
  from space 102912K, 0% used [0x00000000f3700000,0x00000000f3700000,0x00000000f9b80000)
  to   space 96768K, 0% used [0x00000000fa180000,0x00000000fa180000,0x0000000100000000)
 ParOldGen       total 281088K, used 174342K [0x00000000c0000000, 0x00000000d1280000, 0x00000000eaa80000)
  object space 281088K, 62% used [0x00000000c0000000,0x00000000caa41b88,0x00000000d1280000)
 PSPermGen       total 21504K, used 6293K [0x00000000b5a00000, 0x00000000b6f00000, 0x00000000c0000000)
  object space 21504K, 29% used [0x00000000b5a00000,0x00000000b6025510,0x00000000b6f00000)
Event: 33.285 GC heap after
Heap after GC invocations=20 (full 4):
 PSYoungGen      total 231424K, used 80811K [0x00000000eaa80000, 0x0000000100000000, 0x0000000100000000)
  eden space 134656K, 0% used [0x00000000eaa80000,0x00000000eaa80000,0x00000000f2e00000)
  from space 96768K, 83% used [0x00000000fa180000,0x00000000ff06adc0,0x0000000100000000)
  to   space 107520K, 0% used [0x00000000f2e00000,0x00000000f2e00000,0x00000000f9700000)
 ParOldGen       total 281088K, used 174342K [0x00000000c0000000, 0x00000000d1280000, 0x00000000eaa80000)
  object space 281088K, 62% used [0x00000000c0000000,0x00000000caa41b88,0x00000000d1280000)
 PSPermGen       total 21504K, used 6293K [0x00000000b5a00000, 0x00000000b6f00000, 0x00000000c0000000)
  object space 21504K, 29% used [0x00000000b5a00000,0x00000000b6025510,0x00000000b6f00000)
}
Event: 33.564 GC heap before
{Heap before GC invocations=21 (full 4):
 PSYoungGen      total 231424K, used 215467K [0x00000000eaa80000, 0x0000000100000000, 0x0000000100000000)
  eden space 134656K, 100% used [0x00000000eaa80000,0x00000000f2e00000,0x00000000f2e00000)
  from space 96768K, 83% used [0x00000000fa180000,0x00000000ff06adc0,0x0000000100000000)
  to   space 107520K, 0% used [0x00000000f2e00000,0x00000000f2e00000,0x00000000f9700000)
 ParOldGen       total 281088K, used 174342K [0x00000000c0000000, 0x00000000d1280000, 0x00000000eaa80000)
  object space 281088K, 62% used [0x00000000c0000000,0x00000000caa41b88,0x00000000d1280000)
 PSPermGen       total 21504K, used 6293K [0x00000000b5a00000, 0x00000000b6f00000, 0x00000000c0000000)
  object space 21504K, 29% used [0x00000000b5a00000,0x00000000b60256a8,0x00000000b6f00000)
Event: 37.353 GC heap after
Heap after GC invocations=21 (full 4):
 PSYoungGen      total 212992K, used 78331K [0x00000000eaa80000, 0x0000000100000000, 0x0000000100000000)
  eden space 134656K, 0% used [0x00000000eaa80000,0x00000000eaa80000,0x00000000f2e00000)
  from space 78336K, 99% used [0x00000000f2e00000,0x00000000f7a7ef18,0x00000000f7a80000)
  to   space 114688K, 0% used [0x00000000f9000000,0x00000000f9000000,0x0000000100000000)
 ParOldGen       total 281088K, used 249807K [0x00000000c0000000, 0x00000000d1280000, 0x00000000eaa80000)
  object space 281088K, 88% used [0x00000000c0000000,0x00000000cf3f3ee0,0x00000000d1280000)
 PSPermGen       total 21504K, used 6293K [0x00000000b5a00000, 0x00000000b6f00000, 0x00000000c0000000)
  object space 21504K, 29% used [0x00000000b5a00000,0x00000000b60256a8,0x00000000b6f00000)
}
Event: 37.353 GC heap before
{Heap before GC invocations=22 (full 5):
 PSYoungGen      total 212992K, used 78331K [0x00000000eaa80000, 0x0000000100000000, 0x0000000100000000)
  eden space 134656K, 0% used [0x00000000eaa80000,0x00000000eaa80000,0x00000000f2e00000)
  from space 78336K, 99% used [0x00000000f2e00000,0x00000000f7a7ef18,0x00000000f7a80000)
  to   space 114688K, 0% used [0x00000000f9000000,0x00000000f9000000,0x0000000100000000)
 ParOldGen       total 281088K, used 249807K [0x00000000c0000000, 0x00000000d1280000, 0x00000000eaa80000)
  object space 281088K, 88% used [0x00000000c0000000,0x00000000cf3f3ee0,0x00000000d1280000)
 PSPermGen       total 21504K, used 6293K [0x00000000b5a00000, 0x00000000b6f00000, 0x00000000c0000000)
  object space 21504K, 29% used [0x00000000b5a00000,0x00000000b60256a8,0x00000000b6f00000)

