# JRE version: OpenJDK Runtime Environment (7.0_91-b02) (build 1.7.0_91-b02)
# Java VM: OpenJDK 64-Bit Server VM (24.91-b01 mixed mode linux-amd64 compressed oops)
Heap
 PSYoungGen      total 254464K, used 0K [0x00000000eaa80000, 0x0000000100000000, 0x0000000100000000)
  eden space 159232K, 0% used [0x00000000eaa80000,0x00000000eaa80000,0x00000000f4600000)
  from space 95232K, 0% used [0x00000000f4600000,0x00000000f4600000,0x00000000fa300000)
  to   space 89088K, 0% used [0x00000000fa900000,0x00000000fa900000,0x0000000100000000)
 ParOldGen       total 211456K, used 150208K [0x00000000c0000000, 0x00000000cce80000, 0x00000000eaa80000)
  object space 211456K, 71% used [0x00000000c0000000,0x00000000c92b03b0,0x00000000cce80000)
 PSPermGen       total 21504K, used 6276K [0x00000000b5a00000, 0x00000000b6f00000, 0x00000000c0000000)
  object space 21504K, 29% used [0x00000000b5a00000,0x00000000b60213d0,0x00000000b6f00000)
GC Heap History (10 events):
Event: 16.770 GC heap after
Heap after GC invocations=9 (full 1):
 PSYoungGen      total 193024K, used 33773K [0x00000000eaa80000, 0x00000000faa80000, 0x0000000100000000)
  eden space 159232K, 0% used [0x00000000eaa80000,0x00000000eaa80000,0x00000000f4600000)
  from space 33792K, 99% used [0x00000000f8980000,0x00000000faa7b4f8,0x00000000faa80000)
  to   space 43008K, 0% used [0x00000000f5680000,0x00000000f5680000,0x00000000f8080000)
 ParOldGen       total 93696K, used 57538K [0x00000000c0000000, 0x00000000c5b80000, 0x00000000eaa80000)
  object space 93696K, 61% used [0x00000000c0000000,0x00000000c3830bc8,0x00000000c5b80000)
 PSPermGen       total 21504K, used 6267K [0x00000000b5a00000, 0x00000000b6f00000, 0x00000000c0000000)
  object space 21504K, 29% used [0x00000000b5a00000,0x00000000b601ec28,0x00000000b6f00000)
}
Event: 19.266 GC heap before
{Heap before GC invocations=10 (full 1):
 PSYoungGen      total 193024K, used 193005K [0x00000000eaa80000, 0x00000000faa80000, 0x0000000100000000)
  eden space 159232K, 100% used [0x00000000eaa80000,0x00000000f4600000,0x00000000f4600000)
  from space 33792K, 99% used [0x00000000f8980000,0x00000000faa7b4f8,0x00000000faa80000)
  to   space 43008K, 0% used [0x00000000f5680000,0x00000000f5680000,0x00000000f8080000)
 ParOldGen       total 93696K, used 57538K [0x00000000c0000000, 0x00000000c5b80000, 0x00000000eaa80000)
  object space 93696K, 61% used [0x00000000c0000000,0x00000000c3830bc8,0x00000000c5b80000)
 PSPermGen       total 21504K, used 6271K [0x00000000b5a00000, 0x00000000b6f00000, 0x00000000c0000000)
  object space 21504K, 29% used [0x00000000b5a00000,0x00000000b601fd68,0x00000000b6f00000)
Event: 19.662 GC heap after
Heap after GC invocations=10 (full 1):
 PSYoungGen      total 219136K, used 42984K [0x00000000eaa80000, 0x0000000100000000, 0x0000000100000000)
  eden space 176128K, 0% used [0x00000000eaa80000,0x00000000eaa80000,0x00000000f5680000)
  from space 43008K, 99% used [0x00000000f5680000,0x00000000f807a200,0x00000000f8080000)
  to   space 75776K, 0% used [0x00000000fb600000,0x00000000fb600000,0x0000000100000000)
 ParOldGen       total 119808K, used 117881K [0x00000000c0000000, 0x00000000c7500000, 0x00000000eaa80000)
  object space 119808K, 98% used [0x00000000c0000000,0x00000000c731e440,0x00000000c7500000)
 PSPermGen       total 21504K, used 6271K [0x00000000b5a00000, 0x00000000b6f00000, 0x00000000c0000000)
  object space 21504K, 29% used [0x00000000b5a00000,0x00000000b601fd68,0x00000000b6f00000)
}
Event: 19.662 GC heap before
{Heap before GC invocations=11 (full 2):
 PSYoungGen      total 219136K, used 42984K [0x00000000eaa80000, 0x0000000100000000, 0x0000000100000000)
  eden space 176128K, 0% used [0x00000000eaa80000,0x00000000eaa80000,0x00000000f5680000)
  from space 43008K, 99% used [0x00000000f5680000,0x00000000f807a200,0x00000000f8080000)
  to   space 75776K, 0% used [0x00000000fb600000,0x00000000fb600000,0x0000000100000000)
 ParOldGen       total 119808K, used 117881K [0x00000000c0000000, 0x00000000c7500000, 0x00000000eaa80000)
  object space 119808K, 98% used [0x00000000c0000000,0x00000000c731e440,0x00000000c7500000)
 PSPermGen       total 21504K, used 6271K [0x00000000b5a00000, 0x00000000b6f00000, 0x00000000c0000000)
  object space 21504K, 29% used [0x00000000b5a00000,0x00000000b601fd68,0x00000000b6f00000)
Event: 20.804 GC heap after
Heap after GC invocations=11 (full 2):
 PSYoungGen      total 219136K, used 0K [0x00000000eaa80000, 0x0000000100000000, 0x0000000100000000)
  eden space 176128K, 0% used [0x00000000eaa80000,0x00000000eaa80000,0x00000000f5680000)
  from space 43008K, 0% used [0x00000000f5680000,0x00000000f5680000,0x00000000f8080000)
  to   space 75776K, 0% used [0x00000000fb600000,0x00000000fb600000,0x0000000100000000)
 ParOldGen       total 186880K, used 117552K [0x00000000c0000000, 0x00000000cb680000, 0x00000000eaa80000)
  object space 186880K, 62% used [0x00000000c0000000,0x00000000c72cc340,0x00000000cb680000)
 PSPermGen       total 21504K, used 6270K [0x00000000b5a00000, 0x00000000b6f00000, 0x00000000c0000000)
  object space 21504K, 29% used [0x00000000b5a00000,0x00000000b601f868,0x00000000b6f00000)
}
Event: 21.383 GC heap before
{Heap before GC invocations=12 (full 2):
 PSYoungGen      total 219136K, used 176128K [0x00000000eaa80000, 0x0000000100000000, 0x0000000100000000)
  eden space 176128K, 100% used [0x00000000eaa80000,0x00000000f5680000,0x00000000f5680000)
  from space 43008K, 0% used [0x00000000f5680000,0x00000000f5680000,0x00000000f8080000)
  to   space 75776K, 0% used [0x00000000fb600000,0x00000000fb600000,0x0000000100000000)
 ParOldGen       total 186880K, used 117552K [0x00000000c0000000, 0x00000000cb680000, 0x00000000eaa80000)
  object space 186880K, 62% used [0x00000000c0000000,0x00000000c72cc340,0x00000000cb680000)
 PSPermGen       total 21504K, used 6273K [0x00000000b5a00000, 0x00000000b6f00000, 0x00000000c0000000)
  object space 21504K, 29% used [0x00000000b5a00000,0x00000000b60204f0,0x00000000b6f00000)
Event: 22.964 GC heap after
Heap after GC invocations=12 (full 2):
 PSYoungGen      total 235008K, used 75771K [0x00000000eaa80000, 0x0000000100000000, 0x0000000100000000)
  eden space 159232K, 0% used [0x00000000eaa80000,0x00000000eaa80000,0x00000000f4600000)
  from space 75776K, 99% used [0x00000000fb600000,0x00000000ffffeff0,0x0000000100000000)
  to   space 95232K, 0% used [0x00000000f4600000,0x00000000f4600000,0x00000000fa300000)
 ParOldGen       total 186880K, used 132024K [0x00000000c0000000, 0x00000000cb680000, 0x00000000eaa80000)
  object space 186880K, 70% used [0x00000000c0000000,0x00000000c80ee268,0x00000000cb680000)
 PSPermGen       total 21504K, used 6273K [0x00000000b5a00000, 0x00000000b6f00000, 0x00000000c0000000)
  object space 21504K, 29% used [0x00000000b5a00000,0x00000000b60204f0,0x00000000b6f00000)
}
Event: 25.228 GC heap before
{Heap before GC invocations=13 (full 2):
 PSYoungGen      total 235008K, used 235003K [0x00000000eaa80000, 0x0000000100000000, 0x0000000100000000)
  eden space 159232K, 100% used [0x00000000eaa80000,0x00000000f4600000,0x00000000f4600000)
  from space 75776K, 99% used [0x00000000fb600000,0x00000000ffffeff0,0x0000000100000000)
  to   space 95232K, 0% used [0x00000000f4600000,0x00000000f4600000,0x00000000fa300000)
 ParOldGen       total 186880K, used 132024K [0x00000000c0000000, 0x00000000cb680000, 0x00000000eaa80000)
  object space 186880K, 70% used [0x00000000c0000000,0x00000000c80ee268,0x00000000cb680000)
 PSPermGen       total 21504K, used 6277K [0x00000000b5a00000, 0x00000000b6f00000, 0x00000000c0000000)
  object space 21504K, 29% used [0x00000000b5a00000,0x00000000b6021430,0x00000000b6f00000)
Event: 29.062 GC heap after
Heap after GC invocations=13 (full 2):
 PSYoungGen      total 254464K, used 32233K [0x00000000eaa80000, 0x0000000100000000, 0x0000000100000000)
  eden space 159232K, 0% used [0x00000000eaa80000,0x00000000eaa80000,0x00000000f4600000)
  from space 95232K, 33% used [0x00000000f4600000,0x00000000f657a4d0,0x00000000fa300000)
  to   space 89088K, 0% used [0x00000000fa900000,0x00000000fa900000,0x0000000100000000)
 ParOldGen       total 211456K, used 209925K [0x00000000c0000000, 0x00000000cce80000, 0x00000000eaa80000)
  object space 211456K, 99% used [0x00000000c0000000,0x00000000ccd01678,0x00000000cce80000)
 PSPermGen       total 21504K, used 6277K [0x00000000b5a00000, 0x00000000b6f00000, 0x00000000c0000000)
  object space 21504K, 29% used [0x00000000b5a00000,0x00000000b6021430,0x00000000b6f00000)
}
Event: 29.062 GC heap before
{Heap before GC invocations=14 (full 3):
 PSYoungGen      total 254464K, used 32233K [0x00000000eaa80000, 0x0000000100000000, 0x0000000100000000)
  eden space 159232K, 0% used [0x00000000eaa80000,0x00000000eaa80000,0x00000000f4600000)
  from space 95232K, 33% used [0x00000000f4600000,0x00000000f657a4d0,0x00000000fa300000)
  to   space 89088K, 0% used [0x00000000fa900000,0x00000000fa900000,0x0000000100000000)
 ParOldGen       total 211456K, used 209925K [0x00000000c0000000, 0x00000000cce80000, 0x00000000eaa80000)
  object space 211456K, 99% used [0x00000000c0000000,0x00000000ccd01678,0x00000000cce80000)
 PSPermGen       total 21504K, used 6277K [0x00000000b5a00000, 0x00000000b6f00000, 0x00000000c0000000)
  object space 21504K, 29% used [0x00000000b5a00000,0x00000000b6021430,0x00000000b6f00000)

