# JRE version: OpenJDK Runtime Environment (7.0_91-b02) (build 1.7.0_91-b02)
# Java VM: OpenJDK 64-Bit Server VM (24.91-b01 mixed mode linux-amd64 compressed oops)
Heap
 PSYoungGen      total 107008K, used 13800K [0x00000000eaa80000, 0x00000000f2480000, 0x0000000100000000)
  eden space 93184K, 0% used [0x00000000eaa80000,0x00000000eaa80000,0x00000000f0580000)
  from space 13824K, 99% used [0x00000000f0580000,0x00000000f12fa298,0x00000000f1300000)
  to   space 9728K, 0% used [0x00000000f1300000,0x00000000f1300000,0x00000000f1c80000)
 ParOldGen       total 35328K, used 34840K [0x00000000c0000000, 0x00000000c2280000, 0x00000000eaa80000)
  object space 35328K, 98% used [0x00000000c0000000,0x00000000c22060c0,0x00000000c2280000)
 PSPermGen       total 21504K, used 5843K [0x00000000b5a00000, 0x00000000b6f00000, 0x00000000c0000000)
  object space 21504K, 27% used [0x00000000b5a00000,0x00000000b5fb4e30,0x00000000b6f00000)
GC Heap History (10 events):
Event: 2.812 GC heap after
Heap after GC invocations=4 (full 0):
 PSYoungGen      total 26624K, used 2016K [0x00000000eaa80000, 0x00000000ec680000, 0x0000000100000000)
  eden space 24576K, 0% used [0x00000000eaa80000,0x00000000eaa80000,0x00000000ec280000)
  from space 2048K, 98% used [0x00000000ec480000,0x00000000ec678048,0x00000000ec680000)
  to   space 2048K, 0% used [0x00000000ec280000,0x00000000ec280000,0x00000000ec480000)
 ParOldGen       total 31744K, used 6947K [0x00000000c0000000, 0x00000000c1f00000, 0x00000000eaa80000)
  object space 31744K, 21% used [0x00000000c0000000,0x00000000c06c8d88,0x00000000c1f00000)
 PSPermGen       total 21504K, used 5673K [0x00000000b5a00000, 0x00000000b6f00000, 0x00000000c0000000)
  object space 21504K, 26% used [0x00000000b5a00000,0x00000000b5f8a518,0x00000000b6f00000)
}
Event: 3.962 GC heap before
{Heap before GC invocations=5 (full 0):
 PSYoungGen      total 26624K, used 26592K [0x00000000eaa80000, 0x00000000ec680000, 0x0000000100000000)
  eden space 24576K, 100% used [0x00000000eaa80000,0x00000000ec280000,0x00000000ec280000)
  from space 2048K, 98% used [0x00000000ec480000,0x00000000ec678048,0x00000000ec680000)
  to   space 2048K, 0% used [0x00000000ec280000,0x00000000ec280000,0x00000000ec480000)
 ParOldGen       total 31744K, used 6947K [0x00000000c0000000, 0x00000000c1f00000, 0x00000000eaa80000)
  object space 31744K, 21% used [0x00000000c0000000,0x00000000c06c8d88,0x00000000c1f00000)
 PSPermGen       total 21504K, used 5708K [0x00000000b5a00000, 0x00000000b6f00000, 0x00000000c0000000)
  object space 21504K, 26% used [0x00000000b5a00000,0x00000000b5f93200,0x00000000b6f00000)
Event: 3.993 GC heap after
Heap after GC invocations=5 (full 0):
 PSYoungGen      total 26624K, used 2016K [0x00000000eaa80000, 0x00000000ee680000, 0x0000000100000000)
  eden space 24576K, 0% used [0x00000000eaa80000,0x00000000eaa80000,0x00000000ec280000)
  from space 2048K, 98% used [0x00000000ec280000,0x00000000ec478048,0x00000000ec480000)
  to   space 6144K, 0% used [0x00000000ee080000,0x00000000ee080000,0x00000000ee680000)
 ParOldGen       total 31744K, used 11346K [0x00000000c0000000, 0x00000000c1f00000, 0x00000000eaa80000)
  object space 31744K, 35% used [0x00000000c0000000,0x00000000c0b14ac0,0x00000000c1f00000)
 PSPermGen       total 21504K, used 5708K [0x00000000b5a00000, 0x00000000b6f00000, 0x00000000c0000000)
  object space 21504K, 26% used [0x00000000b5a00000,0x00000000b5f93200,0x00000000b6f00000)
}
Event: 4.797 GC heap before
{Heap before GC invocations=6 (full 0):
 PSYoungGen      total 26624K, used 26592K [0x00000000eaa80000, 0x00000000ee680000, 0x0000000100000000)
  eden space 24576K, 100% used [0x00000000eaa80000,0x00000000ec280000,0x00000000ec280000)
  from space 2048K, 98% used [0x00000000ec280000,0x00000000ec478048,0x00000000ec480000)
  to   space 6144K, 0% used [0x00000000ee080000,0x00000000ee080000,0x00000000ee680000)
 ParOldGen       total 31744K, used 11346K [0x00000000c0000000, 0x00000000c1f00000, 0x00000000eaa80000)
  object space 31744K, 35% used [0x00000000c0000000,0x00000000c0b14ac0,0x00000000c1f00000)
 PSPermGen       total 21504K, used 5716K [0x00000000b5a00000, 0x00000000b6f00000, 0x00000000c0000000)
  object space 21504K, 26% used [0x00000000b5a00000,0x00000000b5f95180,0x00000000b6f00000)
Event: 4.817 GC heap after
Heap after GC invocations=6 (full 0):
 PSYoungGen      total 54784K, used 5312K [0x00000000eaa80000, 0x00000000ee780000, 0x0000000100000000)
  eden space 48640K, 0% used [0x00000000eaa80000,0x00000000eaa80000,0x00000000eda00000)
  from space 6144K, 86% used [0x00000000ee080000,0x00000000ee5b0028,0x00000000ee680000)
  to   space 6656K, 0% used [0x00000000eda00000,0x00000000eda00000,0x00000000ee080000)
 ParOldGen       total 31744K, used 11346K [0x00000000c0000000, 0x00000000c1f00000, 0x00000000eaa80000)
  object space 31744K, 35% used [0x00000000c0000000,0x00000000c0b14ac0,0x00000000c1f00000)
 PSPermGen       total 21504K, used 5716K [0x00000000b5a00000, 0x00000000b6f00000, 0x00000000c0000000)
  object space 21504K, 26% used [0x00000000b5a00000,0x00000000b5f95180,0x00000000b6f00000)
}
Event: 6.290 GC heap before
{Heap before GC invocations=7 (full 0):
 PSYoungGen      total 54784K, used 53952K [0x00000000eaa80000, 0x00000000ee780000, 0x0000000100000000)
  eden space 48640K, 100% used [0x00000000eaa80000,0x00000000eda00000,0x00000000eda00000)
  from space 6144K, 86% used [0x00000000ee080000,0x00000000ee5b0028,0x00000000ee680000)
  to   space 6656K, 0% used [0x00000000eda00000,0x00000000eda00000,0x00000000ee080000)
 ParOldGen       total 31744K, used 11346K [0x00000000c0000000, 0x00000000c1f00000, 0x00000000eaa80000)
  object space 31744K, 35% used [0x00000000c0000000,0x00000000c0b14ac0,0x00000000c1f00000)
 PSPermGen       total 21504K, used 5745K [0x00000000b5a00000, 0x00000000b6f00000, 0x00000000c0000000)
  object space 21504K, 26% used [0x00000000b5a00000,0x00000000b5f9c7a8,0x00000000b6f00000)
Event: 6.339 GC heap after
Heap after GC invocations=7 (full 0):
 PSYoungGen      total 55296K, used 6633K [0x00000000eaa80000, 0x00000000f1c80000, 0x0000000100000000)
  eden space 48640K, 0% used [0x00000000eaa80000,0x00000000eaa80000,0x00000000eda00000)
  from space 6656K, 99% used [0x00000000eda00000,0x00000000ee07a438,0x00000000ee080000)
  to   space 9728K, 0% used [0x00000000f1300000,0x00000000f1300000,0x00000000f1c80000)
 ParOldGen       total 31744K, used 16467K [0x00000000c0000000, 0x00000000c1f00000, 0x00000000eaa80000)
  object space 31744K, 51% used [0x00000000c0000000,0x00000000c1014fa0,0x00000000c1f00000)
 PSPermGen       total 21504K, used 5745K [0x00000000b5a00000, 0x00000000b6f00000, 0x00000000c0000000)
  object space 21504K, 26% used [0x00000000b5a00000,0x00000000b5f9c7a8,0x00000000b6f00000)
}
Event: 7.160 GC heap before
{Heap before GC invocations=8 (full 0):
 PSYoungGen      total 55296K, used 55273K [0x00000000eaa80000, 0x00000000f1c80000, 0x0000000100000000)
  eden space 48640K, 100% used [0x00000000eaa80000,0x00000000eda00000,0x00000000eda00000)
  from space 6656K, 99% used [0x00000000eda00000,0x00000000ee07a438,0x00000000ee080000)
  to   space 9728K, 0% used [0x00000000f1300000,0x00000000f1300000,0x00000000f1c80000)
 ParOldGen       total 31744K, used 16467K [0x00000000c0000000, 0x00000000c1f00000, 0x00000000eaa80000)
  object space 31744K, 51% used [0x00000000c0000000,0x00000000c1014fa0,0x00000000c1f00000)
 PSPermGen       total 21504K, used 5783K [0x00000000b5a00000, 0x00000000b6f00000, 0x00000000c0000000)
  object space 21504K, 26% used [0x00000000b5a00000,0x00000000b5fa5f30,0x00000000b6f00000)
Event: 7.197 GC heap after
Heap after GC invocations=8 (full 0):
 PSYoungGen      total 102912K, used 9704K [0x00000000eaa80000, 0x00000000f2480000, 0x0000000100000000)
  eden space 93184K, 0% used [0x00000000eaa80000,0x00000000eaa80000,0x00000000f0580000)
  from space 9728K, 99% used [0x00000000f1300000,0x00000000f1c7a220,0x00000000f1c80000)
  to   space 13824K, 0% used [0x00000000f0580000,0x00000000f0580000,0x00000000f1300000)
 ParOldGen       total 31744K, used 21848K [0x00000000c0000000, 0x00000000c1f00000, 0x00000000eaa80000)
  object space 31744K, 68% used [0x00000000c0000000,0x00000000c1556368,0x00000000c1f00000)
 PSPermGen       total 21504K, used 5783K [0x00000000b5a00000, 0x00000000b6f00000, 0x00000000c0000000)
  object space 21504K, 26% used [0x00000000b5a00000,0x00000000b5fa5f30,0x00000000b6f00000)
}
Event: 8.794 GC heap before
{Heap before GC invocations=9 (full 0):
 PSYoungGen      total 102912K, used 102888K [0x00000000eaa80000, 0x00000000f2480000, 0x0000000100000000)
  eden space 93184K, 100% used [0x00000000eaa80000,0x00000000f0580000,0x00000000f0580000)
  from space 9728K, 99% used [0x00000000f1300000,0x00000000f1c7a220,0x00000000f1c80000)
  to   space 13824K, 0% used [0x00000000f0580000,0x00000000f0580000,0x00000000f1300000)
 ParOldGen       total 31744K, used 21848K [0x00000000c0000000, 0x00000000c1f00000, 0x00000000eaa80000)
  object space 31744K, 68% used [0x00000000c0000000,0x00000000c1556368,0x00000000c1f00000)
 PSPermGen       total 21504K, used 5843K [0x00000000b5a00000, 0x00000000b6f00000, 0x00000000c0000000)
  object space 21504K, 27% used [0x00000000b5a00000,0x00000000b5fb4e30,0x00000000b6f00000)

