# JRE version: OpenJDK Runtime Environment (7.0_91-b02) (build 1.7.0_91-b02)
# Java VM: OpenJDK 64-Bit Server VM (24.91-b01 mixed mode linux-amd64 compressed oops)
Heap
 PSYoungGen      total 87040K, used 23025K [0x00000000eaa80000, 0x00000000f2100000, 0x0000000100000000)
  eden space 64000K, 0% used [0x00000000eaa80000,0x00000000eaa80000,0x00000000ee900000)
  from space 23040K, 99% used [0x00000000ee900000,0x00000000eff7c730,0x00000000eff80000)
  to   space 23040K, 0% used [0x00000000eff80000,0x00000000eff80000,0x00000000f1600000)
 ParOldGen       total 74240K, used 73932K [0x00000000c0000000, 0x00000000c4880000, 0x00000000eaa80000)
  object space 74240K, 99% used [0x00000000c0000000,0x00000000c4833198,0x00000000c4880000)
 PSPermGen       total 21504K, used 5717K [0x00000000b5a00000, 0x00000000b6f00000, 0x00000000c0000000)
  object space 21504K, 26% used [0x00000000b5a00000,0x00000000b5f956f8,0x00000000b6f00000)
GC Heap History (10 events):
Event: 3.079 GC heap after
Heap after GC invocations=3 (full 0):
 PSYoungGen      total 26624K, used 2041K [0x00000000eaa80000, 0x00000000ede80000, 0x0000000100000000)
  eden space 24576K, 0% used [0x00000000eaa80000,0x00000000eaa80000,0x00000000ec280000)
  from space 2048K, 99% used [0x00000000ec280000,0x00000000ec47e6b0,0x00000000ec480000)
  to   space 2048K, 0% used [0x00000000edc80000,0x00000000edc80000,0x00000000ede80000)
 ParOldGen       total 31744K, used 26540K [0x00000000c0000000, 0x00000000c1f00000, 0x00000000eaa80000)
  object space 31744K, 83% used [0x00000000c0000000,0x00000000c19eb190,0x00000000c1f00000)
 PSPermGen       total 21504K, used 5557K [0x00000000b5a00000, 0x00000000b6f00000, 0x00000000c0000000)
  object space 21504K, 25% used [0x00000000b5a00000,0x00000000b5f6d5f8,0x00000000b6f00000)
}
Event: 3.079 GC heap before
{Heap before GC invocations=4 (full 1):
 PSYoungGen      total 26624K, used 2041K [0x00000000eaa80000, 0x00000000ede80000, 0x0000000100000000)
  eden space 24576K, 0% used [0x00000000eaa80000,0x00000000eaa80000,0x00000000ec280000)
  from space 2048K, 99% used [0x00000000ec280000,0x00000000ec47e6b0,0x00000000ec480000)
  to   space 2048K, 0% used [0x00000000edc80000,0x00000000edc80000,0x00000000ede80000)
 ParOldGen       total 31744K, used 26540K [0x00000000c0000000, 0x00000000c1f00000, 0x00000000eaa80000)
  object space 31744K, 83% used [0x00000000c0000000,0x00000000c19eb190,0x00000000c1f00000)
 PSPermGen       total 21504K, used 5557K [0x00000000b5a00000, 0x00000000b6f00000, 0x00000000c0000000)
  object space 21504K, 25% used [0x00000000b5a00000,0x00000000b5f6d5f8,0x00000000b6f00000)
Event: 3.274 GC heap after
Heap after GC invocations=4 (full 1):
 PSYoungGen      total 26624K, used 0K [0x00000000eaa80000, 0x00000000ede80000, 0x0000000100000000)
  eden space 24576K, 0% used [0x00000000eaa80000,0x00000000eaa80000,0x00000000ec280000)
  from space 2048K, 0% used [0x00000000ec280000,0x00000000ec280000,0x00000000ec480000)
  to   space 2048K, 0% used [0x00000000edc80000,0x00000000edc80000,0x00000000ede80000)
 ParOldGen       total 65024K, used 26064K [0x00000000c0000000, 0x00000000c3f80000, 0x00000000eaa80000)
  object space 65024K, 40% used [0x00000000c0000000,0x00000000c19741f8,0x00000000c3f80000)
 PSPermGen       total 21504K, used 5555K [0x00000000b5a00000, 0x00000000b6f00000, 0x00000000c0000000)
  object space 21504K, 25% used [0x00000000b5a00000,0x00000000b5f6cf40,0x00000000b6f00000)
}
Event: 3.280 GC heap before
{Heap before GC invocations=5 (full 1):
 PSYoungGen      total 26624K, used 24576K [0x00000000eaa80000, 0x00000000ede80000, 0x0000000100000000)
  eden space 24576K, 100% used [0x00000000eaa80000,0x00000000ec280000,0x00000000ec280000)
  from space 2048K, 0% used [0x00000000ec280000,0x00000000ec280000,0x00000000ec480000)
  to   space 2048K, 0% used [0x00000000edc80000,0x00000000edc80000,0x00000000ede80000)
 ParOldGen       total 65024K, used 26064K [0x00000000c0000000, 0x00000000c3f80000, 0x00000000eaa80000)
  object space 65024K, 40% used [0x00000000c0000000,0x00000000c19741f8,0x00000000c3f80000)
 PSPermGen       total 21504K, used 5555K [0x00000000b5a00000, 0x00000000b6f00000, 0x00000000c0000000)
  object space 21504K, 25% used [0x00000000b5a00000,0x00000000b5f6cf40,0x00000000b6f00000)
Event: 3.306 GC heap after
Heap after GC invocations=5 (full 1):
 PSYoungGen      total 42496K, used 2048K [0x00000000eaa80000, 0x00000000ede80000, 0x0000000100000000)
  eden space 40448K, 0% used [0x00000000eaa80000,0x00000000eaa80000,0x00000000ed200000)
  from space 2048K, 100% used [0x00000000edc80000,0x00000000ede80000,0x00000000ede80000)
  to   space 2048K, 0% used [0x00000000eda80000,0x00000000eda80000,0x00000000edc80000)
 ParOldGen       total 65024K, used 38760K [0x00000000c0000000, 0x00000000c3f80000, 0x00000000eaa80000)
  object space 65024K, 59% used [0x00000000c0000000,0x00000000c25da1f8,0x00000000c3f80000)
 PSPermGen       total 21504K, used 5555K [0x00000000b5a00000, 0x00000000b6f00000, 0x00000000c0000000)
  object space 21504K, 25% used [0x00000000b5a00000,0x00000000b5f6cf40,0x00000000b6f00000)
}
Event: 4.582 GC heap before
{Heap before GC invocations=6 (full 1):
 PSYoungGen      total 42496K, used 42496K [0x00000000eaa80000, 0x00000000ede80000, 0x0000000100000000)
  eden space 40448K, 100% used [0x00000000eaa80000,0x00000000ed200000,0x00000000ed200000)
  from space 2048K, 100% used [0x00000000edc80000,0x00000000ede80000,0x00000000ede80000)
  to   space 2048K, 0% used [0x00000000eda80000,0x00000000eda80000,0x00000000edc80000)
 ParOldGen       total 65024K, used 38760K [0x00000000c0000000, 0x00000000c3f80000, 0x00000000eaa80000)
  object space 65024K, 59% used [0x00000000c0000000,0x00000000c25da1f8,0x00000000c3f80000)
 PSPermGen       total 21504K, used 5603K [0x00000000b5a00000, 0x00000000b6f00000, 0x00000000c0000000)
  object space 21504K, 26% used [0x00000000b5a00000,0x00000000b5f78e28,0x00000000b6f00000)
Event: 4.602 GC heap after
Heap after GC invocations=6 (full 1):
 PSYoungGen      total 51200K, used 2048K [0x00000000eaa80000, 0x00000000f1600000, 0x0000000100000000)
  eden space 49152K, 0% used [0x00000000eaa80000,0x00000000eaa80000,0x00000000eda80000)
  from space 2048K, 100% used [0x00000000eda80000,0x00000000edc80000,0x00000000edc80000)
  to   space 23040K, 0% used [0x00000000eff80000,0x00000000eff80000,0x00000000f1600000)
 ParOldGen       total 65024K, used 43890K [0x00000000c0000000, 0x00000000c3f80000, 0x00000000eaa80000)
  object space 65024K, 67% used [0x00000000c0000000,0x00000000c2adc8a8,0x00000000c3f80000)
 PSPermGen       total 21504K, used 5603K [0x00000000b5a00000, 0x00000000b6f00000, 0x00000000c0000000)
  object space 21504K, 26% used [0x00000000b5a00000,0x00000000b5f78e28,0x00000000b6f00000)
}
Event: 6.922 GC heap before
{Heap before GC invocations=7 (full 1):
 PSYoungGen      total 51200K, used 51200K [0x00000000eaa80000, 0x00000000f1600000, 0x0000000100000000)
  eden space 49152K, 100% used [0x00000000eaa80000,0x00000000eda80000,0x00000000eda80000)
  from space 2048K, 100% used [0x00000000eda80000,0x00000000edc80000,0x00000000edc80000)
  to   space 23040K, 0% used [0x00000000eff80000,0x00000000eff80000,0x00000000f1600000)
 ParOldGen       total 65024K, used 43890K [0x00000000c0000000, 0x00000000c3f80000, 0x00000000eaa80000)
  object space 65024K, 67% used [0x00000000c0000000,0x00000000c2adc8a8,0x00000000c3f80000)
 PSPermGen       total 21504K, used 5693K [0x00000000b5a00000, 0x00000000b6f00000, 0x00000000c0000000)
  object space 21504K, 26% used [0x00000000b5a00000,0x00000000b5f8f738,0x00000000b6f00000)
Event: 6.968 GC heap after
Heap after GC invocations=7 (full 1):
 PSYoungGen      total 87040K, used 14487K [0x00000000eaa80000, 0x00000000f2100000, 0x0000000100000000)
  eden space 64000K, 0% used [0x00000000eaa80000,0x00000000eaa80000,0x00000000ee900000)
  from space 23040K, 62% used [0x00000000eff80000,0x00000000f0da5f08,0x00000000f1600000)
  to   space 23040K, 0% used [0x00000000ee900000,0x00000000ee900000,0x00000000eff80000)
 ParOldGen       total 65024K, used 43890K [0x00000000c0000000, 0x00000000c3f80000, 0x00000000eaa80000)
  object space 65024K, 67% used [0x00000000c0000000,0x00000000c2adc8a8,0x00000000c3f80000)
 PSPermGen       total 21504K, used 5693K [0x00000000b5a00000, 0x00000000b6f00000, 0x00000000c0000000)
  object space 21504K, 26% used [0x00000000b5a00000,0x00000000b5f8f738,0x00000000b6f00000)
}
Event: 8.436 GC heap before
{Heap before GC invocations=8 (full 1):
 PSYoungGen      total 87040K, used 78487K [0x00000000eaa80000, 0x00000000f2100000, 0x0000000100000000)
  eden space 64000K, 100% used [0x00000000eaa80000,0x00000000ee900000,0x00000000ee900000)
  from space 23040K, 62% used [0x00000000eff80000,0x00000000f0da5f08,0x00000000f1600000)
  to   space 23040K, 0% used [0x00000000ee900000,0x00000000ee900000,0x00000000eff80000)
 ParOldGen       total 65024K, used 43890K [0x00000000c0000000, 0x00000000c3f80000, 0x00000000eaa80000)
  object space 65024K, 67% used [0x00000000c0000000,0x00000000c2adc8a8,0x00000000c3f80000)
 PSPermGen       total 21504K, used 5717K [0x00000000b5a00000, 0x00000000b6f00000, 0x00000000c0000000)
  object space 21504K, 26% used [0x00000000b5a00000,0x00000000b5f956f8,0x00000000b6f00000)

