# JRE version: OpenJDK Runtime Environment (7.0_91-b02) (build 1.7.0_91-b02)
# Java VM: OpenJDK 64-Bit Server VM (24.91-b01 mixed mode linux-amd64 compressed oops)
Heap
 PSYoungGen      total 109568K, used 12287K [0x00000000eaa80000, 0x00000000f2280000, 0x0000000100000000)
  eden space 97280K, 0% used [0x00000000eaa80000,0x00000000eaa80000,0x00000000f0980000)
  from space 12288K, 99% used [0x00000000f0980000,0x00000000f157fda0,0x00000000f1580000)
  to   space 11264K, 0% used [0x00000000f1580000,0x00000000f1580000,0x00000000f2080000)
 ParOldGen       total 34304K, used 34225K [0x00000000c0000000, 0x00000000c2180000, 0x00000000eaa80000)
  object space 34304K, 99% used [0x00000000c0000000,0x00000000c216c7b0,0x00000000c2180000)
 PSPermGen       total 21504K, used 5840K [0x00000000b5a00000, 0x00000000b6f00000, 0x00000000c0000000)
  object space 21504K, 27% used [0x00000000b5a00000,0x00000000b5fb41d8,0x00000000b6f00000)
GC Heap History (10 events):
Event: 3.673 GC heap after
Heap after GC invocations=2 (full 0):
 PSYoungGen      total 26624K, used 2023K [0x00000000eaa80000, 0x00000000ec680000, 0x0000000100000000)
  eden space 24576K, 0% used [0x00000000eaa80000,0x00000000eaa80000,0x00000000ec280000)
  from space 2048K, 98% used [0x00000000ec480000,0x00000000ec679c68,0x00000000ec680000)
  to   space 2048K, 0% used [0x00000000ec280000,0x00000000ec280000,0x00000000ec480000)
 ParOldGen       total 31744K, used 3085K [0x00000000c0000000, 0x00000000c1f00000, 0x00000000eaa80000)
  object space 31744K, 9% used [0x00000000c0000000,0x00000000c03035f8,0x00000000c1f00000)
 PSPermGen       total 21504K, used 5579K [0x00000000b5a00000, 0x00000000b6f00000, 0x00000000c0000000)
  object space 21504K, 25% used [0x00000000b5a00000,0x00000000b5f72d68,0x00000000b6f00000)
}
Event: 8.201 GC heap before
{Heap before GC invocations=3 (full 0):
 PSYoungGen      total 26624K, used 26599K [0x00000000eaa80000, 0x00000000ec680000, 0x0000000100000000)
  eden space 24576K, 100% used [0x00000000eaa80000,0x00000000ec280000,0x00000000ec280000)
  from space 2048K, 98% used [0x00000000ec480000,0x00000000ec679c68,0x00000000ec680000)
  to   space 2048K, 0% used [0x00000000ec280000,0x00000000ec280000,0x00000000ec480000)
 ParOldGen       total 31744K, used 3085K [0x00000000c0000000, 0x00000000c1f00000, 0x00000000eaa80000)
  object space 31744K, 9% used [0x00000000c0000000,0x00000000c03035f8,0x00000000c1f00000)
 PSPermGen       total 21504K, used 5705K [0x00000000b5a00000, 0x00000000b6f00000, 0x00000000c0000000)
  object space 21504K, 26% used [0x00000000b5a00000,0x00000000b5f92420,0x00000000b6f00000)
Event: 8.302 GC heap after
Heap after GC invocations=3 (full 0):
 PSYoungGen      total 26624K, used 2016K [0x00000000eaa80000, 0x00000000ede80000, 0x0000000100000000)
  eden space 24576K, 0% used [0x00000000eaa80000,0x00000000eaa80000,0x00000000ec280000)
  from space 2048K, 98% used [0x00000000ec280000,0x00000000ec478028,0x00000000ec480000)
  to   space 2048K, 0% used [0x00000000edc80000,0x00000000edc80000,0x00000000ede80000)
 ParOldGen       total 31744K, used 7212K [0x00000000c0000000, 0x00000000c1f00000, 0x00000000eaa80000)
  object space 31744K, 22% used [0x00000000c0000000,0x00000000c070b220,0x00000000c1f00000)
 PSPermGen       total 21504K, used 5705K [0x00000000b5a00000, 0x00000000b6f00000, 0x00000000c0000000)
  object space 21504K, 26% used [0x00000000b5a00000,0x00000000b5f92420,0x00000000b6f00000)
}
Event: 10.694 GC heap before
{Heap before GC invocations=4 (full 0):
 PSYoungGen      total 26624K, used 26592K [0x00000000eaa80000, 0x00000000ede80000, 0x0000000100000000)
  eden space 24576K, 100% used [0x00000000eaa80000,0x00000000ec280000,0x00000000ec280000)
  from space 2048K, 98% used [0x00000000ec280000,0x00000000ec478028,0x00000000ec480000)
  to   space 2048K, 0% used [0x00000000edc80000,0x00000000edc80000,0x00000000ede80000)
 ParOldGen       total 31744K, used 7212K [0x00000000c0000000, 0x00000000c1f00000, 0x00000000eaa80000)
  object space 31744K, 22% used [0x00000000c0000000,0x00000000c070b220,0x00000000c1f00000)
 PSPermGen       total 21504K, used 5735K [0x00000000b5a00000, 0x00000000b6f00000, 0x00000000c0000000)
  object space 21504K, 26% used [0x00000000b5a00000,0x00000000b5f99f68,0x00000000b6f00000)
Event: 10.766 GC heap after
Heap after GC invocations=4 (full 0):
 PSYoungGen      total 51200K, used 2032K [0x00000000eaa80000, 0x00000000ede80000, 0x0000000100000000)
  eden space 49152K, 0% used [0x00000000eaa80000,0x00000000eaa80000,0x00000000eda80000)
  from space 2048K, 99% used [0x00000000edc80000,0x00000000ede7c3b0,0x00000000ede80000)
  to   space 2048K, 0% used [0x00000000eda80000,0x00000000eda80000,0x00000000edc80000)
 ParOldGen       total 31744K, used 11801K [0x00000000c0000000, 0x00000000c1f00000, 0x00000000eaa80000)
  object space 31744K, 37% used [0x00000000c0000000,0x00000000c0b86500,0x00000000c1f00000)
 PSPermGen       total 21504K, used 5735K [0x00000000b5a00000, 0x00000000b6f00000, 0x00000000c0000000)
  object space 21504K, 26% used [0x00000000b5a00000,0x00000000b5f99f68,0x00000000b6f00000)
}
Event: 14.017 GC heap before
{Heap before GC invocations=5 (full 0):
 PSYoungGen      total 51200K, used 51184K [0x00000000eaa80000, 0x00000000ede80000, 0x0000000100000000)
  eden space 49152K, 100% used [0x00000000eaa80000,0x00000000eda80000,0x00000000eda80000)
  from space 2048K, 99% used [0x00000000edc80000,0x00000000ede7c3b0,0x00000000ede80000)
  to   space 2048K, 0% used [0x00000000eda80000,0x00000000eda80000,0x00000000edc80000)
 ParOldGen       total 31744K, used 11801K [0x00000000c0000000, 0x00000000c1f00000, 0x00000000eaa80000)
  object space 31744K, 37% used [0x00000000c0000000,0x00000000c0b86500,0x00000000c1f00000)
 PSPermGen       total 21504K, used 5790K [0x00000000b5a00000, 0x00000000b6f00000, 0x00000000c0000000)
  object space 21504K, 26% used [0x00000000b5a00000,0x00000000b5fa7b30,0x00000000b6f00000)
Event: 14.075 GC heap after
Heap after GC invocations=5 (full 0):
 PSYoungGen      total 51200K, used 2032K [0x00000000eaa80000, 0x00000000f2080000, 0x0000000100000000)
  eden space 49152K, 0% used [0x00000000eaa80000,0x00000000eaa80000,0x00000000eda80000)
  from space 2048K, 99% used [0x00000000eda80000,0x00000000edc7c3b0,0x00000000edc80000)
  to   space 11264K, 0% used [0x00000000f1580000,0x00000000f1580000,0x00000000f2080000)
 ParOldGen       total 31744K, used 20273K [0x00000000c0000000, 0x00000000c1f00000, 0x00000000eaa80000)
  object space 31744K, 63% used [0x00000000c0000000,0x00000000c13cc6f8,0x00000000c1f00000)
 PSPermGen       total 21504K, used 5790K [0x00000000b5a00000, 0x00000000b6f00000, 0x00000000c0000000)
  object space 21504K, 26% used [0x00000000b5a00000,0x00000000b5fa7b30,0x00000000b6f00000)
}
Event: 15.878 GC heap before
{Heap before GC invocations=6 (full 0):
 PSYoungGen      total 51200K, used 51184K [0x00000000eaa80000, 0x00000000f2080000, 0x0000000100000000)
  eden space 49152K, 100% used [0x00000000eaa80000,0x00000000eda80000,0x00000000eda80000)
  from space 2048K, 99% used [0x00000000eda80000,0x00000000edc7c3b0,0x00000000edc80000)
  to   space 11264K, 0% used [0x00000000f1580000,0x00000000f1580000,0x00000000f2080000)
 ParOldGen       total 31744K, used 20273K [0x00000000c0000000, 0x00000000c1f00000, 0x00000000eaa80000)
  object space 31744K, 63% used [0x00000000c0000000,0x00000000c13cc6f8,0x00000000c1f00000)
 PSPermGen       total 21504K, used 5815K [0x00000000b5a00000, 0x00000000b6f00000, 0x00000000c0000000)
  object space 21504K, 27% used [0x00000000b5a00000,0x00000000b5fade18,0x00000000b6f00000)
Event: 16.470 GC heap after
Heap after GC invocations=6 (full 0):
 PSYoungGen      total 108544K, used 9867K [0x00000000eaa80000, 0x00000000f2280000, 0x0000000100000000)
  eden space 97280K, 0% used [0x00000000eaa80000,0x00000000eaa80000,0x00000000f0980000)
  from space 11264K, 87% used [0x00000000f1580000,0x00000000f1f22c50,0x00000000f2080000)
  to   space 12288K, 0% used [0x00000000f0980000,0x00000000f0980000,0x00000000f1580000)
 ParOldGen       total 31744K, used 20273K [0x00000000c0000000, 0x00000000c1f00000, 0x00000000eaa80000)
  object space 31744K, 63% used [0x00000000c0000000,0x00000000c13cc6f8,0x00000000c1f00000)
 PSPermGen       total 21504K, used 5815K [0x00000000b5a00000, 0x00000000b6f00000, 0x00000000c0000000)
  object space 21504K, 27% used [0x00000000b5a00000,0x00000000b5fade18,0x00000000b6f00000)
}
Event: 22.281 GC heap before
{Heap before GC invocations=7 (full 0):
 PSYoungGen      total 108544K, used 107147K [0x00000000eaa80000, 0x00000000f2280000, 0x0000000100000000)
  eden space 97280K, 100% used [0x00000000eaa80000,0x00000000f0980000,0x00000000f0980000)
  from space 11264K, 87% used [0x00000000f1580000,0x00000000f1f22c50,0x00000000f2080000)
  to   space 12288K, 0% used [0x00000000f0980000,0x00000000f0980000,0x00000000f1580000)
 ParOldGen       total 31744K, used 20273K [0x00000000c0000000, 0x00000000c1f00000, 0x00000000eaa80000)
  object space 31744K, 63% used [0x00000000c0000000,0x00000000c13cc6f8,0x00000000c1f00000)
 PSPermGen       total 21504K, used 5840K [0x00000000b5a00000, 0x00000000b6f00000, 0x00000000c0000000)
  object space 21504K, 27% used [0x00000000b5a00000,0x00000000b5fb41d8,0x00000000b6f00000)

